INFO: [HLS 200-10] Running '/tools/Xilinx/Vitis_HLS/2021.1/bin/unwrapped/lnx64.o/vitis_hls'
INFO: [HLS 200-10] For user 'henrikhestnes' on host 'ubuntu' (Linux_x86_64 version 5.4.0-88-generic) on Sun Oct 03 19:33:14 PDT 2021
INFO: [HLS 200-10] On os Ubuntu 20.04.3 LTS
INFO: [HLS 200-10] In directory '/home/henrikhestnes/Documents/CSE-237C-Validation-and-Testing-of-Embedded-Systems/project1/fir128_optimized1'
Sourcing Tcl script '/home/henrikhestnes/Documents/CSE-237C-Validation-and-Testing-of-Embedded-Systems/project1/fir128_optimized1/baseline/solution1/csynth.tcl'
INFO: [HLS 200-1510] Running: open_project baseline 
INFO: [HLS 200-10] Opening project '/home/henrikhestnes/Documents/CSE-237C-Validation-and-Testing-of-Embedded-Systems/project1/fir128_optimized1/baseline'.
INFO: [HLS 200-1510] Running: set_top fir 
INFO: [HLS 200-1510] Running: add_files fir.h 
INFO: [HLS 200-10] Adding design file 'fir.h' to the project
INFO: [HLS 200-1510] Running: add_files fir.cpp 
INFO: [HLS 200-10] Adding design file 'fir.cpp' to the project
INFO: [HLS 200-1510] Running: add_files -tb input.dat -cflags -Wno-unknown-pragmas -csimflags -Wno-unknown-pragmas 
INFO: [HLS 200-10] Adding test bench file 'input.dat' to the project
INFO: [HLS 200-1510] Running: add_files -tb out.gold.dat -cflags -Wno-unknown-pragmas -csimflags -Wno-unknown-pragmas 
INFO: [HLS 200-10] Adding test bench file 'out.gold.dat' to the project
INFO: [HLS 200-1510] Running: add_files -tb fir_test.cpp -cflags -Wno-unknown-pragmas -csimflags -Wno-unknown-pragmas 
INFO: [HLS 200-10] Adding test bench file 'fir_test.cpp' to the project
INFO: [HLS 200-1510] Running: open_solution solution1 -flow_target vivado 
INFO: [HLS 200-10] Opening solution '/home/henrikhestnes/Documents/CSE-237C-Validation-and-Testing-of-Embedded-Systems/project1/fir128_optimized1/baseline/solution1'.
INFO: [SYN 201-201] Setting up clock 'default' with a period of 10ns.
INFO: [HLS 200-1611] Setting target device to 'xc7z020-clg400-1'
INFO: [HLS 200-1505] Using flow_target 'vivado'
Resolution: For help on HLS 200-1505 see www.xilinx.com/cgi-bin/docs/rdoc?v=2021.1;t=hls+guidance;d=200-1505.html
INFO: [HLS 200-1464] Running solution command: config_export -vivado_clock=10
INFO: [HLS 200-1464] Running solution command: config_export -format=ip_catalog
INFO: [HLS 200-1464] Running solution command: config_export -rtl=verilog
INFO: [HLS 200-1510] Running: set_part xc7z020-clg400-1 
INFO: [HLS 200-1510] Running: create_clock -period 10 -name default 
INFO: [HLS 200-1510] Running: config_export -format ip_catalog -rtl verilog -vivado_clock 10 
INFO: [HLS 200-1510] Running: set_directive_top -name fir fir 
INFO: [HLS 200-1510] Running: csynth_design 
INFO: [HLS 200-111] Finished File checks and directory preparation: CPU user time: 0.02 seconds. CPU system time: 0 seconds. Elapsed time: 0.01 seconds; current allocated memory: 251.871 MB.
INFO: [HLS 200-10] Analyzing design file 'fir.cpp' ... 
WARNING: [HLS 207-5301] unused parameter 'print': /tools/Xilinx/Vitis_HLS/2021.1/common/technology/autopilot/ap_int_base.h:792:16
INFO: [HLS 200-111] Finished Source Code Analysis and Preprocessing: CPU user time: 4.9 seconds. CPU system time: 0.45 seconds. Elapsed time: 4.57 seconds; current allocated memory: 253.211 MB.
INFO: [HLS 200-777] Using interface defaults for 'Vivado' flow target.
INFO: [HLS 214-279] Initial Interval estimation mode is set into default.
INFO: [HLS 214-284] Auto array partition mode is set into default.
INFO: [HLS 214-270] Starting automatic array partition analysis...
INFO: [HLS 200-111] Finished Compiling Optimization and Transform: CPU user time: 4.3 seconds. CPU system time: 0.31 seconds. Elapsed time: 4.63 seconds; current allocated memory: 255.185 MB.
INFO: [HLS 200-111] Finished Checking Pragmas: CPU user time: 0 seconds. CPU system time: 0 seconds. Elapsed time: 0 seconds; current allocated memory: 255.186 MB.
INFO: [HLS 200-10] Starting code transformations ...
INFO: [HLS 200-111] Finished Standard Transforms: CPU user time: 0.03 seconds. CPU system time: 0.01 seconds. Elapsed time: 0.05 seconds; current allocated memory: 262.933 MB.
INFO: [HLS 200-10] Checking synthesizability ...
INFO: [HLS 200-111] Finished Checking Synthesizability: CPU user time: 0.1 seconds. CPU system time: 0.01 seconds. Elapsed time: 0.1 seconds; current allocated memory: 273.160 MB.
INFO: [HLS 200-111] Finished Loop, function and other optimizations: CPU user time: 0.13 seconds. CPU system time: 0.01 seconds. Elapsed time: 0.14 seconds; current allocated memory: 305.124 MB.
INFO: [HLS 200-472] Inferring partial write operation for 'shift_reg.V' (fir.cpp:27:15)
INFO: [HLS 200-472] Inferring partial write operation for 'shift_reg.V' (fir.cpp:30:18)
INFO: [HLS 200-111] Finished Architecture Synthesis: CPU user time: 0.07 seconds. CPU system time: 0 seconds. Elapsed time: 0.07 seconds; current allocated memory: 303.041 MB.
INFO: [HLS 200-10] Starting hardware synthesis ...
INFO: [HLS 200-10] Synthesizing 'fir' ...
INFO: [HLS 200-10] ----------------------------------------------------------------
INFO: [HLS 200-42] -- Implementing module 'fir' 
INFO: [HLS 200-10] ----------------------------------------------------------------
INFO: [SCHED 204-11] Starting scheduling ...
INFO: [HLS 200-486] Changing DSP48 latency (root=ret_1) to 3 in order to utilize available DSP registers.
INFO: [SCHED 204-11] Finished scheduling.
INFO: [HLS 200-111] Finished Scheduling: CPU user time: 0.06 seconds. CPU system time: 0.02 seconds. Elapsed time: 0.08 seconds; current allocated memory: 303.432 MB.
INFO: [BIND 205-100] Starting micro-architecture generation ...
INFO: [BIND 205-101] Performing variable lifetime analysis.
INFO: [BIND 205-101] Exploring resource sharing.
INFO: [BIND 205-101] Binding ...
INFO: [BIND 205-100] Finished micro-architecture generation.
INFO: [HLS 200-111] Finished Binding: CPU user time: 0.05 seconds. CPU system time: 0 seconds. Elapsed time: 0.05 seconds; current allocated memory: 303.689 MB.
INFO: [HLS 200-10] ----------------------------------------------------------------
INFO: [HLS 200-10] -- Generating RTL for module 'fir' 
INFO: [HLS 200-10] ----------------------------------------------------------------
INFO: [RTGEN 206-500] Setting interface mode on port 'fir/y' to 'ap_vld'.
INFO: [RTGEN 206-500] Setting interface mode on port 'fir/x' to 'ap_none'.
INFO: [RTGEN 206-500] Setting interface mode on function 'fir' to 'ap_ctrl_hs'.
INFO: [RTGEN 206-100] Generating core module 'mac_muladd_8s_5s_16s_16_4_1': 1 instance(s).
INFO: [RTGEN 206-100] Finished creating RTL model for 'fir'.
INFO: [HLS 200-111] Finished Creating RTL model: CPU user time: 0.05 seconds. CPU system time: 0.01 seconds. Elapsed time: 0.06 seconds; current allocated memory: 304.138 MB.
INFO: [RTMG 210-278] Implementing memory 'fir_shift_reg_V_ram (RAM)' using auto RAMs with power-on initialization.
INFO: [RTMG 210-279] Implementing memory 'fir_c' using auto ROMs.
INFO: [HLS 200-111] Finished Generating all RTL models: CPU user time: 0.42 seconds. CPU system time: 0.02 seconds. Elapsed time: 0.44 seconds; current allocated memory: 307.538 MB.
INFO: [HLS 200-111] Finished Updating report files: CPU user time: 0.23 seconds. CPU system time: 0.01 seconds. Elapsed time: 0.24 seconds; current allocated memory: 314.087 MB.
INFO: [VHDL 208-304] Generating VHDL RTL for fir.
INFO: [VLOG 209-307] Generating Verilog RTL for fir.
INFO: [HLS 200-790] **** Loop Constraint Status: All loop constraints were satisfied.
INFO: [HLS 200-789] **** Estimated Fmax: 153.66 MHz
INFO: [HLS 200-111] Finished Command csynth_design CPU user time: 10.37 seconds. CPU system time: 0.85 seconds. Elapsed time: 10.45 seconds; current allocated memory: 314.074 MB.
INFO: [HLS 200-112] Total CPU user time: 13.74 seconds. Total CPU system time: 1.43 seconds. Total elapsed time: 12.93 seconds; peak allocated memory: 314.087 MB.
