INFO: [COSIM-47] Using XSIM for RTL simulation.
INFO: [COSIM-14] Instrumenting C test bench ...
   Build using "/tools/Xilinx/Vitis_HLS/2021.1/tps/lnx64/gcc-6.2.0/bin/g++"
   Compiling apatb_fir.cpp
   Compiling (apcc) fir.c_pre.c.tb.c
INFO: [HLS 200-10] Running '/tools/Xilinx/Vivado/2021.1/bin/unwrapped/lnx64.o/apcc'
INFO: [HLS 200-10] For user 'henrikhestnes' on host 'ubuntu' (Linux_x86_64 version 5.4.0-88-generic) on Fri Oct 01 21:01:20 PDT 2021
INFO: [HLS 200-10] On os Ubuntu 20.04.3 LTS
INFO: [HLS 200-10] In directory '/home/henrikhestnes/Documents/CSE237C_Embedded/ug871-design-files/Introduction/lab1/fir_prj/solution1/sim/wrapc'
clang: warning: argument unused during compilation: '-fno-builtin-isinf'
clang: warning: argument unused during compilation: '-fno-builtin-isnan'
INFO: [APCC 202-3] Tmp directory is /tmp/apcc_db_henrikhestnes/282251633147280274900
INFO: [APCC 202-1] APCC is done.
   Compiling (apcc) fir_test.c_pre.c.tb.c
INFO: [HLS 200-10] Running '/tools/Xilinx/Vivado/2021.1/bin/unwrapped/lnx64.o/apcc'
INFO: [HLS 200-10] For user 'henrikhestnes' on host 'ubuntu' (Linux_x86_64 version 5.4.0-88-generic) on Fri Oct 01 21:01:31 PDT 2021
INFO: [HLS 200-10] On os Ubuntu 20.04.3 LTS
INFO: [HLS 200-10] In directory '/home/henrikhestnes/Documents/CSE237C_Embedded/ug871-design-files/Introduction/lab1/fir_prj/solution1/sim/wrapc'
clang: warning: argument unused during compilation: '-fno-builtin-isinf'
clang: warning: argument unused during compilation: '-fno-builtin-isnan'
INFO: [APCC 202-3] Tmp directory is /tmp/apcc_db_henrikhestnes/282911633147291882058
INFO: [APCC 202-1] APCC is done.
   Compiling apatb_fir_ir.ll
   Generating cosim.tv.exe
INFO: [COSIM-302] Starting C TB testing ... 
INFO: [COSIM-333] Generating C post check test bench ...
INFO: [COSIM-12] Generating RTL test bench ...
INFO: [COSIM-1] *** C/RTL co-simulation file generation completed. ***
INFO: [COSIM-323] Starting verilog simulation. 
INFO: [COSIM-15] Starting XSIM ...
INFO: [COSIM-316] Starting C post checking ...
Comparing against output data 
*******************************************
PASS: The output matches the golden output!
*******************************************
Vivado Simulator v2021.1.1
Copyright 1986-1999, 2001-2021 Xilinx, Inc. All Rights Reserved.
Running: /tools/Xilinx/Vivado/2021.1/bin/unwrapped/lnx64.o/xelab xil_defaultlib.apatb_fir_top glbl -Oenable_linking_all_libraries -prj fir.prj -L smartconnect_v1_0 -L axi_protocol_checker_v1_1_12 -L axi_protocol_checker_v1_1_13 -L axis_protocol_checker_v1_1_11 -L axis_protocol_checker_v1_1_12 -L xil_defaultlib -L unisims_ver -L xpm -L floating_point_v7_0_19 -L floating_point_v7_1_12 --lib ieee_proposed=./ieee_proposed -s fir 
Multi-threading is on. Using 6 slave threads.
WARNING: [XSIM 43-3431] One or more environment variables have been detected which affect the operation of the C compiler. These are typically not set in standard installations and are not tested by Xilinx, however they may be appropriate for your system, so the flow will attempt to continue.  If errors occur, try running xelab with the "-mt off -v 1" switches to see more information from the C compiler. The following environment variables have been detected:
    LIBRARY_PATH
INFO: [VRFC 10-2263] Analyzing SystemVerilog file "/home/henrikhestnes/Documents/CSE237C_Embedded/ug871-design-files/Introduction/lab1/fir_prj/solution1/sim/verilog/glbl.v" into library work
INFO: [VRFC 10-311] analyzing module glbl
INFO: [VRFC 10-2263] Analyzing SystemVerilog file "/home/henrikhestnes/Documents/CSE237C_Embedded/ug871-design-files/Introduction/lab1/fir_prj/solution1/sim/verilog/fir.autotb.v" into library xil_defaultlib
INFO: [VRFC 10-311] analyzing module apatb_fir_top
INFO: [VRFC 10-2263] Analyzing SystemVerilog file "/home/henrikhestnes/Documents/CSE237C_Embedded/ug871-design-files/Introduction/lab1/fir_prj/solution1/sim/verilog/fir_mul_32s_32s_32_1_1.v" into library xil_defaultlib
INFO: [VRFC 10-311] analyzing module fir_mul_32s_32s_32_1_1
INFO: [VRFC 10-2263] Analyzing SystemVerilog file "/home/henrikhestnes/Documents/CSE237C_Embedded/ug871-design-files/Introduction/lab1/fir_prj/solution1/sim/verilog/fir_flow_control_loop_pipe.v" into library xil_defaultlib
INFO: [VRFC 10-311] analyzing module fir_flow_control_loop_pipe
INFO: [VRFC 10-2263] Analyzing SystemVerilog file "/home/henrikhestnes/Documents/CSE237C_Embedded/ug871-design-files/Introduction/lab1/fir_prj/solution1/sim/verilog/fir_shift_reg.v" into library xil_defaultlib
INFO: [VRFC 10-311] analyzing module fir_shift_reg
INFO: [VRFC 10-2263] Analyzing SystemVerilog file "/home/henrikhestnes/Documents/CSE237C_Embedded/ug871-design-files/Introduction/lab1/fir_prj/solution1/sim/verilog/fir.v" into library xil_defaultlib
INFO: [VRFC 10-311] analyzing module fir
INFO: [VRFC 10-2263] Analyzing SystemVerilog file "/home/henrikhestnes/Documents/CSE237C_Embedded/ug871-design-files/Introduction/lab1/fir_prj/solution1/sim/verilog/AESL_automem_c.v" into library xil_defaultlib
INFO: [VRFC 10-311] analyzing module AESL_automem_c
INFO: [VRFC 10-2263] Analyzing SystemVerilog file "/home/henrikhestnes/Documents/CSE237C_Embedded/ug871-design-files/Introduction/lab1/fir_prj/solution1/sim/verilog/dataflow_monitor.sv" into library xil_defaultlib
INFO: [VRFC 10-311] analyzing module dataflow_monitor
Starting static elaboration
Pass Through NonSizing Optimizer
Completed static elaboration
Starting simulation data flow analysis
Completed simulation data flow analysis
Time Resolution for simulation is 1ps
Compiling package xil_defaultlib.$unit_dataflow_monitor_sv
Compiling module xil_defaultlib.fir_shift_reg
Compiling module xil_defaultlib.fir_mul_32s_32s_32_1_1(NUM_STAGE...
Compiling module xil_defaultlib.fir_flow_control_loop_pipe
Compiling module xil_defaultlib.fir
Compiling module xil_defaultlib.AESL_automem_c
Compiling module xil_defaultlib.nodf_module_intf
Compiling module xil_defaultlib.upc_loop_intf
Compiling module xil_defaultlib.dataflow_monitor_1
Compiling module xil_defaultlib.apatb_fir_top
Compiling module work.glbl
Built simulation snapshot fir

****** Webtalk v2021.1.1 (64-bit)
  **** SW Build 3286242 on Wed Jul 28 13:09:46 MDT 2021
  **** IP Build 3279568 on Wed Jul 28 16:48:48 MDT 2021
    ** Copyright 1986-2021 Xilinx, Inc. All Rights Reserved.

source /home/henrikhestnes/Documents/CSE237C_Embedded/ug871-design-files/Introduction/lab1/fir_prj/solution1/sim/verilog/xsim.dir/fir/webtalk/xsim_webtalk.tcl -notrace
INFO: [Common 17-206] Exiting Webtalk at Fri Oct  1 21:01:52 2021...

****** xsim v2021.1.1 (64-bit)
  **** SW Build 3286242 on Wed Jul 28 13:09:46 MDT 2021
  **** IP Build 3279568 on Wed Jul 28 16:48:48 MDT 2021
    ** Copyright 1986-2021 Xilinx, Inc. All Rights Reserved.

source xsim.dir/fir/xsim_script.tcl
# xsim {fir} -autoloadwcfg -tclbatch {fir.tcl}
Time resolution is 1 ps
source fir.tcl
## run all
////////////////////////////////////////////////////////////////////////////////////
// Inter-Transaction Progress: Completed Transaction / Total Transaction
// Intra-Transaction Progress: Measured Latency / Latency Estimation * 100%
//
// RTL Simulation : "Inter-Transaction Progress" ["Intra-Transaction Progress"] @ "Simulation Time"
////////////////////////////////////////////////////////////////////////////////////
// RTL Simulation : 0 / 601 [0.00%] @ "125000"
// RTL Simulation : 1 / 601 [100.00%] @ "365000"
// RTL Simulation : 2 / 601 [100.00%] @ "595000"
// RTL Simulation : 3 / 601 [100.00%] @ "825000"
// RTL Simulation : 4 / 601 [100.00%] @ "1055000"
// RTL Simulation : 5 / 601 [100.00%] @ "1285000"
// RTL Simulation : 6 / 601 [100.00%] @ "1515000"
// RTL Simulation : 7 / 601 [100.00%] @ "1745000"
// RTL Simulation : 8 / 601 [100.00%] @ "1975000"
// RTL Simulation : 9 / 601 [100.00%] @ "2205000"
// RTL Simulation : 10 / 601 [100.00%] @ "2435000"
// RTL Simulation : 11 / 601 [100.00%] @ "2665000"
// RTL Simulation : 12 / 601 [100.00%] @ "2895000"
// RTL Simulation : 13 / 601 [100.00%] @ "3125000"
// RTL Simulation : 14 / 601 [100.00%] @ "3355000"
// RTL Simulation : 15 / 601 [100.00%] @ "3585000"
// RTL Simulation : 16 / 601 [100.00%] @ "3815000"
// RTL Simulation : 17 / 601 [100.00%] @ "4045000"
// RTL Simulation : 18 / 601 [100.00%] @ "4275000"
// RTL Simulation : 19 / 601 [100.00%] @ "4505000"
// RTL Simulation : 20 / 601 [100.00%] @ "4735000"
// RTL Simulation : 21 / 601 [100.00%] @ "4965000"
// RTL Simulation : 22 / 601 [100.00%] @ "5195000"
// RTL Simulation : 23 / 601 [100.00%] @ "5425000"
// RTL Simulation : 24 / 601 [100.00%] @ "5655000"
// RTL Simulation : 25 / 601 [100.00%] @ "5885000"
// RTL Simulation : 26 / 601 [100.00%] @ "6115000"
// RTL Simulation : 27 / 601 [100.00%] @ "6345000"
// RTL Simulation : 28 / 601 [100.00%] @ "6575000"
// RTL Simulation : 29 / 601 [100.00%] @ "6805000"
// RTL Simulation : 30 / 601 [100.00%] @ "7035000"
// RTL Simulation : 31 / 601 [100.00%] @ "7265000"
// RTL Simulation : 32 / 601 [100.00%] @ "7495000"
// RTL Simulation : 33 / 601 [100.00%] @ "7725000"
// RTL Simulation : 34 / 601 [100.00%] @ "7955000"
// RTL Simulation : 35 / 601 [100.00%] @ "8185000"
// RTL Simulation : 36 / 601 [100.00%] @ "8415000"
// RTL Simulation : 37 / 601 [100.00%] @ "8645000"
// RTL Simulation : 38 / 601 [100.00%] @ "8875000"
// RTL Simulation : 39 / 601 [100.00%] @ "9105000"
// RTL Simulation : 40 / 601 [100.00%] @ "9335000"
// RTL Simulation : 41 / 601 [100.00%] @ "9565000"
// RTL Simulation : 42 / 601 [100.00%] @ "9795000"
// RTL Simulation : 43 / 601 [100.00%] @ "10025000"
// RTL Simulation : 44 / 601 [100.00%] @ "10255000"
// RTL Simulation : 45 / 601 [100.00%] @ "10485000"
// RTL Simulation : 46 / 601 [100.00%] @ "10715000"
// RTL Simulation : 47 / 601 [100.00%] @ "10945000"
// RTL Simulation : 48 / 601 [100.00%] @ "11175000"
// RTL Simulation : 49 / 601 [100.00%] @ "11405000"
// RTL Simulation : 50 / 601 [100.00%] @ "11635000"
// RTL Simulation : 51 / 601 [100.00%] @ "11865000"
// RTL Simulation : 52 / 601 [100.00%] @ "12095000"
// RTL Simulation : 53 / 601 [100.00%] @ "12325000"
// RTL Simulation : 54 / 601 [100.00%] @ "12555000"
// RTL Simulation : 55 / 601 [100.00%] @ "12785000"
// RTL Simulation : 56 / 601 [100.00%] @ "13015000"
// RTL Simulation : 57 / 601 [100.00%] @ "13245000"
// RTL Simulation : 58 / 601 [100.00%] @ "13475000"
// RTL Simulation : 59 / 601 [100.00%] @ "13705000"
// RTL Simulation : 60 / 601 [100.00%] @ "13935000"
// RTL Simulation : 61 / 601 [100.00%] @ "14165000"
// RTL Simulation : 62 / 601 [100.00%] @ "14395000"
// RTL Simulation : 63 / 601 [100.00%] @ "14625000"
// RTL Simulation : 64 / 601 [100.00%] @ "14855000"
// RTL Simulation : 65 / 601 [100.00%] @ "15085000"
// RTL Simulation : 66 / 601 [100.00%] @ "15315000"
// RTL Simulation : 67 / 601 [100.00%] @ "15545000"
// RTL Simulation : 68 / 601 [100.00%] @ "15775000"
// RTL Simulation : 69 / 601 [100.00%] @ "16005000"
// RTL Simulation : 70 / 601 [100.00%] @ "16235000"
// RTL Simulation : 71 / 601 [100.00%] @ "16465000"
// RTL Simulation : 72 / 601 [100.00%] @ "16695000"
// RTL Simulation : 73 / 601 [100.00%] @ "16925000"
// RTL Simulation : 74 / 601 [100.00%] @ "17155000"
// RTL Simulation : 75 / 601 [100.00%] @ "17385000"
// RTL Simulation : 76 / 601 [100.00%] @ "17615000"
// RTL Simulation : 77 / 601 [100.00%] @ "17845000"
// RTL Simulation : 78 / 601 [100.00%] @ "18075000"
// RTL Simulation : 79 / 601 [100.00%] @ "18305000"
// RTL Simulation : 80 / 601 [100.00%] @ "18535000"
// RTL Simulation : 81 / 601 [100.00%] @ "18765000"
// RTL Simulation : 82 / 601 [100.00%] @ "18995000"
// RTL Simulation : 83 / 601 [100.00%] @ "19225000"
// RTL Simulation : 84 / 601 [100.00%] @ "19455000"
// RTL Simulation : 85 / 601 [100.00%] @ "19685000"
// RTL Simulation : 86 / 601 [100.00%] @ "19915000"
// RTL Simulation : 87 / 601 [100.00%] @ "20145000"
// RTL Simulation : 88 / 601 [100.00%] @ "20375000"
// RTL Simulation : 89 / 601 [100.00%] @ "20605000"
// RTL Simulation : 90 / 601 [100.00%] @ "20835000"
// RTL Simulation : 91 / 601 [100.00%] @ "21065000"
// RTL Simulation : 92 / 601 [100.00%] @ "21295000"
// RTL Simulation : 93 / 601 [100.00%] @ "21525000"
// RTL Simulation : 94 / 601 [100.00%] @ "21755000"
// RTL Simulation : 95 / 601 [100.00%] @ "21985000"
// RTL Simulation : 96 / 601 [100.00%] @ "22215000"
// RTL Simulation : 97 / 601 [100.00%] @ "22445000"
// RTL Simulation : 98 / 601 [100.00%] @ "22675000"
// RTL Simulation : 99 / 601 [100.00%] @ "22905000"
// RTL Simulation : 100 / 601 [100.00%] @ "23135000"
// RTL Simulation : 101 / 601 [100.00%] @ "23365000"
// RTL Simulation : 102 / 601 [100.00%] @ "23595000"
// RTL Simulation : 103 / 601 [100.00%] @ "23825000"
// RTL Simulation : 104 / 601 [100.00%] @ "24055000"
// RTL Simulation : 105 / 601 [100.00%] @ "24285000"
// RTL Simulation : 106 / 601 [100.00%] @ "24515000"
// RTL Simulation : 107 / 601 [100.00%] @ "24745000"
// RTL Simulation : 108 / 601 [100.00%] @ "24975000"
// RTL Simulation : 109 / 601 [100.00%] @ "25205000"
// RTL Simulation : 110 / 601 [100.00%] @ "25435000"
// RTL Simulation : 111 / 601 [100.00%] @ "25665000"
// RTL Simulation : 112 / 601 [100.00%] @ "25895000"
// RTL Simulation : 113 / 601 [100.00%] @ "26125000"
// RTL Simulation : 114 / 601 [100.00%] @ "26355000"
// RTL Simulation : 115 / 601 [100.00%] @ "26585000"
// RTL Simulation : 116 / 601 [100.00%] @ "26815000"
// RTL Simulation : 117 / 601 [100.00%] @ "27045000"
// RTL Simulation : 118 / 601 [100.00%] @ "27275000"
// RTL Simulation : 119 / 601 [100.00%] @ "27505000"
// RTL Simulation : 120 / 601 [100.00%] @ "27735000"
// RTL Simulation : 121 / 601 [100.00%] @ "27965000"
// RTL Simulation : 122 / 601 [100.00%] @ "28195000"
// RTL Simulation : 123 / 601 [100.00%] @ "28425000"
// RTL Simulation : 124 / 601 [100.00%] @ "28655000"
// RTL Simulation : 125 / 601 [100.00%] @ "28885000"
// RTL Simulation : 126 / 601 [100.00%] @ "29115000"
// RTL Simulation : 127 / 601 [100.00%] @ "29345000"
// RTL Simulation : 128 / 601 [100.00%] @ "29575000"
// RTL Simulation : 129 / 601 [100.00%] @ "29805000"
// RTL Simulation : 130 / 601 [100.00%] @ "30035000"
// RTL Simulation : 131 / 601 [100.00%] @ "30265000"
// RTL Simulation : 132 / 601 [100.00%] @ "30495000"
// RTL Simulation : 133 / 601 [100.00%] @ "30725000"
// RTL Simulation : 134 / 601 [100.00%] @ "30955000"
// RTL Simulation : 135 / 601 [100.00%] @ "31185000"
// RTL Simulation : 136 / 601 [100.00%] @ "31415000"
// RTL Simulation : 137 / 601 [100.00%] @ "31645000"
// RTL Simulation : 138 / 601 [100.00%] @ "31875000"
// RTL Simulation : 139 / 601 [100.00%] @ "32105000"
// RTL Simulation : 140 / 601 [100.00%] @ "32335000"
// RTL Simulation : 141 / 601 [100.00%] @ "32565000"
// RTL Simulation : 142 / 601 [100.00%] @ "32795000"
// RTL Simulation : 143 / 601 [100.00%] @ "33025000"
// RTL Simulation : 144 / 601 [100.00%] @ "33255000"
// RTL Simulation : 145 / 601 [100.00%] @ "33485000"
// RTL Simulation : 146 / 601 [100.00%] @ "33715000"
// RTL Simulation : 147 / 601 [100.00%] @ "33945000"
// RTL Simulation : 148 / 601 [100.00%] @ "34175000"
// RTL Simulation : 149 / 601 [100.00%] @ "34405000"
// RTL Simulation : 150 / 601 [100.00%] @ "34635000"
// RTL Simulation : 151 / 601 [100.00%] @ "34865000"
// RTL Simulation : 152 / 601 [100.00%] @ "35095000"
// RTL Simulation : 153 / 601 [100.00%] @ "35325000"
// RTL Simulation : 154 / 601 [100.00%] @ "35555000"
// RTL Simulation : 155 / 601 [100.00%] @ "35785000"
// RTL Simulation : 156 / 601 [100.00%] @ "36015000"
// RTL Simulation : 157 / 601 [100.00%] @ "36245000"
// RTL Simulation : 158 / 601 [100.00%] @ "36475000"
// RTL Simulation : 159 / 601 [100.00%] @ "36705000"
// RTL Simulation : 160 / 601 [100.00%] @ "36935000"
// RTL Simulation : 161 / 601 [100.00%] @ "37165000"
// RTL Simulation : 162 / 601 [100.00%] @ "37395000"
// RTL Simulation : 163 / 601 [100.00%] @ "37625000"
// RTL Simulation : 164 / 601 [100.00%] @ "37855000"
// RTL Simulation : 165 / 601 [100.00%] @ "38085000"
// RTL Simulation : 166 / 601 [100.00%] @ "38315000"
// RTL Simulation : 167 / 601 [100.00%] @ "38545000"
// RTL Simulation : 168 / 601 [100.00%] @ "38775000"
// RTL Simulation : 169 / 601 [100.00%] @ "39005000"
// RTL Simulation : 170 / 601 [100.00%] @ "39235000"
// RTL Simulation : 171 / 601 [100.00%] @ "39465000"
// RTL Simulation : 172 / 601 [100.00%] @ "39695000"
// RTL Simulation : 173 / 601 [100.00%] @ "39925000"
// RTL Simulation : 174 / 601 [100.00%] @ "40155000"
// RTL Simulation : 175 / 601 [100.00%] @ "40385000"
// RTL Simulation : 176 / 601 [100.00%] @ "40615000"
// RTL Simulation : 177 / 601 [100.00%] @ "40845000"
// RTL Simulation : 178 / 601 [100.00%] @ "41075000"
// RTL Simulation : 179 / 601 [100.00%] @ "41305000"
// RTL Simulation : 180 / 601 [100.00%] @ "41535000"
// RTL Simulation : 181 / 601 [100.00%] @ "41765000"
// RTL Simulation : 182 / 601 [100.00%] @ "41995000"
// RTL Simulation : 183 / 601 [100.00%] @ "42225000"
// RTL Simulation : 184 / 601 [100.00%] @ "42455000"
// RTL Simulation : 185 / 601 [100.00%] @ "42685000"
// RTL Simulation : 186 / 601 [100.00%] @ "42915000"
// RTL Simulation : 187 / 601 [100.00%] @ "43145000"
// RTL Simulation : 188 / 601 [100.00%] @ "43375000"
// RTL Simulation : 189 / 601 [100.00%] @ "43605000"
// RTL Simulation : 190 / 601 [100.00%] @ "43835000"
// RTL Simulation : 191 / 601 [100.00%] @ "44065000"
// RTL Simulation : 192 / 601 [100.00%] @ "44295000"
// RTL Simulation : 193 / 601 [100.00%] @ "44525000"
// RTL Simulation : 194 / 601 [100.00%] @ "44755000"
// RTL Simulation : 195 / 601 [100.00%] @ "44985000"
// RTL Simulation : 196 / 601 [100.00%] @ "45215000"
// RTL Simulation : 197 / 601 [100.00%] @ "45445000"
// RTL Simulation : 198 / 601 [100.00%] @ "45675000"
// RTL Simulation : 199 / 601 [100.00%] @ "45905000"
// RTL Simulation : 200 / 601 [100.00%] @ "46135000"
// RTL Simulation : 201 / 601 [100.00%] @ "46365000"
// RTL Simulation : 202 / 601 [100.00%] @ "46595000"
// RTL Simulation : 203 / 601 [100.00%] @ "46825000"
// RTL Simulation : 204 / 601 [100.00%] @ "47055000"
// RTL Simulation : 205 / 601 [100.00%] @ "47285000"
// RTL Simulation : 206 / 601 [100.00%] @ "47515000"
// RTL Simulation : 207 / 601 [100.00%] @ "47745000"
// RTL Simulation : 208 / 601 [100.00%] @ "47975000"
// RTL Simulation : 209 / 601 [100.00%] @ "48205000"
// RTL Simulation : 210 / 601 [100.00%] @ "48435000"
// RTL Simulation : 211 / 601 [100.00%] @ "48665000"
// RTL Simulation : 212 / 601 [100.00%] @ "48895000"
// RTL Simulation : 213 / 601 [100.00%] @ "49125000"
// RTL Simulation : 214 / 601 [100.00%] @ "49355000"
// RTL Simulation : 215 / 601 [100.00%] @ "49585000"
// RTL Simulation : 216 / 601 [100.00%] @ "49815000"
// RTL Simulation : 217 / 601 [100.00%] @ "50045000"
// RTL Simulation : 218 / 601 [100.00%] @ "50275000"
// RTL Simulation : 219 / 601 [100.00%] @ "50505000"
// RTL Simulation : 220 / 601 [100.00%] @ "50735000"
// RTL Simulation : 221 / 601 [100.00%] @ "50965000"
// RTL Simulation : 222 / 601 [100.00%] @ "51195000"
// RTL Simulation : 223 / 601 [100.00%] @ "51425000"
// RTL Simulation : 224 / 601 [100.00%] @ "51655000"
// RTL Simulation : 225 / 601 [100.00%] @ "51885000"
// RTL Simulation : 226 / 601 [100.00%] @ "52115000"
// RTL Simulation : 227 / 601 [100.00%] @ "52345000"
// RTL Simulation : 228 / 601 [100.00%] @ "52575000"
// RTL Simulation : 229 / 601 [100.00%] @ "52805000"
// RTL Simulation : 230 / 601 [100.00%] @ "53035000"
// RTL Simulation : 231 / 601 [100.00%] @ "53265000"
// RTL Simulation : 232 / 601 [100.00%] @ "53495000"
// RTL Simulation : 233 / 601 [100.00%] @ "53725000"
// RTL Simulation : 234 / 601 [100.00%] @ "53955000"
// RTL Simulation : 235 / 601 [100.00%] @ "54185000"
// RTL Simulation : 236 / 601 [100.00%] @ "54415000"
// RTL Simulation : 237 / 601 [100.00%] @ "54645000"
// RTL Simulation : 238 / 601 [100.00%] @ "54875000"
// RTL Simulation : 239 / 601 [100.00%] @ "55105000"
// RTL Simulation : 240 / 601 [100.00%] @ "55335000"
// RTL Simulation : 241 / 601 [100.00%] @ "55565000"
// RTL Simulation : 242 / 601 [100.00%] @ "55795000"
// RTL Simulation : 243 / 601 [100.00%] @ "56025000"
// RTL Simulation : 244 / 601 [100.00%] @ "56255000"
// RTL Simulation : 245 / 601 [100.00%] @ "56485000"
// RTL Simulation : 246 / 601 [100.00%] @ "56715000"
// RTL Simulation : 247 / 601 [100.00%] @ "56945000"
// RTL Simulation : 248 / 601 [100.00%] @ "57175000"
// RTL Simulation : 249 / 601 [100.00%] @ "57405000"
// RTL Simulation : 250 / 601 [100.00%] @ "57635000"
// RTL Simulation : 251 / 601 [100.00%] @ "57865000"
// RTL Simulation : 252 / 601 [100.00%] @ "58095000"
// RTL Simulation : 253 / 601 [100.00%] @ "58325000"
// RTL Simulation : 254 / 601 [100.00%] @ "58555000"
// RTL Simulation : 255 / 601 [100.00%] @ "58785000"
// RTL Simulation : 256 / 601 [100.00%] @ "59015000"
// RTL Simulation : 257 / 601 [100.00%] @ "59245000"
// RTL Simulation : 258 / 601 [100.00%] @ "59475000"
// RTL Simulation : 259 / 601 [100.00%] @ "59705000"
// RTL Simulation : 260 / 601 [100.00%] @ "59935000"
// RTL Simulation : 261 / 601 [100.00%] @ "60165000"
// RTL Simulation : 262 / 601 [100.00%] @ "60395000"
// RTL Simulation : 263 / 601 [100.00%] @ "60625000"
// RTL Simulation : 264 / 601 [100.00%] @ "60855000"
// RTL Simulation : 265 / 601 [100.00%] @ "61085000"
// RTL Simulation : 266 / 601 [100.00%] @ "61315000"
// RTL Simulation : 267 / 601 [100.00%] @ "61545000"
// RTL Simulation : 268 / 601 [100.00%] @ "61775000"
// RTL Simulation : 269 / 601 [100.00%] @ "62005000"
// RTL Simulation : 270 / 601 [100.00%] @ "62235000"
// RTL Simulation : 271 / 601 [100.00%] @ "62465000"
// RTL Simulation : 272 / 601 [100.00%] @ "62695000"
// RTL Simulation : 273 / 601 [100.00%] @ "62925000"
// RTL Simulation : 274 / 601 [100.00%] @ "63155000"
// RTL Simulation : 275 / 601 [100.00%] @ "63385000"
// RTL Simulation : 276 / 601 [100.00%] @ "63615000"
// RTL Simulation : 277 / 601 [100.00%] @ "63845000"
// RTL Simulation : 278 / 601 [100.00%] @ "64075000"
// RTL Simulation : 279 / 601 [100.00%] @ "64305000"
// RTL Simulation : 280 / 601 [100.00%] @ "64535000"
// RTL Simulation : 281 / 601 [100.00%] @ "64765000"
// RTL Simulation : 282 / 601 [100.00%] @ "64995000"
// RTL Simulation : 283 / 601 [100.00%] @ "65225000"
// RTL Simulation : 284 / 601 [100.00%] @ "65455000"
// RTL Simulation : 285 / 601 [100.00%] @ "65685000"
// RTL Simulation : 286 / 601 [100.00%] @ "65915000"
// RTL Simulation : 287 / 601 [100.00%] @ "66145000"
// RTL Simulation : 288 / 601 [100.00%] @ "66375000"
// RTL Simulation : 289 / 601 [100.00%] @ "66605000"
// RTL Simulation : 290 / 601 [100.00%] @ "66835000"
// RTL Simulation : 291 / 601 [100.00%] @ "67065000"
// RTL Simulation : 292 / 601 [100.00%] @ "67295000"
// RTL Simulation : 293 / 601 [100.00%] @ "67525000"
// RTL Simulation : 294 / 601 [100.00%] @ "67755000"
// RTL Simulation : 295 / 601 [100.00%] @ "67985000"
// RTL Simulation : 296 / 601 [100.00%] @ "68215000"
// RTL Simulation : 297 / 601 [100.00%] @ "68445000"
// RTL Simulation : 298 / 601 [100.00%] @ "68675000"
// RTL Simulation : 299 / 601 [100.00%] @ "68905000"
// RTL Simulation : 300 / 601 [100.00%] @ "69135000"
// RTL Simulation : 301 / 601 [100.00%] @ "69365000"
// RTL Simulation : 302 / 601 [100.00%] @ "69595000"
// RTL Simulation : 303 / 601 [100.00%] @ "69825000"
// RTL Simulation : 304 / 601 [100.00%] @ "70055000"
// RTL Simulation : 305 / 601 [100.00%] @ "70285000"
// RTL Simulation : 306 / 601 [100.00%] @ "70515000"
// RTL Simulation : 307 / 601 [100.00%] @ "70745000"
// RTL Simulation : 308 / 601 [100.00%] @ "70975000"
// RTL Simulation : 309 / 601 [100.00%] @ "71205000"
// RTL Simulation : 310 / 601 [100.00%] @ "71435000"
// RTL Simulation : 311 / 601 [100.00%] @ "71665000"
// RTL Simulation : 312 / 601 [100.00%] @ "71895000"
// RTL Simulation : 313 / 601 [100.00%] @ "72125000"
// RTL Simulation : 314 / 601 [100.00%] @ "72355000"
// RTL Simulation : 315 / 601 [100.00%] @ "72585000"
// RTL Simulation : 316 / 601 [100.00%] @ "72815000"
// RTL Simulation : 317 / 601 [100.00%] @ "73045000"
// RTL Simulation : 318 / 601 [100.00%] @ "73275000"
// RTL Simulation : 319 / 601 [100.00%] @ "73505000"
// RTL Simulation : 320 / 601 [100.00%] @ "73735000"
// RTL Simulation : 321 / 601 [100.00%] @ "73965000"
// RTL Simulation : 322 / 601 [100.00%] @ "74195000"
// RTL Simulation : 323 / 601 [100.00%] @ "74425000"
// RTL Simulation : 324 / 601 [100.00%] @ "74655000"
// RTL Simulation : 325 / 601 [100.00%] @ "74885000"
// RTL Simulation : 326 / 601 [100.00%] @ "75115000"
// RTL Simulation : 327 / 601 [100.00%] @ "75345000"
// RTL Simulation : 328 / 601 [100.00%] @ "75575000"
// RTL Simulation : 329 / 601 [100.00%] @ "75805000"
// RTL Simulation : 330 / 601 [100.00%] @ "76035000"
// RTL Simulation : 331 / 601 [100.00%] @ "76265000"
// RTL Simulation : 332 / 601 [100.00%] @ "76495000"
// RTL Simulation : 333 / 601 [100.00%] @ "76725000"
// RTL Simulation : 334 / 601 [100.00%] @ "76955000"
// RTL Simulation : 335 / 601 [100.00%] @ "77185000"
// RTL Simulation : 336 / 601 [100.00%] @ "77415000"
// RTL Simulation : 337 / 601 [100.00%] @ "77645000"
// RTL Simulation : 338 / 601 [100.00%] @ "77875000"
// RTL Simulation : 339 / 601 [100.00%] @ "78105000"
// RTL Simulation : 340 / 601 [100.00%] @ "78335000"
// RTL Simulation : 341 / 601 [100.00%] @ "78565000"
// RTL Simulation : 342 / 601 [100.00%] @ "78795000"
// RTL Simulation : 343 / 601 [100.00%] @ "79025000"
// RTL Simulation : 344 / 601 [100.00%] @ "79255000"
// RTL Simulation : 345 / 601 [100.00%] @ "79485000"
// RTL Simulation : 346 / 601 [100.00%] @ "79715000"
// RTL Simulation : 347 / 601 [100.00%] @ "79945000"
// RTL Simulation : 348 / 601 [100.00%] @ "80175000"
// RTL Simulation : 349 / 601 [100.00%] @ "80405000"
// RTL Simulation : 350 / 601 [100.00%] @ "80635000"
// RTL Simulation : 351 / 601 [100.00%] @ "80865000"
// RTL Simulation : 352 / 601 [100.00%] @ "81095000"
// RTL Simulation : 353 / 601 [100.00%] @ "81325000"
// RTL Simulation : 354 / 601 [100.00%] @ "81555000"
// RTL Simulation : 355 / 601 [100.00%] @ "81785000"
// RTL Simulation : 356 / 601 [100.00%] @ "82015000"
// RTL Simulation : 357 / 601 [100.00%] @ "82245000"
// RTL Simulation : 358 / 601 [100.00%] @ "82475000"
// RTL Simulation : 359 / 601 [100.00%] @ "82705000"
// RTL Simulation : 360 / 601 [100.00%] @ "82935000"
// RTL Simulation : 361 / 601 [100.00%] @ "83165000"
// RTL Simulation : 362 / 601 [100.00%] @ "83395000"
// RTL Simulation : 363 / 601 [100.00%] @ "83625000"
// RTL Simulation : 364 / 601 [100.00%] @ "83855000"
// RTL Simulation : 365 / 601 [100.00%] @ "84085000"
// RTL Simulation : 366 / 601 [100.00%] @ "84315000"
// RTL Simulation : 367 / 601 [100.00%] @ "84545000"
// RTL Simulation : 368 / 601 [100.00%] @ "84775000"
// RTL Simulation : 369 / 601 [100.00%] @ "85005000"
// RTL Simulation : 370 / 601 [100.00%] @ "85235000"
// RTL Simulation : 371 / 601 [100.00%] @ "85465000"
// RTL Simulation : 372 / 601 [100.00%] @ "85695000"
// RTL Simulation : 373 / 601 [100.00%] @ "85925000"
// RTL Simulation : 374 / 601 [100.00%] @ "86155000"
// RTL Simulation : 375 / 601 [100.00%] @ "86385000"
// RTL Simulation : 376 / 601 [100.00%] @ "86615000"
// RTL Simulation : 377 / 601 [100.00%] @ "86845000"
// RTL Simulation : 378 / 601 [100.00%] @ "87075000"
// RTL Simulation : 379 / 601 [100.00%] @ "87305000"
// RTL Simulation : 380 / 601 [100.00%] @ "87535000"
// RTL Simulation : 381 / 601 [100.00%] @ "87765000"
// RTL Simulation : 382 / 601 [100.00%] @ "87995000"
// RTL Simulation : 383 / 601 [100.00%] @ "88225000"
// RTL Simulation : 384 / 601 [100.00%] @ "88455000"
// RTL Simulation : 385 / 601 [100.00%] @ "88685000"
// RTL Simulation : 386 / 601 [100.00%] @ "88915000"
// RTL Simulation : 387 / 601 [100.00%] @ "89145000"
// RTL Simulation : 388 / 601 [100.00%] @ "89375000"
// RTL Simulation : 389 / 601 [100.00%] @ "89605000"
// RTL Simulation : 390 / 601 [100.00%] @ "89835000"
// RTL Simulation : 391 / 601 [100.00%] @ "90065000"
// RTL Simulation : 392 / 601 [100.00%] @ "90295000"
// RTL Simulation : 393 / 601 [100.00%] @ "90525000"
// RTL Simulation : 394 / 601 [100.00%] @ "90755000"
// RTL Simulation : 395 / 601 [100.00%] @ "90985000"
// RTL Simulation : 396 / 601 [100.00%] @ "91215000"
// RTL Simulation : 397 / 601 [100.00%] @ "91445000"
// RTL Simulation : 398 / 601 [100.00%] @ "91675000"
// RTL Simulation : 399 / 601 [100.00%] @ "91905000"
// RTL Simulation : 400 / 601 [100.00%] @ "92135000"
// RTL Simulation : 401 / 601 [100.00%] @ "92365000"
// RTL Simulation : 402 / 601 [100.00%] @ "92595000"
// RTL Simulation : 403 / 601 [100.00%] @ "92825000"
// RTL Simulation : 404 / 601 [100.00%] @ "93055000"
// RTL Simulation : 405 / 601 [100.00%] @ "93285000"
// RTL Simulation : 406 / 601 [100.00%] @ "93515000"
// RTL Simulation : 407 / 601 [100.00%] @ "93745000"
// RTL Simulation : 408 / 601 [100.00%] @ "93975000"
// RTL Simulation : 409 / 601 [100.00%] @ "94205000"
// RTL Simulation : 410 / 601 [100.00%] @ "94435000"
// RTL Simulation : 411 / 601 [100.00%] @ "94665000"
// RTL Simulation : 412 / 601 [100.00%] @ "94895000"
// RTL Simulation : 413 / 601 [100.00%] @ "95125000"
// RTL Simulation : 414 / 601 [100.00%] @ "95355000"
// RTL Simulation : 415 / 601 [100.00%] @ "95585000"
// RTL Simulation : 416 / 601 [100.00%] @ "95815000"
// RTL Simulation : 417 / 601 [100.00%] @ "96045000"
// RTL Simulation : 418 / 601 [100.00%] @ "96275000"
// RTL Simulation : 419 / 601 [100.00%] @ "96505000"
// RTL Simulation : 420 / 601 [100.00%] @ "96735000"
// RTL Simulation : 421 / 601 [100.00%] @ "96965000"
// RTL Simulation : 422 / 601 [100.00%] @ "97195000"
// RTL Simulation : 423 / 601 [100.00%] @ "97425000"
// RTL Simulation : 424 / 601 [100.00%] @ "97655000"
// RTL Simulation : 425 / 601 [100.00%] @ "97885000"
// RTL Simulation : 426 / 601 [100.00%] @ "98115000"
// RTL Simulation : 427 / 601 [100.00%] @ "98345000"
// RTL Simulation : 428 / 601 [100.00%] @ "98575000"
// RTL Simulation : 429 / 601 [100.00%] @ "98805000"
// RTL Simulation : 430 / 601 [100.00%] @ "99035000"
// RTL Simulation : 431 / 601 [100.00%] @ "99265000"
// RTL Simulation : 432 / 601 [100.00%] @ "99495000"
// RTL Simulation : 433 / 601 [100.00%] @ "99725000"
// RTL Simulation : 434 / 601 [100.00%] @ "99955000"
// RTL Simulation : 435 / 601 [100.00%] @ "100185000"
// RTL Simulation : 436 / 601 [100.00%] @ "100415000"
// RTL Simulation : 437 / 601 [100.00%] @ "100645000"
// RTL Simulation : 438 / 601 [100.00%] @ "100875000"
// RTL Simulation : 439 / 601 [100.00%] @ "101105000"
// RTL Simulation : 440 / 601 [100.00%] @ "101335000"
// RTL Simulation : 441 / 601 [100.00%] @ "101565000"
// RTL Simulation : 442 / 601 [100.00%] @ "101795000"
// RTL Simulation : 443 / 601 [100.00%] @ "102025000"
// RTL Simulation : 444 / 601 [100.00%] @ "102255000"
// RTL Simulation : 445 / 601 [100.00%] @ "102485000"
// RTL Simulation : 446 / 601 [100.00%] @ "102715000"
// RTL Simulation : 447 / 601 [100.00%] @ "102945000"
// RTL Simulation : 448 / 601 [100.00%] @ "103175000"
// RTL Simulation : 449 / 601 [100.00%] @ "103405000"
// RTL Simulation : 450 / 601 [100.00%] @ "103635000"
// RTL Simulation : 451 / 601 [100.00%] @ "103865000"
// RTL Simulation : 452 / 601 [100.00%] @ "104095000"
// RTL Simulation : 453 / 601 [100.00%] @ "104325000"
// RTL Simulation : 454 / 601 [100.00%] @ "104555000"
// RTL Simulation : 455 / 601 [100.00%] @ "104785000"
// RTL Simulation : 456 / 601 [100.00%] @ "105015000"
// RTL Simulation : 457 / 601 [100.00%] @ "105245000"
// RTL Simulation : 458 / 601 [100.00%] @ "105475000"
// RTL Simulation : 459 / 601 [100.00%] @ "105705000"
// RTL Simulation : 460 / 601 [100.00%] @ "105935000"
// RTL Simulation : 461 / 601 [100.00%] @ "106165000"
// RTL Simulation : 462 / 601 [100.00%] @ "106395000"
// RTL Simulation : 463 / 601 [100.00%] @ "106625000"
// RTL Simulation : 464 / 601 [100.00%] @ "106855000"
// RTL Simulation : 465 / 601 [100.00%] @ "107085000"
// RTL Simulation : 466 / 601 [100.00%] @ "107315000"
// RTL Simulation : 467 / 601 [100.00%] @ "107545000"
// RTL Simulation : 468 / 601 [100.00%] @ "107775000"
// RTL Simulation : 469 / 601 [100.00%] @ "108005000"
// RTL Simulation : 470 / 601 [100.00%] @ "108235000"
// RTL Simulation : 471 / 601 [100.00%] @ "108465000"
// RTL Simulation : 472 / 601 [100.00%] @ "108695000"
// RTL Simulation : 473 / 601 [100.00%] @ "108925000"
// RTL Simulation : 474 / 601 [100.00%] @ "109155000"
// RTL Simulation : 475 / 601 [100.00%] @ "109385000"
// RTL Simulation : 476 / 601 [100.00%] @ "109615000"
// RTL Simulation : 477 / 601 [100.00%] @ "109845000"
// RTL Simulation : 478 / 601 [100.00%] @ "110075000"
// RTL Simulation : 479 / 601 [100.00%] @ "110305000"
// RTL Simulation : 480 / 601 [100.00%] @ "110535000"
// RTL Simulation : 481 / 601 [100.00%] @ "110765000"
// RTL Simulation : 482 / 601 [100.00%] @ "110995000"
// RTL Simulation : 483 / 601 [100.00%] @ "111225000"
// RTL Simulation : 484 / 601 [100.00%] @ "111455000"
// RTL Simulation : 485 / 601 [100.00%] @ "111685000"
// RTL Simulation : 486 / 601 [100.00%] @ "111915000"
// RTL Simulation : 487 / 601 [100.00%] @ "112145000"
// RTL Simulation : 488 / 601 [100.00%] @ "112375000"
// RTL Simulation : 489 / 601 [100.00%] @ "112605000"
// RTL Simulation : 490 / 601 [100.00%] @ "112835000"
// RTL Simulation : 491 / 601 [100.00%] @ "113065000"
// RTL Simulation : 492 / 601 [100.00%] @ "113295000"
// RTL Simulation : 493 / 601 [100.00%] @ "113525000"
// RTL Simulation : 494 / 601 [100.00%] @ "113755000"
// RTL Simulation : 495 / 601 [100.00%] @ "113985000"
// RTL Simulation : 496 / 601 [100.00%] @ "114215000"
// RTL Simulation : 497 / 601 [100.00%] @ "114445000"
// RTL Simulation : 498 / 601 [100.00%] @ "114675000"
// RTL Simulation : 499 / 601 [100.00%] @ "114905000"
// RTL Simulation : 500 / 601 [100.00%] @ "115135000"
// RTL Simulation : 501 / 601 [100.00%] @ "115365000"
// RTL Simulation : 502 / 601 [100.00%] @ "115595000"
// RTL Simulation : 503 / 601 [100.00%] @ "115825000"
// RTL Simulation : 504 / 601 [100.00%] @ "116055000"
// RTL Simulation : 505 / 601 [100.00%] @ "116285000"
// RTL Simulation : 506 / 601 [100.00%] @ "116515000"
// RTL Simulation : 507 / 601 [100.00%] @ "116745000"
// RTL Simulation : 508 / 601 [100.00%] @ "116975000"
// RTL Simulation : 509 / 601 [100.00%] @ "117205000"
// RTL Simulation : 510 / 601 [100.00%] @ "117435000"
// RTL Simulation : 511 / 601 [100.00%] @ "117665000"
// RTL Simulation : 512 / 601 [100.00%] @ "117895000"
// RTL Simulation : 513 / 601 [100.00%] @ "118125000"
// RTL Simulation : 514 / 601 [100.00%] @ "118355000"
// RTL Simulation : 515 / 601 [100.00%] @ "118585000"
// RTL Simulation : 516 / 601 [100.00%] @ "118815000"
// RTL Simulation : 517 / 601 [100.00%] @ "119045000"
// RTL Simulation : 518 / 601 [100.00%] @ "119275000"
// RTL Simulation : 519 / 601 [100.00%] @ "119505000"
// RTL Simulation : 520 / 601 [100.00%] @ "119735000"
// RTL Simulation : 521 / 601 [100.00%] @ "119965000"
// RTL Simulation : 522 / 601 [100.00%] @ "120195000"
// RTL Simulation : 523 / 601 [100.00%] @ "120425000"
// RTL Simulation : 524 / 601 [100.00%] @ "120655000"
// RTL Simulation : 525 / 601 [100.00%] @ "120885000"
// RTL Simulation : 526 / 601 [100.00%] @ "121115000"
// RTL Simulation : 527 / 601 [100.00%] @ "121345000"
// RTL Simulation : 528 / 601 [100.00%] @ "121575000"
// RTL Simulation : 529 / 601 [100.00%] @ "121805000"
// RTL Simulation : 530 / 601 [100.00%] @ "122035000"
// RTL Simulation : 531 / 601 [100.00%] @ "122265000"
// RTL Simulation : 532 / 601 [100.00%] @ "122495000"
// RTL Simulation : 533 / 601 [100.00%] @ "122725000"
// RTL Simulation : 534 / 601 [100.00%] @ "122955000"
// RTL Simulation : 535 / 601 [100.00%] @ "123185000"
// RTL Simulation : 536 / 601 [100.00%] @ "123415000"
// RTL Simulation : 537 / 601 [100.00%] @ "123645000"
// RTL Simulation : 538 / 601 [100.00%] @ "123875000"
// RTL Simulation : 539 / 601 [100.00%] @ "124105000"
// RTL Simulation : 540 / 601 [100.00%] @ "124335000"
// RTL Simulation : 541 / 601 [100.00%] @ "124565000"
// RTL Simulation : 542 / 601 [100.00%] @ "124795000"
// RTL Simulation : 543 / 601 [100.00%] @ "125025000"
// RTL Simulation : 544 / 601 [100.00%] @ "125255000"
// RTL Simulation : 545 / 601 [100.00%] @ "125485000"
// RTL Simulation : 546 / 601 [100.00%] @ "125715000"
// RTL Simulation : 547 / 601 [100.00%] @ "125945000"
// RTL Simulation : 548 / 601 [100.00%] @ "126175000"
// RTL Simulation : 549 / 601 [100.00%] @ "126405000"
// RTL Simulation : 550 / 601 [100.00%] @ "126635000"
// RTL Simulation : 551 / 601 [100.00%] @ "126865000"
// RTL Simulation : 552 / 601 [100.00%] @ "127095000"
// RTL Simulation : 553 / 601 [100.00%] @ "127325000"
// RTL Simulation : 554 / 601 [100.00%] @ "127555000"
// RTL Simulation : 555 / 601 [100.00%] @ "127785000"
// RTL Simulation : 556 / 601 [100.00%] @ "128015000"
// RTL Simulation : 557 / 601 [100.00%] @ "128245000"
// RTL Simulation : 558 / 601 [100.00%] @ "128475000"
// RTL Simulation : 559 / 601 [100.00%] @ "128705000"
// RTL Simulation : 560 / 601 [100.00%] @ "128935000"
// RTL Simulation : 561 / 601 [100.00%] @ "129165000"
// RTL Simulation : 562 / 601 [100.00%] @ "129395000"
// RTL Simulation : 563 / 601 [100.00%] @ "129625000"
// RTL Simulation : 564 / 601 [100.00%] @ "129855000"
// RTL Simulation : 565 / 601 [100.00%] @ "130085000"
// RTL Simulation : 566 / 601 [100.00%] @ "130315000"
// RTL Simulation : 567 / 601 [100.00%] @ "130545000"
// RTL Simulation : 568 / 601 [100.00%] @ "130775000"
// RTL Simulation : 569 / 601 [100.00%] @ "131005000"
// RTL Simulation : 570 / 601 [100.00%] @ "131235000"
// RTL Simulation : 571 / 601 [100.00%] @ "131465000"
// RTL Simulation : 572 / 601 [100.00%] @ "131695000"
// RTL Simulation : 573 / 601 [100.00%] @ "131925000"
// RTL Simulation : 574 / 601 [100.00%] @ "132155000"
// RTL Simulation : 575 / 601 [100.00%] @ "132385000"
// RTL Simulation : 576 / 601 [100.00%] @ "132615000"
// RTL Simulation : 577 / 601 [100.00%] @ "132845000"
// RTL Simulation : 578 / 601 [100.00%] @ "133075000"
// RTL Simulation : 579 / 601 [100.00%] @ "133305000"
// RTL Simulation : 580 / 601 [100.00%] @ "133535000"
// RTL Simulation : 581 / 601 [100.00%] @ "133765000"
// RTL Simulation : 582 / 601 [100.00%] @ "133995000"
// RTL Simulation : 583 / 601 [100.00%] @ "134225000"
// RTL Simulation : 584 / 601 [100.00%] @ "134455000"
// RTL Simulation : 585 / 601 [100.00%] @ "134685000"
// RTL Simulation : 586 / 601 [100.00%] @ "134915000"
// RTL Simulation : 587 / 601 [100.00%] @ "135145000"
// RTL Simulation : 588 / 601 [100.00%] @ "135375000"
// RTL Simulation : 589 / 601 [100.00%] @ "135605000"
// RTL Simulation : 590 / 601 [100.00%] @ "135835000"
// RTL Simulation : 591 / 601 [100.00%] @ "136065000"
// RTL Simulation : 592 / 601 [100.00%] @ "136295000"
// RTL Simulation : 593 / 601 [100.00%] @ "136525000"
// RTL Simulation : 594 / 601 [100.00%] @ "136755000"
// RTL Simulation : 595 / 601 [100.00%] @ "136985000"
// RTL Simulation : 596 / 601 [100.00%] @ "137215000"
// RTL Simulation : 597 / 601 [100.00%] @ "137445000"
// RTL Simulation : 598 / 601 [100.00%] @ "137675000"
// RTL Simulation : 599 / 601 [100.00%] @ "137905000"
// RTL Simulation : 600 / 601 [100.00%] @ "138135000"
// RTL Simulation : 601 / 601 [100.00%] @ "138365000"
////////////////////////////////////////////////////////////////////////////////////
$finish called at time : 138425 ns : File "/home/henrikhestnes/Documents/CSE237C_Embedded/ug871-design-files/Introduction/lab1/fir_prj/solution1/sim/verilog/fir.autotb.v" Line 330
## quit
INFO: [Common 17-206] Exiting xsim at Fri Oct  1 21:02:11 2021...
Comparing against output data 
*******************************************
PASS: The output matches the golden output!
*******************************************
INFO: [COSIM-1000] *** C/RTL co-simulation finished: PASS ***
