#-----------------------------------------------------------
# Vivado v2021.1.1 (64-bit)
# SW Build 3286242 on Wed Jul 28 13:09:46 MDT 2021
# IP Build 3279568 on Wed Jul 28 16:48:48 MDT 2021
# Start of session at: Sat Oct 16 19:41:39 2021
# Process ID: 77789
# Current directory: /home/henrikhestnes/Documents/CSE-237C-Validation-and-Testing-of-Embedded-Systems/project2/cordic/HLS/cordic_optimized1/cordiccart2pol/solution1/impl/ip
# Command line: vivado -notrace -mode batch -source run_ippack.tcl
# Log file: /home/henrikhestnes/Documents/CSE-237C-Validation-and-Testing-of-Embedded-Systems/project2/cordic/HLS/cordic_optimized1/cordiccart2pol/solution1/impl/ip/vivado.log
# Journal file: /home/henrikhestnes/Documents/CSE-237C-Validation-and-Testing-of-Embedded-Systems/project2/cordic/HLS/cordic_optimized1/cordiccart2pol/solution1/impl/ip/vivado.jou
#-----------------------------------------------------------
source run_ippack.tcl -notrace
INFO: [IP_Flow 19-234] Refreshing IP repositories
INFO: [IP_Flow 19-1704] No user IP repositories specified
INFO: [IP_Flow 19-2313] Loaded Vivado IP repository '/tools/Xilinx/Vivado/2021.1/data/ip'.
WARNING: [IP_Flow 19-4832] The IP name 'cordiccart2pol_fpext_32ns_64_2_no_dsp_1_ip' you have specified is long. The Windows operating system has path length limitations. It is recommended you use shorter names to reduce the likelihood of issues.
create_ip: Time (s): cpu = 00:00:06 ; elapsed = 00:00:07 . Memory (MB): peak = 2598.461 ; gain = 43.258 ; free physical = 5001 ; free virtual = 10200
INFO: [IP_Flow 19-1686] Generating 'Synthesis' target for IP 'cordiccart2pol_fpext_32ns_64_2_no_dsp_1_ip'...
INFO: [IP_Flow 19-1686] Generating 'Simulation' target for IP 'cordiccart2pol_fpext_32ns_64_2_no_dsp_1_ip'...
INFO: [Common 17-206] Exiting Vivado at Sat Oct 16 19:42:05 2021...
