==============================================================
Vitis HLS - High-Level Synthesis from C, C++ and OpenCL v2021.1.1 (64-bit)
Copyright 1986-2021 Xilinx, Inc. All Rights Reserved.
==============================================================
==============================================================
Vitis HLS - High-Level Synthesis from C, C++ and OpenCL v2021.1.1 (64-bit)
Copyright 1986-2021 Xilinx, Inc. All Rights Reserved.
==============================================================
==============================================================
Vitis HLS - High-Level Synthesis from C, C++ and OpenCL v2021.1.1 (64-bit)
Copyright 1986-2021 Xilinx, Inc. All Rights Reserved.
==============================================================
==============================================================
Vitis HLS - High-Level Synthesis from C, C++ and OpenCL v2021.1.1 (64-bit)
Copyright 1986-2021 Xilinx, Inc. All Rights Reserved.
==============================================================
==============================================================
Vitis HLS - High-Level Synthesis from C, C++ and OpenCL v2021.1.1 (64-bit)
Copyright 1986-2021 Xilinx, Inc. All Rights Reserved.
==============================================================
==============================================================
Vitis HLS - High-Level Synthesis from C, C++ and OpenCL v2021.1.1 (64-bit)
Copyright 1986-2021 Xilinx, Inc. All Rights Reserved.
==============================================================
==============================================================
Vitis HLS - High-Level Synthesis from C, C++ and OpenCL v2021.1.1 (64-bit)
Copyright 1986-2021 Xilinx, Inc. All Rights Reserved.
==============================================================
==============================================================
Vitis HLS - High-Level Synthesis from C, C++ and OpenCL v2021.1.1 (64-bit)
Copyright 1986-2021 Xilinx, Inc. All Rights Reserved.
==============================================================
==============================================================
Vitis HLS - High-Level Synthesis from C, C++ and OpenCL v2021.1.1 (64-bit)
Copyright 1986-2021 Xilinx, Inc. All Rights Reserved.
==============================================================
==============================================================
Vitis HLS - High-Level Synthesis from C, C++ and OpenCL v2021.1.1 (64-bit)
Copyright 1986-2021 Xilinx, Inc. All Rights Reserved.
==============================================================
==============================================================
Vitis HLS - High-Level Synthesis from C, C++ and OpenCL v2021.1.1 (64-bit)
Copyright 1986-2021 Xilinx, Inc. All Rights Reserved.
==============================================================
==============================================================
Vitis HLS - High-Level Synthesis from C, C++ and OpenCL v2021.1.1 (64-bit)
Copyright 1986-2021 Xilinx, Inc. All Rights Reserved.
==============================================================
==============================================================
Vitis HLS - High-Level Synthesis from C, C++ and OpenCL v2021.1.1 (64-bit)
Copyright 1986-2021 Xilinx, Inc. All Rights Reserved.
==============================================================
==============================================================
Vitis HLS - High-Level Synthesis from C, C++ and OpenCL v2021.1.1 (64-bit)
Copyright 1986-2021 Xilinx, Inc. All Rights Reserved.
==============================================================
==============================================================
Vitis HLS - High-Level Synthesis from C, C++ and OpenCL v2021.1.1 (64-bit)
Copyright 1986-2021 Xilinx, Inc. All Rights Reserved.
==============================================================
==============================================================
Vitis HLS - High-Level Synthesis from C, C++ and OpenCL v2021.1.1 (64-bit)
Copyright 1986-2021 Xilinx, Inc. All Rights Reserved.
==============================================================
==============================================================
Vitis HLS - High-Level Synthesis from C, C++ and OpenCL v2021.1.1 (64-bit)
Copyright 1986-2021 Xilinx, Inc. All Rights Reserved.
==============================================================
==============================================================
Vitis HLS - High-Level Synthesis from C, C++ and OpenCL v2021.1.1 (64-bit)
Copyright 1986-2021 Xilinx, Inc. All Rights Reserved.
==============================================================
INFO: [SYN 201-201] Setting up clock 'default' with a period of 10ns.
INFO: [HLS 200-1611] Setting target device to 'xc7z020-clg400-1'
INFO: [HLS 200-1505] Using flow_target 'vivado'
INFO: [HLS 200-1510] Running: set_part xc7z020-clg400-1 
INFO: [HLS 200-1510] Running: create_clock -period 10 -name default 
INFO: [HLS 200-1510] Running: set_directive_top -name fir fir 
INFO: [HLS 200-1510] Running: csynth_design 
INFO: [HLS 200-111] Finished File checks and directory preparation: CPU user time: 0.01 seconds. CPU system time: 0 seconds. Elapsed time: 0.01 seconds; current allocated memory: 251.675 MB.
INFO: [HLS 200-10] Analyzing design file 'fir.cpp' ... 
INFO: [HLS 200-111] Finished Source Code Analysis and Preprocessing: CPU user time: 0.87 seconds. CPU system time: 0.34 seconds. Elapsed time: 0.61 seconds; current allocated memory: 252.961 MB.
INFO: [HLS 200-777] Using interface defaults for 'Vivado' flow target.
INFO: [HLS 214-279] Initial Interval estimation mode is set into default.
INFO: [HLS 214-284] Auto array partition mode is set into default.
INFO: [HLS 214-270] Starting automatic array partition analysis...
INFO: [HLS 200-111] Finished Compiling Optimization and Transform: CPU user time: 4.04 seconds. CPU system time: 0.4 seconds. Elapsed time: 4.33 seconds; current allocated memory: 254.807 MB.
INFO: [HLS 200-111] Finished Checking Pragmas: CPU user time: 0 seconds. CPU system time: 0 seconds. Elapsed time: 0 seconds; current allocated memory: 254.809 MB.
INFO: [HLS 200-10] Starting code transformations ...
INFO: [HLS 200-111] Finished Standard Transforms: CPU user time: 0.01 seconds. CPU system time: 0 seconds. Elapsed time: 0.01 seconds; current allocated memory: 256.017 MB.
INFO: [HLS 200-10] Checking synthesizability ...
INFO: [HLS 200-111] Finished Checking Synthesizability: CPU user time: 0.01 seconds. CPU system time: 0 seconds. Elapsed time: 0.01 seconds; current allocated memory: 255.192 MB.
WARNING: [HLS 200-914] Completely partitioning array 'c'  accessed through non-constant indices on dimension 1 (fir.cpp:29:33), which may result in long runtime and suboptimal QoR due to large multiplexers. Please consider wrapping the array access into a function or using a register file core instead.
INFO: [XFORM 203-101] Partitioning array 'c'  in dimension 1 completely.
WARNING: [HLS 200-914] Completely partitioning array 'shift_reg'  accessed through non-constant indices on dimension 1 (fir.cpp:28:2), which may result in long runtime and suboptimal QoR due to large multiplexers. Please consider wrapping the array access into a function or using a register file core instead.
INFO: [XFORM 203-101] Partitioning array 'shift_reg'  in dimension 1 completely.
INFO: [HLS 200-111] Finished Loop, function and other optimizations: CPU user time: 0.29 seconds. CPU system time: 0.01 seconds. Elapsed time: 0.29 seconds; current allocated memory: 279.147 MB.
INFO: [HLS 200-111] Finished Architecture Synthesis: CPU user time: 0.45 seconds. CPU system time: 0 seconds. Elapsed time: 0.44 seconds; current allocated memory: 284.108 MB.
INFO: [HLS 200-10] Starting hardware synthesis ...
INFO: [HLS 200-10] Synthesizing 'fir' ...
INFO: [HLS 200-10] ----------------------------------------------------------------
INFO: [HLS 200-42] -- Implementing module 'fir' 
INFO: [HLS 200-10] ----------------------------------------------------------------
INFO: [SCHED 204-11] Starting scheduling ...
INFO: [SCHED 204-11] Finished scheduling.
INFO: [HLS 200-111] Finished Scheduling: CPU user time: 1.35 seconds. CPU system time: 0.02 seconds. Elapsed time: 1.38 seconds; current allocated memory: 287.642 MB.
INFO: [BIND 205-100] Starting micro-architecture generation ...
INFO: [BIND 205-101] Performing variable lifetime analysis.
INFO: [BIND 205-101] Exploring resource sharing.
INFO: [BIND 205-101] Binding ...
INFO: [BIND 205-100] Finished micro-architecture generation.
INFO: [HLS 200-111] Finished Binding: CPU user time: 0.19 seconds. CPU system time: 0.01 seconds. Elapsed time: 0.19 seconds; current allocated memory: 297.871 MB.
INFO: [HLS 200-10] ----------------------------------------------------------------
INFO: [HLS 200-10] -- Generating RTL for module 'fir' 
INFO: [HLS 200-10] ----------------------------------------------------------------
INFO: [RTGEN 206-500] Setting interface mode on port 'fir/y' to 'ap_vld'.
INFO: [RTGEN 206-500] Setting interface mode on port 'fir/x' to 'ap_none'.
INFO: [RTGEN 206-500] Setting interface mode on function 'fir' to 'ap_ctrl_hs'.
WARNING: [RTGEN 206-101] Register 'shift_reg_0' is power-on initialization.
WARNING: [RTGEN 206-101] Register 'shift_reg_1' is power-on initialization.
WARNING: [RTGEN 206-101] Register 'shift_reg_2' is power-on initialization.
WARNING: [RTGEN 206-101] Register 'shift_reg_3' is power-on initialization.
WARNING: [RTGEN 206-101] Register 'shift_reg_4' is power-on initialization.
WARNING: [RTGEN 206-101] Register 'shift_reg_5' is power-on initialization.
WARNING: [RTGEN 206-101] Register 'shift_reg_6' is power-on initialization.
WARNING: [RTGEN 206-101] Register 'shift_reg_7' is power-on initialization.
WARNING: [RTGEN 206-101] Register 'shift_reg_8' is power-on initialization.
WARNING: [RTGEN 206-101] Register 'shift_reg_9' is power-on initialization.
WARNING: [RTGEN 206-101] Register 'shift_reg_10' is power-on initialization.
WARNING: [RTGEN 206-101] Register 'shift_reg_11' is power-on initialization.
WARNING: [RTGEN 206-101] Register 'shift_reg_12' is power-on initialization.
WARNING: [RTGEN 206-101] Register 'shift_reg_13' is power-on initialization.
WARNING: [RTGEN 206-101] Register 'shift_reg_14' is power-on initialization.
WARNING: [RTGEN 206-101] Register 'shift_reg_15' is power-on initialization.
WARNING: [RTGEN 206-101] Register 'shift_reg_16' is power-on initialization.
WARNING: [RTGEN 206-101] Register 'shift_reg_17' is power-on initialization.
WARNING: [RTGEN 206-101] Register 'shift_reg_18' is power-on initialization.
WARNING: [RTGEN 206-101] Register 'shift_reg_19' is power-on initialization.
WARNING: [RTGEN 206-101] Register 'shift_reg_20' is power-on initialization.
WARNING: [RTGEN 206-101] Register 'shift_reg_21' is power-on initialization.
WARNING: [RTGEN 206-101] Register 'shift_reg_22' is power-on initialization.
WARNING: [RTGEN 206-101] Register 'shift_reg_23' is power-on initialization.
WARNING: [RTGEN 206-101] Register 'shift_reg_24' is power-on initialization.
WARNING: [RTGEN 206-101] Register 'shift_reg_25' is power-on initialization.
WARNING: [RTGEN 206-101] Register 'shift_reg_26' is power-on initialization.
WARNING: [RTGEN 206-101] Register 'shift_reg_27' is power-on initialization.
WARNING: [RTGEN 206-101] Register 'shift_reg_28' is power-on initialization.
WARNING: [RTGEN 206-101] Register 'shift_reg_29' is power-on initialization.
WARNING: [RTGEN 206-101] Register 'shift_reg_30' is power-on initialization.
WARNING: [RTGEN 206-101] Register 'shift_reg_31' is power-on initialization.
WARNING: [RTGEN 206-101] Register 'shift_reg_32' is power-on initialization.
WARNING: [RTGEN 206-101] Register 'shift_reg_33' is power-on initialization.
WARNING: [RTGEN 206-101] Register 'shift_reg_34' is power-on initialization.
WARNING: [RTGEN 206-101] Register 'shift_reg_35' is power-on initialization.
WARNING: [RTGEN 206-101] Register 'shift_reg_36' is power-on initialization.
WARNING: [RTGEN 206-101] Register 'shift_reg_37' is power-on initialization.
WARNING: [RTGEN 206-101] Register 'shift_reg_38' is power-on initialization.
WARNING: [RTGEN 206-101] Register 'shift_reg_39' is power-on initialization.
WARNING: [RTGEN 206-101] Register 'shift_reg_40' is power-on initialization.
WARNING: [RTGEN 206-101] Register 'shift_reg_41' is power-on initialization.
WARNING: [RTGEN 206-101] Register 'shift_reg_42' is power-on initialization.
WARNING: [RTGEN 206-101] Register 'shift_reg_43' is power-on initialization.
WARNING: [RTGEN 206-101] Register 'shift_reg_44' is power-on initialization.
WARNING: [RTGEN 206-101] Register 'shift_reg_45' is power-on initialization.
WARNING: [RTGEN 206-101] Register 'shift_reg_46' is power-on initialization.
WARNING: [RTGEN 206-101] Register 'shift_reg_47' is power-on initialization.
==============================================================
Vitis HLS - High-Level Synthesis from C, C++ and OpenCL v2021.1.1 (64-bit)
Copyright 1986-2021 Xilinx, Inc. All Rights Reserved.
==============================================================
==============================================================
Vitis HLS - High-Level Synthesis from C, C++ and OpenCL v2021.1.1 (64-bit)
Copyright 1986-2021 Xilinx, Inc. All Rights Reserved.
==============================================================
==============================================================
Vitis HLS - High-Level Synthesis from C, C++ and OpenCL v2021.1.1 (64-bit)
Copyright 1986-2021 Xilinx, Inc. All Rights Reserved.
==============================================================
==============================================================
Vitis HLS - High-Level Synthesis from C, C++ and OpenCL v2021.1.1 (64-bit)
Copyright 1986-2021 Xilinx, Inc. All Rights Reserved.
==============================================================
==============================================================
Vitis HLS - High-Level Synthesis from C, C++ and OpenCL v2021.1.1 (64-bit)
Copyright 1986-2021 Xilinx, Inc. All Rights Reserved.
==============================================================
==============================================================
Vitis HLS - High-Level Synthesis from C, C++ and OpenCL v2021.1.1 (64-bit)
Copyright 1986-2021 Xilinx, Inc. All Rights Reserved.
==============================================================
INFO: [SYN 201-201] Setting up clock 'default' with a period of 10ns.
INFO: [HLS 200-1611] Setting target device to 'xc7z020-clg400-1'
INFO: [HLS 200-1505] Using flow_target 'vivado'
INFO: [HLS 200-1510] Running: set_part xc7z020-clg400-1 
INFO: [HLS 200-1510] Running: create_clock -period 10 -name default 
INFO: [HLS 200-1510] Running: set_directive_top -name fir fir 
INFO: [HLS 200-1510] Running: csynth_design 
INFO: [HLS 200-111] Finished File checks and directory preparation: CPU user time: 0.02 seconds. CPU system time: 0 seconds. Elapsed time: 0 seconds; current allocated memory: 251.675 MB.
INFO: [HLS 200-10] Analyzing design file 'fir.cpp' ... 
INFO: [HLS 200-111] Finished Source Code Analysis and Preprocessing: CPU user time: 0.83 seconds. CPU system time: 0.39 seconds. Elapsed time: 0.62 seconds; current allocated memory: 252.961 MB.
INFO: [HLS 200-777] Using interface defaults for 'Vivado' flow target.
INFO: [HLS 214-279] Initial Interval estimation mode is set into default.
INFO: [HLS 214-284] Auto array partition mode is set into default.
INFO: [HLS 214-270] Starting automatic array partition analysis...
INFO: [HLS 200-111] Finished Compiling Optimization and Transform: CPU user time: 4.02 seconds. CPU system time: 0.44 seconds. Elapsed time: 4.29 seconds; current allocated memory: 254.791 MB.
INFO: [HLS 200-111] Finished Checking Pragmas: CPU user time: 0.01 seconds. CPU system time: 0 seconds. Elapsed time: 0 seconds; current allocated memory: 254.793 MB.
INFO: [HLS 200-10] Starting code transformations ...
INFO: [HLS 200-111] Finished Standard Transforms: CPU user time: 0.01 seconds. CPU system time: 0 seconds. Elapsed time: 0.01 seconds; current allocated memory: 255.998 MB.
INFO: [HLS 200-10] Checking synthesizability ...
INFO: [HLS 200-111] Finished Checking Synthesizability: CPU user time: 0.01 seconds. CPU system time: 0 seconds. Elapsed time: 0.01 seconds; current allocated memory: 255.174 MB.
INFO: [XFORM 203-510] Pipelining loop 'VITIS_LOOP_25_1' (fir.cpp:23) in function 'fir' automatically.
INFO: [XFORM 203-101] Partitioning array 'c'  in dimension 1 with a cyclic factor 8.
INFO: [XFORM 203-101] Partitioning array 'shift_reg'  in dimension 1 with a cyclic factor 8.
INFO: [HLS 200-111] Finished Loop, function and other optimizations: CPU user time: 0.04 seconds. CPU system time: 0.01 seconds. Elapsed time: 0.05 seconds; current allocated memory: 275.821 MB.
INFO: [HLS 200-472] Inferring partial write operation for 'shift_reg.0' (fir.cpp:30:18)
INFO: [HLS 200-472] Inferring partial write operation for 'shift_reg.0' (fir.cpp:27:26)
INFO: [HLS 200-111] Finished Architecture Synthesis: CPU user time: 0.03 seconds. CPU system time: 0 seconds. Elapsed time: 0.04 seconds; current allocated memory: 278.258 MB.
INFO: [HLS 200-10] Starting hardware synthesis ...
INFO: [HLS 200-10] Synthesizing 'fir' ...
INFO: [HLS 200-10] ----------------------------------------------------------------
INFO: [HLS 200-42] -- Implementing module 'fir_Pipeline_VITIS_LOOP_25_1' 
INFO: [HLS 200-10] ----------------------------------------------------------------
INFO: [SCHED 204-11] Starting scheduling ...
INFO: [SCHED 204-61] Pipelining loop 'VITIS_LOOP_25_1'.
WARNING: [HLS 200-880] The II Violation in module 'fir_Pipeline_VITIS_LOOP_25_1' (loop 'VITIS_LOOP_25_1'): Unable to enforce a carried dependence constraint (II = 1, distance = 1, offset = 1) between 'store' operation ('shift_reg_0_addr_write_ln27', fir.cpp:27) of variable 'tmp', fir.cpp:27 on array 'shift_reg_0' and 'load' operation ('shift_reg_0_load', fir.cpp:27) on array 'shift_reg_0'.
INFO: [HLS 200-1470] Pipelining result : Target II = NA, Final II = 2, Depth = 5, loop 'VITIS_LOOP_25_1'
INFO: [SCHED 204-11] Finished scheduling.
INFO: [HLS 200-111] Finished Scheduling: CPU user time: 0.08 seconds. CPU system time: 0.02 seconds. Elapsed time: 0.09 seconds; current allocated memory: 278.935 MB.
INFO: [BIND 205-100] Starting micro-architecture generation ...
INFO: [BIND 205-101] Performing variable lifetime analysis.
INFO: [BIND 205-101] Exploring resource sharing.
INFO: [BIND 205-101] Binding ...
INFO: [BIND 205-100] Finished micro-architecture generation.
INFO: [HLS 200-111] Finished Binding: CPU user time: 0.06 seconds. CPU system time: 0 seconds. Elapsed time: 0.06 seconds; current allocated memory: 279.511 MB.
INFO: [HLS 200-10] ----------------------------------------------------------------
INFO: [HLS 200-42] -- Implementing module 'fir' 
INFO: [HLS 200-10] ----------------------------------------------------------------
INFO: [SCHED 204-11] Starting scheduling ...
INFO: [SCHED 204-11] Finished scheduling.
INFO: [HLS 200-111] Finished Scheduling: CPU user time: 0.06 seconds. CPU system time: 0.01 seconds. Elapsed time: 0.06 seconds; current allocated memory: 279.623 MB.
INFO: [BIND 205-100] Starting micro-architecture generation ...
INFO: [BIND 205-101] Performing variable lifetime analysis.
INFO: [BIND 205-101] Exploring resource sharing.
INFO: [BIND 205-101] Binding ...
INFO: [BIND 205-100] Finished micro-architecture generation.
INFO: [HLS 200-111] Finished Binding: CPU user time: 0.04 seconds. CPU system time: 0 seconds. Elapsed time: 0.04 seconds; current allocated memory: 279.777 MB.
INFO: [HLS 200-10] ----------------------------------------------------------------
INFO: [HLS 200-10] -- Generating RTL for module 'fir_Pipeline_VITIS_LOOP_25_1' 
INFO: [HLS 200-10] ----------------------------------------------------------------
INFO: [HLS 200-1030] Apply Unified Pipeline Control on module 'fir_Pipeline_VITIS_LOOP_25_1' pipeline 'VITIS_LOOP_25_1' pipeline type 'loop pipeline'
INFO: [RTGEN 206-100] Generating core module 'mul_32s_32s_32_2_1': 1 instance(s).
INFO: [RTGEN 206-100] Generating core module 'mux_864_32_1_1': 2 instance(s).
INFO: [RTGEN 206-100] Finished creating RTL model for 'fir_Pipeline_VITIS_LOOP_25_1'.
INFO: [HLS 200-111] Finished Creating RTL model: CPU user time: 0.07 seconds. CPU system time: 0 seconds. Elapsed time: 0.07 seconds; current allocated memory: 280.824 MB.
INFO: [HLS 200-10] ----------------------------------------------------------------
INFO: [HLS 200-10] -- Generating RTL for module 'fir' 
INFO: [HLS 200-10] ----------------------------------------------------------------
INFO: [RTGEN 206-500] Setting interface mode on port 'fir/y' to 'ap_vld'.
INFO: [RTGEN 206-500] Setting interface mode on port 'fir/x' to 'ap_none'.
INFO: [RTGEN 206-500] Setting interface mode on function 'fir' to 'ap_ctrl_hs'.
INFO: [RTGEN 206-100] Finished creating RTL model for 'fir'.
INFO: [HLS 200-111] Finished Creating RTL model: CPU user time: 0.13 seconds. CPU system time: 0.01 seconds. Elapsed time: 0.14 seconds; current allocated memory: 283.081 MB.
INFO: [RTMG 210-279] Implementing memory 'fir_fir_Pipeline_VITIS_LOOP_25_1_c_0' using auto ROMs.
INFO: [RTMG 210-279] Implementing memory 'fir_fir_Pipeline_VITIS_LOOP_25_1_c_1' using auto ROMs.
INFO: [RTMG 210-279] Implementing memory 'fir_fir_Pipeline_VITIS_LOOP_25_1_c_3' using auto ROMs.
INFO: [RTMG 210-279] Implementing memory 'fir_fir_Pipeline_VITIS_LOOP_25_1_c_4' using auto ROMs.
INFO: [RTMG 210-279] Implementing memory 'fir_fir_Pipeline_VITIS_LOOP_25_1_c_5' using auto ROMs.
INFO: [RTMG 210-279] Implementing memory 'fir_fir_Pipeline_VITIS_LOOP_25_1_c_6' using auto ROMs.
INFO: [RTMG 210-279] Implementing memory 'fir_fir_Pipeline_VITIS_LOOP_25_1_c_7' using auto ROMs.
INFO: [RTMG 210-278] Implementing memory 'fir_fir_Pipeline_VITIS_LOOP_25_1_shift_reg_7_ram (RAM)' using auto RAMs with power-on initialization.
INFO: [HLS 200-111] Finished Generating all RTL models: CPU user time: 0.95 seconds. CPU system time: 0.03 seconds. Elapsed time: 0.97 seconds; current allocated memory: 285.764 MB.
INFO: [HLS 200-111] Finished Updating report files: CPU user time: 0.24 seconds. CPU system time: 0 seconds. Elapsed time: 0.26 seconds; current allocated memory: 292.461 MB.
INFO: [VHDL 208-304] Generating VHDL RTL for fir.
INFO: [VLOG 209-307] Generating Verilog RTL for fir.
INFO: [HLS 200-790] **** Loop Constraint Status: All loop constraints were NOT satisfied.
INFO: [HLS 200-789] **** Estimated Fmax: 143.93 MHz
INFO: [HLS 200-111]==============================================================
Vitis HLS - High-Level Synthesis from C, C++ and OpenCL v2021.1.1 (64-bit)
Copyright 1986-2021 Xilinx, Inc. All Rights Reserved.
==============================================================
==============================================================
Vitis HLS - High-Level Synthesis from C, C++ and OpenCL v2021.1.1 (64-bit)
Copyright 1986-2021 Xilinx, Inc. All Rights Reserved.
==============================================================
INFO: [SYN 201-201] Setting up clock 'default' with a period of 10ns.
INFO: [HLS 200-1611] Setting target device to 'xc7z020-clg400-1'
INFO: [HLS 200-1505] Using flow_target 'vivado'
INFO: [HLS 200-1510] Running: set_part xc7z020-clg400-1 
INFO: [HLS 200-1510] Running: create_clock -period 10 -name default 
INFO: [HLS 200-1510] Running: set_directive_top -name fir fir 
INFO: [HLS 200-1510] Running: csynth_design 
INFO: [HLS 200-111] Finished File checks and directory preparation: CPU user time: 0.02 seconds. CPU system time: 0.01 seconds. Elapsed time: 0.01 seconds; current allocated memory: 251.675 MB.
INFO: [HLS 200-10] Analyzing design file 'fir.cpp' ... 
INFO: [HLS 200-111] Finished Source Code Analysis and Preprocessing: CPU user time: 0.9 seconds. CPU system time: 0.4 seconds. Elapsed time: 0.65 seconds; current allocated memory: 252.961 MB.
INFO: [HLS 200-777] Using interface defaults for 'Vivado' flow target.
INFO: [HLS 214-279] Initial Interval estimation mode is set into default.
INFO: [HLS 214-284] Auto array partition mode is set into default.
INFO: [HLS 214-270] Starting automatic array partition analysis...
INFO: [HLS 200-111] Finished Compiling Optimization and Transform: CPU user time: 4.19 seconds. CPU system time: 0.39 seconds. Elapsed time: 4.42 seconds; current allocated memory: 254.792 MB.
INFO: [HLS 200-111] Finished Checking Pragmas: CPU user time: 0 seconds. CPU system time: 0 seconds. Elapsed time: 0 seconds; current allocated memory: 254.794 MB.
INFO: [HLS 200-10] Starting code transformations ...
INFO: [HLS 200-111] Finished Standard Transforms: CPU user time: 0.01 seconds. CPU system time: 0.01 seconds. Elapsed time: 0.01 seconds; current allocated memory: 256.002 MB.
INFO: [HLS 200-10] Checking synthesizability ...
INFO: [HLS 200-111] Finished Checking Synthesizability: CPU user time: 0 seconds. CPU system time: 0 seconds. Elapsed time: 0.01 seconds; current allocated memory: 255.178 MB.
INFO: [XFORM 203-101] Partitioning array 'c'  in dimension 1 with a cyclic factor 8.
INFO: [XFORM 203-101] Partitioning array 'shift_reg'  in dimension 1 with a cyclic factor 8.
INFO: [HLS 200-111] Finished Loop, function and other optimizations: CPU user time: 0.04 seconds. CPU system time: 0 seconds. Elapsed time: 0.05 seconds; current allocated memory: 275.822 MB.
INFO: [HLS 200-472] Inferring partial write operation for 'shift_reg.0' (fir.cpp:30:18)
INFO: [HLS 200-472] Inferring partial write operation for 'shift_reg.0' (fir.cpp:27:15)
INFO: [HLS 200-111] Finished Architecture Synthesis: CPU user time: 0.04 seconds. CPU system time: 0.01 seconds. Elapsed time: 0.03 seconds; current allocated memory: 278.260 MB.
INFO: [HLS 200-10] Starting hardware synthesis ...
INFO: [HLS 200-10] Synthesizing 'fir' ...
INFO: [HLS 200-10] ----------------------------------------------------------------
INFO: [HLS 200-42] -- Implementing module 'fir_Pipeline_VITIS_LOOP_25_1' 
INFO: [HLS 200-10] ----------------------------------------------------------------
INFO: [SCHED 204-11] Starting scheduling ...
INFO: [SCHED 204-61] Pipelining loop 'VITIS_LOOP_25_1'.
WARNING: [HLS 200-880] The II Violation in module 'fir_Pipeline_VITIS_LOOP_25_1' (loop 'VITIS_LOOP_25_1'): Unable to enforce a carried dependence constraint (II = 1, distance = 1, offset = 1) between 'store' operation ('shift_reg_0_addr_write_ln27', fir.cpp:27) of variable 'tmp', fir.cpp:27 on array 'shift_reg_0' and 'load' operation ('shift_reg_0_load', fir.cpp:27) on array 'shift_reg_0'.
INFO: [HLS 200-1470] Pipelining result : Target II = 1, Final II = 2, Depth = 5, loop 'VITIS_LOOP_25_1'
INFO: [SCHED 204-11] Finished scheduling.
INFO: [HLS 200-111] Finished Scheduling: CPU user time: 0.07 seconds. CPU system time: 0.01 seconds. Elapsed time: 0.1 seconds; current allocated memory: 278.934 MB.
INFO: [BIND 205-100] Starting micro-architecture generation ...
INFO: [BIND 205-101] Performing variable lifetime analysis.
INFO: [BIND 205-101] Exploring resource sharing.
INFO: [BIND 205-101] Binding ...
INFO: [BIND 205-100] Finished micro-architecture generation.
INFO: [HLS 200-111] Finished Binding: CPU user time: 0.07 seconds. CPU system time: 0.01 seconds. Elapsed time: 0.06 seconds; current allocated memory: 279.512 MB.
INFO: [HLS 200-10] ----------------------------------------------------------------
INFO: [HLS 200-42] -- Implementing module 'fir' 
INFO: [HLS 200-10] ----------------------------------------------------------------
INFO: [SCHED 204-11] Starting scheduling ...
INFO: [SCHED 204-11] Finished scheduling.
INFO: [HLS 200-111] Finished Scheduling: CPU user time: 0.07 seconds. CPU system time: 0 seconds. Elapsed time: 0.08 seconds; current allocated memory: 279.621 MB.
INFO: [BIND 205-100] Starting micro-architecture generation ...
INFO: [BIND 205-101] Performing variable lifetime analysis.
INFO: [BIND 205-101] Exploring resource sharing.
INFO: [BIND 205-101] Binding ...
INFO: [BIND 205-100] Finished micro-architecture generation.
INFO: [HLS 200-111] Finished Binding: CPU user time: 0.04 seconds. CPU system time: 0 seconds. Elapsed time: 0.04 seconds; current allocated memory: 279.775 MB.
INFO: [HLS 200-10] ----------------------------------------------------------------
INFO: [HLS 200-10] -- Generating RTL for module 'fir_Pipeline_VITIS_LOOP_25_1' 
INFO: [HLS 200-10] ----------------------------------------------------------------
INFO: [HLS 200-1030] Apply Unified Pipeline Control on module 'fir_Pipeline_VITIS_LOOP_25_1' pipeline 'VITIS_LOOP_25_1' pipeline type 'loop pipeline'
INFO: [RTGEN 206-100] Generating core module 'mul_32s_32s_32_2_1': 1 instance(s).
INFO: [RTGEN 206-100] Generating core module 'mux_864_32_1_1': 2 instance(s).
INFO: [RTGEN 206-100] Finished creating RTL model for 'fir_Pipeline_VITIS_LOOP_25_1'.
INFO: [HLS 200-111] Finished Creating RTL model: CPU user time: 0.07 seconds. CPU system time: 0 seconds. Elapsed time: 0.07 seconds; current allocated memory: 280.821 MB.
INFO: [HLS 200-10] ----------------------------------------------------------------
INFO: [HLS 200-10] -- Generating RTL for module 'fir' 
INFO: [HLS 200-10] ----------------------------------------------------------------
INFO: [RTGEN 206-500] Setting interface mode on port 'fir/y' to 'ap_vld'.
INFO: [RTGEN 206-500] Setting interface mode on port 'fir/x' to 'ap_none'.
INFO: [RTGEN 206-500] Setting interface mode on function 'fir' to 'ap_ctrl_hs'.
INFO: [RTGEN 206-100] Finished creating RTL model for 'fir'.
INFO: [HLS 200-111] Finished Creating RTL model: CPU user time: 0.15 seconds. CPU system time: 0 seconds. Elapsed time: 0.14 seconds; current allocated memory: 283.080 MB.
INFO: [RTMG 210-279] Implementing memory 'fir_fir_Pipeline_VITIS_LOOP_25_1_c_0' using auto ROMs.
INFO: [RTMG 210-279] Implementing memory 'fir_fir_Pipeline_VITIS_LOOP_25_1_c_1' using auto ROMs.
INFO: [RTMG 210-279] Implementing memory 'fir_fir_Pipeline_VITIS_LOOP_25_1_c_3' using auto ROMs.
INFO: [RTMG 210-279] Implementing memory 'fir_fir_Pipeline_VITIS_LOOP_25_1_c_4' using auto ROMs.
INFO: [RTMG 210-279] Implementing memory 'fir_fir_Pipeline_VITIS_LOOP_25_1_c_5' using auto ROMs.
INFO: [RTMG 210-279] Implementing memory 'fir_fir_Pipeline_VITIS_LOOP_25_1_c_6' using auto ROMs.
INFO: [RTMG 210-279] Implementing memory 'fir_fir_Pipeline_VITIS_LOOP_25_1_c_7' using auto ROMs.
INFO: [RTMG 210-278] Implementing memory 'fir_fir_Pipeline_VITIS_LOOP_25_1_shift_reg_7_ram (RAM)' using auto RAMs with power-on initialization.
INFO: [HLS 200-111] Finished Generating all RTL models: CPU user time: 0.96 seconds. CPU system time: 0.03 seconds. Elapsed time: 0.99 seconds; current allocated memory: 285.762 MB.
INFO: [HLS 200-111] Finished Updating report files: CPU user time: 0.24 seconds. CPU system time: 0.03 seconds. Elapsed time: 0.26 seconds; current allocated memory: 292.459 MB.
INFO: [VHDL 208-304] Generating VHDL RTL for fir.
INFO: [VLOG 209-307] Generating Verilog RTL for fir.
INFO: [HLS 200-790] **** Loop Constraint Status: All loop constraints were NOT satisfied.
INFO: [HLS 200-789] **** Estimated Fmax: 143.93 MHz
INFO: [HLS 200-111] Finished Command csynth_design CPU user time: 6.88 seconds. CPU system time: 0.9 seconds. Elapsed time: 6.94 seconds; current allocated memory: 292.445 MB.
==============================================================
Vitis HLS - High-Level Synthesis from C, C++ and OpenCL v2021.1.1 (64-bit)
Copyright 1986-2021 Xilinx, Inc. All Rights Reserved.
==============================================================
==============================================================
Vitis HLS - High-Level Synthesis from C, C++ and OpenCL v2021.1.1 (64-bit)
Copyright 1986-2021 Xilinx, Inc. All Rights Reserved.
==============================================================
==============================================================
Vitis HLS - High-Level Synthesis from C, C++ and OpenCL v2021.1.1 (64-bit)
Copyright 1986-2021 Xilinx, Inc. All Rights Reserved.
==============================================================
==============================================================
Vitis HLS - High-Level Synthesis from C, C++ and OpenCL v2021.1.1 (64-bit)
Copyright 1986-2021 Xilinx, Inc. All Rights Reserved.
==============================================================
==============================================================
Vitis HLS - High-Level Synthesis from C, C++ and OpenCL v2021.1.1 (64-bit)
Copyright 1986-2021 Xilinx, Inc. All Rights Reserved.
==============================================================
==============================================================
Vitis HLS - High-Level Synthesis from C, C++ and OpenCL v2021.1.1 (64-bit)
Copyright 1986-2021 Xilinx, Inc. All Rights Reserved.
==============================================================
INFO: [SYN 201-201] Setting up clock 'default' with a period of 10ns.
INFO: [HLS 200-1611] Setting target device to 'xc7z020-clg400-1'
INFO: [HLS 200-1505] Using flow_target 'vivado'
INFO: [HLS 200-1510] Running: set_part xc7z020-clg400-1 
INFO: [HLS 200-1510] Running: create_clock -period 10 -name default 
INFO: [HLS 200-1510] Running: set_directive_top -name fir fir 
INFO: [HLS 200-1510] Running: csynth_design 
INFO: [HLS 200-111] Finished File checks and directory preparation: CPU user time: 0.02 seconds. CPU system time: 0 seconds. Elapsed time: 0.01 seconds; current allocated memory: 251.675 MB.
INFO: [HLS 200-10] Analyzing design file 'fir.cpp' ... 
INFO: [HLS 200-111] Finished Source Code Analysis and Preprocessing: CPU user time: 0.85 seconds. CPU system time: 0.36 seconds. Elapsed time: 0.6 seconds; current allocated memory: 252.961 MB.
INFO: [HLS 200-777] Using interface defaults for 'Vivado' flow target.
INFO: [HLS 214-279] Initial Interval estimation mode is set into default.
INFO: [HLS 214-284] Auto array partition mode is set into default.
INFO: [HLS 214-270] Starting automatic array partition analysis...
INFO: [HLS 200-111] Finished Compiling Optimization and Transform: CPU user time: 4.09 seconds. CPU system time: 0.39 seconds. Elapsed time: 4.36 seconds; current allocated memory: 254.792 MB.
INFO: [HLS 200-111] Finished Checking Pragmas: CPU user time: 0 seconds. CPU system time: 0 seconds. Elapsed time: 0 seconds; current allocated memory: 254.793 MB.
INFO: [HLS 200-10] Starting code transformations ...
INFO: [HLS 200-111] Finished Standard Transforms: CPU user time: 0.01 seconds. CPU system time: 0 seconds. Elapsed time: 0.01 seconds; current allocated memory: 256.001 MB.
INFO: [HLS 200-10] Checking synthesizability ...
INFO: [HLS 200-111] Finished Checking Synthesizability: CPU user time: 0.01 seconds. CPU system time: 0 seconds. Elapsed time: 0.01 seconds; current allocated memory: 255.177 MB.
WARNING: [HLS 200-914] Completely partitioning array 'c'  accessed through non-constant indices on dimension 1 (fir.cpp:28:33), which may result in long runtime and suboptimal QoR due to large multiplexers. Please consider wrapping the array access into a function or using a register file core instead.
INFO: [XFORM 203-101] Partitioning array 'c'  in dimension 1 completely.
WARNING: [HLS 200-914] Completely partitioning array 'shift_reg'  accessed through non-constant indices on dimension 1 (fir.cpp:27:2), which may result in long runtime and suboptimal QoR due to large multiplexers. Please consider wrapping the array access into a function or using a register file core instead.
INFO: [XFORM 203-101] Partitioning array 'shift_reg'  in dimension 1 completely.
INFO: [HLS 200-111] Finished Loop, function and other optimizations: CPU user time: 0.3 seconds. CPU system time: 0.01 seconds. Elapsed time: 0.31 seconds; current allocated memory: 279.132 MB.
INFO: [HLS 200-111] Finished Architecture Synthesis: CPU user time: 0.44 seconds. CPU system time: 0.01 seconds. Elapsed time: 0.45 seconds; current allocated memory: 284.127 MB.
INFO: [HLS 200-10] Starting hardware synthesis ...
INFO: [HLS 200-10] Synthesizing 'fir' ...
INFO: [HLS 200-10] ----------------------------------------------------------------
INFO: [HLS 200-42] -- Implementing module 'fir' 
INFO: [HLS 200-10] ----------------------------------------------------------------
INFO: [SCHED 204-11] Starting scheduling ...
INFO: [SCHED 204-61] Pipelining loop 'VITIS_LOOP_25_1'.
INFO: [HLS 200-1470] Pipelining result : Target II = 1, Final II = 1, Depth = 4, loop 'VITIS_LOOP_25_1'
INFO: [SCHED 204-11] Finished scheduling.
INFO: [HLS 200-111] Finished Scheduling: CPU user time: 0.63 seconds. CPU system time: 0.02 seconds. Elapsed time: 0.65 seconds; current allocated memory: 286.452 MB.
INFO: [BIND 205-100] Starting micro-architecture generation ...
INFO: [BIND 205-101] Performing variable lifetime analysis.
INFO: [BIND 205-101] Exploring resource sharing.
INFO: [BIND 205-101] Binding ...
INFO: [BIND 205-100] Finished micro-architecture generation.
INFO: [HLS 200-111] Finished Binding: CPU user time: 0.19 seconds. CPU system time: 0 seconds. Elapsed time: 0.19 seconds; current allocated memory: 288.752 MB.
INFO: [HLS 200-10] ----------------------------------------------------------------
INFO: [HLS 200-10] -- Generating RTL for module 'fir' 
INFO: [HLS 200-10] ----------------------------------------------------------------
INFO: [RTGEN 206-500] Setting interface mode on port 'fir/y' to 'ap_vld'.
INFO: [RTGEN 206-500] Setting interface mode on port 'fir/x' to 'ap_none'.
INFO: [RTGEN 206-500] Setting interface mode on function 'fir' to 'ap_ctrl_hs'.
WARNING: [RTGEN 206-101] Register 'shift_reg_0' is power-on initialization.
WARNING: [RTGEN 206-101] Register 'shift_reg_1' is power-on initialization.
WARNING: [RTGEN 206-101] Register 'shift_reg_2' is power-on initialization.
WARNING: [RTGEN 206-101] Register 'shift_reg_3' is power-on initialization.
WARNING: [RTGEN 206-101] Register 'shift_reg_4' is power-on initialization.
WARNING: [RTGEN 206-101] Register 'shift_reg_5' is power-on initialization.
WARNING: [RTGEN 206-101] Register 'shift_reg_6' is power-on initialization.
WARNING: [RTGEN 206-101] Register 'shift_reg_7' is power-on initialization.
WARNING: [RTGEN 206-101] Register 'shift_reg_8' is power-on initialization.
WARNING: [RTGEN 206-101] Register 'shift_reg_9' is power-on initialization.
WARNING: [RTGEN 206-101] Register 'shift_reg_10' is power-on initialization.
WARNING: [RTGEN 206-101] Register 'shift_reg_11' is power-on initialization.
WARNING: [RTGEN 206-101] Register 'shift_reg_12' is power-on initialization.
WARNING: [RTGEN 206-101] Register 'shift_reg_13' is power-on initialization.
WARNING: [RTGEN 206-101] Register 'shift_reg_14' is power-on initialization.
WARNING: [RTGEN 206-101] Register 'shift_reg_15' is power-on initialization.
WARNING: [RTGEN 206-101] Register 'shift_reg_16' is power-on initialization.
WARNING: [RTGEN 206-101] Register 'shift_reg_17' is power-on initialization.
WARNING: [RTGEN 206-101] Register 'shift_reg_18' is power-on initialization.
WARNING: [RTGEN 206-101] Register 'shift_reg_19' is power-on initialization.
WARNING: [RTGEN 206-101] Register 'shift_reg_20' is power-on initialization.
WARNING: [RTGEN 206-101] Register 'shift_reg_21' is power-on initialization.
WARNING: [RTGEN 206-101] Register 'shift_reg_22' is power-on initialization.
WARNING: [RTGEN 206-101] Register 'shift_reg_23' is power-on initialization.
WARNING: [RTGEN 206-101] Register 'shift_reg_24' is power-on initialization.
WARNING: [RTGEN 206-101] Register 'shift_reg_25' is power-on initialization.
WARNING: [RTGEN 206-101] Register 'shift_reg_26' is power-on initialization.
WARNING: [RTGEN 206-101] Register 'shift_reg_27' is power-on initialization.
WARNING: [RTGEN 206-101] Register 'shift_reg_28' is power-on initialization.
WARNING: [RTGEN 206-101] Register 'shift_reg_29' is power-on initialization.
WARNING: [RTGEN 206-101] Register 'shift_reg_30' is power-on initialization.
WARNING: [RTGEN 206-101] Register 'shift_reg_31' is power-on initialization.
WARNING: [RTGEN 206-101] Register 'shift_reg_32' is power-on initialization.
WARNING: [RTGEN 206-101] Register 'shift_reg_33' is power-on initialization.
WARNING: [RTGEN 206-101] Register 'shift_reg_34' is power-on initialization.
WARNING: [RTGEN 206-101] Register 'shift_reg_35' is power-on initialization.
WARNING: [RTGEN 206-101] Register 'shift_reg_36' is power-on initialization.
WARNING: [RTGEN 206-101] Register 'shift_reg_37' is power-on initialization.
WARNING: [RTGEN 206-101] Register 'shift_reg_38' is power-on initialization.
WARNING: [RTGEN 206-101] Register 'shift_reg_39' is power-on initialization.
WARNING: [RTGEN 206-101] Register 'shift_reg_40' is power-on initialization.
WARNING: [RTGEN 206-101] Register 'shift_reg_41' is power-on initialization.
WARNING: [RTGEN 206-101] Register 'shift_reg_42' is power-on initialization.
WARNING: [RTGEN 206-101] Register 'shift_reg_43' is power-on initialization.
WARNING: [RTGEN 206-101] Register 'shift_reg_44' is power-on initialization.
WARNING: [RTGEN 206-101] Register 'shift_reg_45' is power-on initialization.
==============================================================
Vitis HLS - High-Level Synthesis from C, C++ and OpenCL v2021.1.1 (64-bit)
Copyright 1986-2021 Xilinx, Inc. All Rights Reserved.
==============================================================
==============================================================
Vitis HLS - High-Level Synthesis from C, C++ and OpenCL v2021.1.1 (64-bit)
Copyright 1986-2021 Xilinx, Inc. All Rights Reserved.
==============================================================
INFO: [SYN 201-201] Setting up clock 'default' with a period of 10ns.
INFO: [HLS 200-1611] Setting target device to 'xc7z020-clg400-1'
INFO: [HLS 200-1505] Using flow_target 'vivado'
INFO: [HLS 200-1510] Running: set_part xc7z020-clg400-1 
INFO: [HLS 200-1510] Running: create_clock -period 10 -name default 
INFO: [HLS 200-1510] Running: set_directive_top -name fir fir 
INFO: [HLS 200-1510] Running: csynth_design 
INFO: [HLS 200-111] Finished File checks and directory preparation: CPU user time: 0.02 seconds. CPU system time: 0 seconds. Elapsed time: 0 seconds; current allocated memory: 251.675 MB.
INFO: [HLS 200-10] Analyzing design file 'fir.cpp' ... 
INFO: [HLS 200-111] Finished Source Code Analysis and Preprocessing: CPU user time: 0.82 seconds. CPU system time: 0.36 seconds. Elapsed time: 0.6 seconds; current allocated memory: 252.961 MB.
INFO: [HLS 200-777] Using interface defaults for 'Vivado' flow target.
INFO: [HLS 214-279] Initial Interval estimation mode is set into default.
INFO: [HLS 214-284] Auto array partition mode is set into default.
INFO: [HLS 214-270] Starting automatic array partition analysis...
INFO: [HLS 200-111] Finished Compiling Optimization and Transform: CPU user time: 3.98 seconds. CPU system time: 0.42 seconds. Elapsed time: 4.24 seconds; current allocated memory: 254.791 MB.
INFO: [HLS 200-111] Finished Checking Pragmas: CPU user time: 0 seconds. CPU system time: 0 seconds. Elapsed time: 0 seconds; current allocated memory: 254.793 MB.
INFO: [HLS 200-10] Starting code transformations ...
INFO: [HLS 200-111] Finished Standard Transforms: CPU user time: 0 seconds. CPU system time: 0.01 seconds. Elapsed time: 0.01 seconds; current allocated memory: 256.001 MB.
INFO: [HLS 200-10] Checking synthesizability ...
INFO: [HLS 200-111] Finished Checking Synthesizability: CPU user time: 0.01 seconds. CPU system time: 0 seconds. Elapsed time: 0 seconds; current allocated memory: 255.177 MB.
WARNING: [HLS 200-914] Completely partitioning array 'c'  accessed through non-constant indices on dimension 1 (fir.cpp:28:33), which may result in long runtime and suboptimal QoR due to large multiplexers. Please consider wrapping the array access into a function or using a register file core instead.
INFO: [XFORM 203-101] Partitioning array 'c'  in dimension 1 completely.
WARNING: [HLS 200-914] Completely partitioning array 'shift_reg'  accessed through non-constant indices on dimension 1 (fir.cpp:27:2), which may result in long runtime and suboptimal QoR due to large multiplexers. Please consider wrapping the array access into a function or using a register file core instead.
INFO: [XFORM 203-101] Partitioning array 'shift_reg'  in dimension 1 completely.
INFO: [HLS 200-111] Finished Loop, function and other optimizations: CPU user time: 0.27 seconds. CPU system time: 0.01 seconds. Elapsed time: 0.28 seconds; current allocated memory: 279.128 MB.
INFO: [HLS 200-111] Finished Architecture Synthesis: CPU user time: 0.43 seconds. CPU system time: 0 seconds. Elapsed time: 0.44 seconds; current allocated memory: 284.127 MB.
INFO: [HLS 200-10] Starting hardware synthesis ...
INFO: [HLS 200-10] Synthesizing 'fir' ...
INFO: [HLS 200-10] ----------------------------------------------------------------
INFO: [HLS 200-42] -- Implementing module 'fir' 
INFO: [HLS 200-10] ----------------------------------------------------------------
INFO: [SCHED 204-11] Starting scheduling ...
INFO: [SCHED 204-61] Pipelining loop 'VITIS_LOOP_25_1'.
INFO: [HLS 200-1470] Pipelining result : Target II = 1, Final II = 1, Depth = 4, loop 'VITIS_LOOP_25_1'
INFO: [SCHED 204-11] Finished scheduling.
INFO: [HLS 200-111] Finished Scheduling: CPU user time: 0.62 seconds. CPU system time: 0.02 seconds. Elapsed time: 0.63 seconds; current allocated memory: 286.450 MB.
INFO: [BIND 205-100] Starting micro-architecture generation ...
INFO: [BIND 205-101] Performing variable lifetime analysis.
INFO: [BIND 205-101] Exploring resource sharing.
INFO: [BIND 205-101] Binding ...
INFO: [BIND 205-100] Finished micro-architecture generation.
INFO: [HLS 200-111] Finished Binding: CPU user time: 0.19 seconds. CPU system time: 0 seconds. Elapsed time: 0.19 seconds; current allocated memory: 288.753 MB.
INFO: [HLS 200-10] ----------------------------------------------------------------
INFO: [HLS 200-10] -- Generating RTL for module 'fir' 
INFO: [HLS 200-10] ----------------------------------------------------------------
INFO: [RTGEN 206-500] Setting interface mode on port 'fir/y' to 'ap_vld'.
INFO: [RTGEN 206-500] Setting interface mode on port 'fir/x' to 'ap_none'.
INFO: [RTGEN 206-500] Setting interface mode on function 'fir' to 'ap_ctrl_hs'.
WARNING: [RTGEN 206-101] Register 'shift_reg_0' is power-on initialization.
WARNING: [RTGEN 206-101] Register 'shift_reg_1' is power-on initialization.
WARNING: [RTGEN 206-101] Register 'shift_reg_2' is power-on initialization.
WARNING: [RTGEN 206-101] Register 'shift_reg_3' is power-on initialization.
WARNING: [RTGEN 206-101] Register 'shift_reg_4' is power-on initialization.
WARNING: [RTGEN 206-101] Register 'shift_reg_5' is power-on initialization.
WARNING: [RTGEN 206-101] Register 'shift_reg_6' is power-on initialization.
WARNING: [RTGEN 206-101] Register 'shift_reg_7' is power-on initialization.
WARNING: [RTGEN 206-101] Register 'shift_reg_8' is power-on initialization.
WARNING: [RTGEN 206-101] Register 'shift_reg_9' is power-on initialization.
WARNING: [RTGEN 206-101] Register 'shift_reg_10' is power-on initialization.
WARNING: [RTGEN 206-101] Register 'shift_reg_11' is power-on initialization.
WARNING: [RTGEN 206-101] Register 'shift_reg_12' is power-on initialization.
WARNING: [RTGEN 206-101] Register 'shift_reg_13' is power-on initialization.
WARNING: [RTGEN 206-101] Register 'shift_reg_14' is power-on initialization.
WARNING: [RTGEN 206-101] Register 'shift_reg_15' is power-on initialization.
WARNING: [RTGEN 206-101] Register 'shift_reg_16' is power-on initialization.
WARNING: [RTGEN 206-101] Register 'shift_reg_17' is power-on initialization.
WARNING: [RTGEN 206-101] Register 'shift_reg_18' is power-on initialization.
WARNING: [RTGEN 206-101] Register 'shift_reg_19' is power-on initialization.
WARNING: [RTGEN 206-101] Register 'shift_reg_20' is power-on initialization.
WARNING: [RTGEN 206-101] Register 'shift_reg_21' is power-on initialization.
WARNING: [RTGEN 206-101] Register 'shift_reg_22' is power-on initialization.
WARNING: [RTGEN 206-101] Register 'shift_reg_23' is power-on initialization.
WARNING: [RTGEN 206-101] Register 'shift_reg_24' is power-on initialization.
WARNING: [RTGEN 206-101] Register 'shift_reg_25' is power-on initialization.
WARNING: [RTGEN 206-101] Register 'shift_reg_26' is power-on initialization.
WARNING: [RTGEN 206-101] Register 'shift_reg_27' is power-on initialization.
WARNING: [RTGEN 206-101] Register 'shift_reg_28' is power-on initialization.
WARNING: [RTGEN 206-101] Register 'shift_reg_29' is power-on initialization.
WARNING: [RTGEN 206-101] Register 'shift_reg_30' is power-on initialization.
WARNING: [RTGEN 206-101] Register 'shift_reg_31' is power-on initialization.
WARNING: [RTGEN 206-101] Register 'shift_reg_32' is power-on initialization.
WARNING: [RTGEN 206-101] Register 'shift_reg_33' is power-on initialization.
WARNING: [RTGEN 206-101] Register 'shift_reg_34' is power-on initialization.
WARNING: [RTGEN 206-101] Register 'shift_reg_35' is power-on initialization.
WARNING: [RTGEN 206-101] Register 'shift_reg_36' is power-on initialization.
WARNING: [RTGEN 206-101] Register 'shift_reg_37' is power-on initialization.
WARNING: [RTGEN 206-101] Register 'shift_reg_38' is power-on initialization.
WARNING: [RTGEN 206-101] Register 'shift_reg_39' is power-on initialization.
WARNING: [RTGEN 206-101] Register 'shift_reg_40' is power-on initialization.
WARNING: [RTGEN 206-101] Register 'shift_reg_41' is power-on initialization.
WARNING: [RTGEN 206-101] Register 'shift_reg_42' is power-on initialization.
WARNING: [RTGEN 206-101] Register 'shift_reg_43' is power-on initialization.
WARNING: [RTGEN 206-101] Register 'shift_reg_44' is power-on initialization.
WARNING: [RTGEN 206-101] Register 'shift_reg_45' is power-on initialization.
==============================================================
Vitis HLS - High-Level Synthesis from C, C++ and OpenCL v2021.1.1 (64-bit)
Copyright 1986-2021 Xilinx, Inc. All Rights Reserved.
==============================================================
==============================================================
Vitis HLS - High-Level Synthesis from C, C++ and OpenCL v2021.1.1 (64-bit)
Copyright 1986-2021 Xilinx, Inc. All Rights Reserved.
==============================================================
INFO: [SYN 201-201] Setting up clock 'default' with a period of 10ns.
INFO: [HLS 200-1611] Setting target device to 'xc7z020-clg400-1'
INFO: [HLS 200-1505] Using flow_target 'vivado'
INFO: [HLS 200-1510] Running: set_part xc7z020-clg400-1 
INFO: [HLS 200-1510] Running: create_clock -period 10 -name default 
INFO: [HLS 200-1510] Running: set_directive_top -name fir fir 
INFO: [HLS 200-1510] Running: csynth_design 
INFO: [HLS 200-111] Finished File checks and directory preparation: CPU user time: 0.01 seconds. CPU system time: 0 seconds. Elapsed time: 0.01 seconds; current allocated memory: 251.675 MB.
INFO: [HLS 200-10] Analyzing design file 'fir.cpp' ... 
INFO: [HLS 200-111] Finished Source Code Analysis and Preprocessing: CPU user time: 0.79 seconds. CPU system time: 0.35 seconds. Elapsed time: 0.57 seconds; current allocated memory: 252.946 MB.
INFO: [HLS 200-777] Using interface defaults for 'Vivado' flow target.
INFO: [HLS 214-279] Initial Interval estimation mode is set into default.
INFO: [HLS 214-284] Auto array partition mode is set into default.
INFO: [HLS 214-270] Starting automatic array partition analysis...
INFO: [HLS 214-270] Inferring cyclic partitioning for array 'fir(int*, int)::shift_reg' on dimension 1 with factor 2 (fir.cpp:21:0)
INFO: [HLS 200-111] Finished Compiling Optimization and Transform: CPU user time: 4.17 seconds. CPU system time: 0.39 seconds. Elapsed time: 4.41 seconds; current allocated memory: 254.809 MB.
INFO: [HLS 200-111] Finished Checking Pragmas: CPU user time: 0 seconds. CPU system time: 0 seconds. Elapsed time: 0 seconds; current allocated memory: 254.810 MB.
INFO: [HLS 200-10] Starting code transformations ...
INFO: [HLS 200-111] Finished Standard Transforms: CPU user time: 0.01 seconds. CPU system time: 0 seconds. Elapsed time: 0.01 seconds; current allocated memory: 256.021 MB.
INFO: [HLS 200-10] Checking synthesizability ...
INFO: [HLS 200-111] Finished Checking Synthesizability: CPU user time: 0.01 seconds. CPU system time: 0 seconds. Elapsed time: 0.01 seconds; current allocated memory: 255.197 MB.
WARNING: [HLS 200-914] Completely partitioning array 'c'  accessed through non-constant indices on dimension 1 (fir.cpp:29:33), which may result in long runtime and suboptimal QoR due to large multiplexers. Please consider wrapping the array access into a function or using a register file core instead.
INFO: [XFORM 203-101] Partitioning array 'c'  in dimension 1 completely.
INFO: [XFORM 203-101] Partitioning array 'shift_reg'  in dimension 1 with a cyclic factor 2.
INFO: [XFORM 203-401] Performing if-conversion on hyperblock from (fir.cpp:24:8) to (fir.cpp:28:15) in function 'fir'... converting 4 basic blocks.
INFO: [HLS 200-111] Finished Loop, function and other optimizations: CPU user time: 0.05 seconds. CPU system time: 0.01 seconds. Elapsed time: 0.06 seconds; current allocated memory: 275.844 MB.
INFO: [HLS 200-472] Inferring partial write operation for 'shift_reg.0' (fir.cpp:31:18)
INFO: [HLS 200-472] Inferring partial write operation for 'shift_reg.0' (fir.cpp:28:15)
INFO: [HLS 200-111] Finished Architecture Synthesis: CPU user time: 0.03 seconds. CPU system time: 0 seconds. Elapsed time: 0.03 seconds; current allocated memory: 277.923 MB.
INFO: [HLS 200-10] Starting hardware synthesis ...
INFO: [HLS 200-10] Synthesizing 'fir' ...
INFO: [HLS 200-10] ----------------------------------------------------------------
INFO: [HLS 200-42] -- Implementing module 'fir_Pipeline_VITIS_LOOP_26_1' 
INFO: [HLS 200-10] ----------------------------------------------------------------
INFO: [SCHED 204-11] Starting scheduling ...
INFO: [SCHED 204-61] Pipelining loop 'VITIS_LOOP_26_1'.
WARNING: [HLS 200-880] The II Violation in module 'fir_Pipeline_VITIS_LOOP_26_1' (loop 'VITIS_LOOP_26_1'): Unable to enforce a carried dependence constraint (II = 1, distance = 1, offset = 1) between 'store' operation ('shift_reg_0_addr_1_write_ln28', fir.cpp:28) of variable 'select_ln28', fir.cpp:28 on array 'shift_reg_0' and 'load' operation ('shift_reg_0_load', fir.cpp:28) on array 'shift_reg_0'.
INFO: [HLS 200-1470] Pipelining result : Target II = 1, Final II = 2, Depth = 5, loop 'VITIS_LOOP_26_1'
INFO: [SCHED 204-11] Finished scheduling.
INFO: [HLS 200-111] Finished Scheduling: CPU user time: 0.05 seconds. CPU system time: 0.02 seconds. Elapsed time: 0.06 seconds; current allocated memory: 278.362 MB.
INFO: [BIND 205-100] Starting micro-architecture generation ...
INFO: [BIND 205-101] Performing variable lifetime analysis.
INFO: [BIND 205-101] Exploring resource sharing.
INFO: [BIND 205-101] Binding ...
INFO: [BIND 205-100] Finished micro-architecture generation.
INFO: [HLS 200-111] Finished Binding: CPU user time: 0.05 seconds. CPU system time: 0 seconds. Elapsed time: 0.05 seconds; current allocated memory: 278.754 MB.
INFO: [HLS 200-10] ----------------------------------------------------------------
INFO: [HLS 200-42] -- Implementing module 'fir' 
INFO: [HLS 200-10] ----------------------------------------------------------------
INFO: [SCHED 204-11] Starting scheduling ...
INFO: [SCHED 204-11] Finished scheduling.
INFO: [HLS 200-111] Finished Scheduling: CPU user time: 0.06 seconds. CPU system time: 0 seconds. Elapsed time: 0.05 seconds; current allocated memory: 278.860 MB.
INFO: [BIND 205-100] Starting micro-architecture generation ...
INFO: [BIND 205-101] Performing variable lifetime analysis.
INFO: [BIND 205-101] Exploring resource sharing.
INFO: [BIND 205-101] Binding ...
INFO: [BIND 205-100] Finished micro-architecture generation.
INFO: [HLS 200-111] Finished Binding: CPU user time: 0.03 seconds. CPU system time: 0 seconds. Elapsed time: 0.03 seconds; current allocated memory: 278.988 MB.
INFO: [HLS 200-10] ----------------------------------------------------------------
INFO: [HLS 200-10] -- Generating RTL for module 'fir_Pipeline_VITIS_LOOP_26_1' 
INFO: [HLS 200-10] ----------------------------------------------------------------
INFO: [HLS 200-1030] Apply Unified Pipeline Control on module 'fir_Pipeline_VITIS_LOOP_26_1' pipeline 'VITIS_LOOP_26_1' pipeline type 'loop pipeline'
INFO: [RTGEN 206-100] Generating core module 'mul_32s_32s_32_2_1': 1 instance(s).
INFO: [RTGEN 206-100] Generating core module 'mux_1287_32_1_1': 1 instance(s).
INFO: [RTGEN 206-100] Finished creating RTL model for 'fir_Pipeline_VITIS_LOOP_26_1'.
INFO: [HLS 200-111] Finished Creating RTL model: CPU user time: 0.05 seconds. CPU system time: 0 seconds. Elapsed time: 0.06 seconds; current allocated memory: 280.059 MB.
INFO: [HLS 200-10] ----------------------------------------------------------------
INFO: [HLS 200-10] -- Generating RTL for module 'fir' 
INFO: [HLS 200-10] ----------------------------------------------------------------
INFO: [RTGEN 206-500] Setting interface mode on port 'fir/y' to 'ap_vld'.
INFO: [RTGEN 206-500] Setting interface mode on port 'fir/x' to 'ap_none'.
INFO: [RTGEN 206-500] Setting interface mode on function 'fir' to 'ap_ctrl_hs'.
INFO: [RTGEN 206-100] Finished creating RTL model for 'fir'.
INFO: [HLS 200-111] Finished Creating RTL model: CPU user time: 0.1 seconds. CPU system time: 0 seconds. Elapsed time: 0.1 seconds; current allocated memory: 281.386 MB.
INFO: [RTMG 210-278] Implementing memory 'fir_fir_Pipeline_VITIS_LOOP_26_1_shift_reg_1_ram (RAM_2P_BRAM)' using block RAMs with power-on initialization.
INFO: [HLS 200-111] Finished Generating all RTL models: CPU user time: 0.3 seconds. CPU system time: 0.01 seconds. Elapsed time: 0.31 seconds; current allocated memory: 284.002 MB.
INFO: [HLS 200-111] Finished Updating report files: CPU user time: 0.23 seconds. CPU system time: 0.02 seconds. Elapsed time: 0.26 seconds; current allocated memory: 290.426 MB.
INFO: [VHDL 208-304] Generating VHDL RTL for fir.
INFO: [VLOG 209-307] Generating Verilog RTL for fir.
INFO: [HLS 200-790] **** Loop Constraint Status: All loop constraints were NOT satisfied.
INFO: [HLS 200-789] **** Estimated Fmax: 138.77 MHz
INFO: [HLS 200-111] Finished Command csynth_design CPU user time: 5.96 seconds. CPU system time: 0.81 seconds. Elapsed time: 6.05 seconds; current allocated memory: 290.412 MB.
INFO: [HLS 200-112] Total CPU user time: 9.24 seconds. Total CPU system time: 1.31 seconds. Total elapsed time: 8.37 seconds; peak allocated memory: 290.426 MB.
==============================================================
Vitis HLS - High-Level Synthesis from C, C++ and OpenCL v2021.1.1 (64-bit)
Copyright 1986-2021 Xilinx, Inc. All Rights Reserved.
==============================================================
==============================================================
Vitis HLS - High-Level Synthesis from C, C++ and OpenCL v2021.1.1 (64-bit)
Copyright 1986-2021 Xilinx, Inc. All Rights Reserved.
==============================================================
==============================================================
Vitis HLS - High-Level Synthesis from C, C++ and OpenCL v2021.1.1 (64-bit)
Copyright 1986-2021 Xilinx, Inc. All Rights Reserved.
==============================================================
==============================================================
Vitis HLS - High-Level Synthesis from C, C++ and OpenCL v2021.1.1 (64-bit)
Copyright 1986-2021 Xilinx, Inc. All Rights Reserved.
==============================================================
==============================================================
Vitis HLS - High-Level Synthesis from C, C++ and OpenCL v2021.1.1 (64-bit)
Copyright 1986-2021 Xilinx, Inc. All Rights Reserved.
==============================================================
==============================================================
Vitis HLS - High-Level Synthesis from C, C++ and OpenCL v2021.1.1 (64-bit)
Copyright 1986-2021 Xilinx, Inc. All Rights Reserved.
==============================================================
==============================================================
Vitis HLS - High-Level Synthesis from C, C++ and OpenCL v2021.1.1 (64-bit)
Copyright 1986-2021 Xilinx, Inc. All Rights Reserved.
==============================================================
==============================================================
Vitis HLS - High-Level Synthesis from C, C++ and OpenCL v2021.1.1 (64-bit)
Copyright 1986-2021 Xilinx, Inc. All Rights Reserved.
==============================================================
==============================================================
Vitis HLS - High-Level Synthesis from C, C++ and OpenCL v2021.1.1 (64-bit)
Copyright 1986-2021 Xilinx, Inc. All Rights Reserved.
==============================================================
==============================================================
Vitis HLS - High-Level Synthesis from C, C++ and OpenCL v2021.1.1 (64-bit)
Copyright 1986-2021 Xilinx, Inc. All Rights Reserved.
==============================================================
==============================================================
Vitis HLS - High-Level Synthesis from C, C++ and OpenCL v2021.1.1 (64-bit)
Copyright 1986-2021 Xilinx, Inc. All Rights Reserved.
==============================================================
==============================================================
Vitis HLS - High-Level Synthesis from C, C++ and OpenCL v2021.1.1 (64-bit)
Copyright 1986-2021 Xilinx, Inc. All Rights Reserved.
==============================================================
==============================================================
Vitis HLS - High-Level Synthesis from C, C++ and OpenCL v2021.1.1 (64-bit)
Copyright 1986-2021 Xilinx, Inc. All Rights Reserved.
==============================================================
==============================================================
Vitis HLS - High-Level Synthesis from C, C++ and OpenCL v2021.1.1 (64-bit)
Copyright 1986-2021 Xilinx, Inc. All Rights Reserved.
==============================================================
==============================================================
Vitis HLS - High-Level Synthesis from C, C++ and OpenCL v2021.1.1 (64-bit)
Copyright 1986-2021 Xilinx, Inc. All Rights Reserved.
==============================================================
==============================================================
Vitis HLS - High-Level Synthesis from C, C++ and OpenCL v2021.1.1 (64-bit)
Copyright 1986-2021 Xilinx, Inc. All Rights Reserved.
==============================================================
==============================================================
Vitis HLS - High-Level Synthesis from C, C++ and OpenCL v2021.1.1 (64-bit)
Copyright 1986-2021 Xilinx, Inc. All Rights Reserved.
==============================================================
