INFO-FLOW: Workspace /home/henrikhestnes/Documents/CSE237C_Embedded/project1/fir128/baseline/solution1 opened at Sat Oct 02 17:23:50 PDT 2021
Execute         send_msg_by_id INFO @200-1505@%s%s default  vivado 
INFO: [HLS 200-1505] Using default flow_target 'vivado'
Execute         get_config_interface -m_axi_latency 
Execute         get_config_interface -m_axi_alignment_byte_size 
Execute         get_config_interface -m_axi_max_widen_bitwidth 
Execute         get_config_interface -default_interface 
Execute         get_config_rtl -register_reset_num 
Execute       set_part xc7z020clg400-1 
INFO: [HLS 200-1510] Running: set_part xc7z020clg400-1 
Execute         create_platform xc7z020clg400-1 -board  
DBG:HLSDevice: Trying to load device library: /tools/Xilinx/Vitis_HLS/2021.1/lib/lnx64.o/librdi_hlsvwrap.so
DBG:HLSDevice: first parts/arch.xml in RDI_DATADIR: /tools/Xilinx/Vivado/2021.1/data/parts/arch.xml
DBG:HLSDevice: init success
Execute           source /tools/Xilinx/Vitis_HLS/2021.1/common/technology/xilinx/DSP48/dsp48.hlp 
Execute           source /tools/Xilinx/Vitis_HLS/2021.1/common/technology/xilinx/DSP48/zynq_dsp48e1.hlp 
INFO: [HLS 200-1611] Setting target device to 'xc7z020-clg400-1'
Command         create_platform done; 1.35 sec.
Execute         source /tools/Xilinx/Vitis_HLS/2021.1/common/technology/xilinx/common/xilinx.gen 
Execute           source /tools/Xilinx/Vitis_HLS/2021.1/common/technology/xilinx/interface/plb46.gen 
Execute           source /tools/Xilinx/Vitis_HLS/2021.1/common/technology/xilinx/interface/axi4.gen 
Execute           source /tools/Xilinx/Vitis_HLS/2021.1/common/technology/xilinx/interface/nativeAXI4.gen 
Execute             source /tools/Xilinx/Vitis_HLS/2021.1/common/technology/xilinx/interface/saxilite.gen 
Execute             source /tools/Xilinx/Vitis_HLS/2021.1/common/technology/xilinx/interface/maxi.gen 
Execute           source /tools/Xilinx/Vitis_HLS/2021.1/common/technology/xilinx/scripts/xilinxcoregen.gen 
Execute           source /tools/Xilinx/Vitis_HLS/2021.1/common/technology/xilinx/interface/XilEDKCoreGen.gen 
Execute           source /tools/Xilinx/Vitis_HLS/2021.1/common/technology/xilinx/ip/dds_compiler.gen 
Execute           source /tools/Xilinx/Vitis_HLS/2021.1/common/technology/xilinx/ip/xfir.gen 
Execute           source /tools/Xilinx/Vitis_HLS/2021.1/common/technology/xilinx/ip/xfft.gen 
Execute           source /tools/Xilinx/Vitis_HLS/2021.1/common/technology/xilinx/ip/util.gen 
Execute           source /tools/Xilinx/Vitis_HLS/2021.1/common/technology/xilinx/DSP48/dsp48.gen 
Execute         ap_part_info -name xc7z020-clg400-1 -data info 
Execute         config_compile -quiet -complex-mul-dsp=0 
Command       set_part done; 1.48 sec.
Execute       create_clock -period 10 
INFO: [HLS 200-1510] Running: create_clock -period 10 
Execute         ap_set_clock -name default -period 10 -default=false 
INFO: [SYN 201-201] Setting up clock 'default' with a period of 10ns.
Command     ap_source done; 1.52 sec.
Execute     get_project 
Command   open_tcl_project done; 1.52 sec.
Execute   get_project -directory 
INFO-FLOW: Workspace /home/henrikhestnes/Documents/CSE237C_Embedded/project1/fir128/baseline/solution1 opened at Sat Oct 02 17:27:14 PDT 2021
Execute     ap_set_clock -name default -period 10 -default=false 
INFO: [SYN 201-201] Setting up clock 'default' with a period of 10ns.
Execute     set_part xc7z020-clg400-1 
Execute       create_platform xc7z020-clg400-1 -board  
DBG:HLSDevice: Trying to load device library: /tools/Xilinx/Vitis_HLS/2021.1/lib/lnx64.o/librdi_hlsvwrap.so
DBG:HLSDevice: first parts/arch.xml in RDI_DATADIR: /tools/Xilinx/Vivado/2021.1/data/parts/arch.xml
DBG:HLSDevice: init success
Execute         source /tools/Xilinx/Vitis_HLS/2021.1/common/technology/xilinx/DSP48/dsp48.hlp 
Execute         source /tools/Xilinx/Vitis_HLS/2021.1/common/technology/xilinx/DSP48/zynq_dsp48e1.hlp 
INFO: [HLS 200-1611] Setting target device to 'xc7z020-clg400-1'
Command       create_platform done; 1.63 sec.
Execute       source /tools/Xilinx/Vitis_HLS/2021.1/common/technology/xilinx/common/xilinx.gen 
Execute         source /tools/Xilinx/Vitis_HLS/2021.1/common/technology/xilinx/interface/plb46.gen 
Execute         source /tools/Xilinx/Vitis_HLS/2021.1/common/technology/xilinx/interface/axi4.gen 
Execute         source /tools/Xilinx/Vitis_HLS/2021.1/common/technology/xilinx/interface/nativeAXI4.gen 
Execute           source /tools/Xilinx/Vitis_HLS/2021.1/common/technology/xilinx/interface/saxilite.gen 
Execute           source /tools/Xilinx/Vitis_HLS/2021.1/common/technology/xilinx/interface/maxi.gen 
Execute         source /tools/Xilinx/Vitis_HLS/2021.1/common/technology/xilinx/scripts/xilinxcoregen.gen 
Execute         source /tools/Xilinx/Vitis_HLS/2021.1/common/technology/xilinx/interface/XilEDKCoreGen.gen 
Execute         source /tools/Xilinx/Vitis_HLS/2021.1/common/technology/xilinx/ip/dds_compiler.gen 
Execute         source /tools/Xilinx/Vitis_HLS/2021.1/common/technology/xilinx/ip/xfir.gen 
Execute         source /tools/Xilinx/Vitis_HLS/2021.1/common/technology/xilinx/ip/xfft.gen 
Execute         source /tools/Xilinx/Vitis_HLS/2021.1/common/technology/xilinx/ip/util.gen 
Execute         source /tools/Xilinx/Vitis_HLS/2021.1/common/technology/xilinx/DSP48/dsp48.gen 
Command       ap_source done; 0.13 sec.
Execute       ap_part_info -name xc7z020-clg400-1 -data info 
Execute       config_compile -quiet -complex-mul-dsp=0 
Command     set_part done; 1.79 sec.
Execute     send_msg_by_id INFO @200-1505@%s%s  vivado 
INFO: [HLS 200-1505] Using flow_target 'vivado'
Execute     get_config_interface -m_axi_latency 
Execute     get_config_interface -m_axi_alignment_byte_size 
Execute     get_config_interface -m_axi_max_widen_bitwidth 
Execute     get_config_interface -default_interface 
Execute     get_config_rtl -register_reset_num 
Command   open_solution done; 1.8 sec.
Execute   set_part xc7z020-clg400-1 
INFO: [HLS 200-1510] Running: set_part xc7z020-clg400-1 
Execute     create_platform xc7z020-clg400-1 -board  
Execute       source /tools/Xilinx/Vitis_HLS/2021.1/common/technology/xilinx/DSP48/dsp48.hlp 
Execute       source /tools/Xilinx/Vitis_HLS/2021.1/common/technology/xilinx/DSP48/zynq_dsp48e1.hlp 
Execute     source /tools/Xilinx/Vitis_HLS/2021.1/common/technology/xilinx/common/xilinx.gen 
Execute       source /tools/Xilinx/Vitis_HLS/2021.1/common/technology/xilinx/interface/plb46.gen 
Execute       source /tools/Xilinx/Vitis_HLS/2021.1/common/technology/xilinx/interface/axi4.gen 
Execute       source /tools/Xilinx/Vitis_HLS/2021.1/common/technology/xilinx/interface/nativeAXI4.gen 
Execute         source /tools/Xilinx/Vitis_HLS/2021.1/common/technology/xilinx/interface/saxilite.gen 
Execute         source /tools/Xilinx/Vitis_HLS/2021.1/common/technology/xilinx/interface/maxi.gen 
Execute       source /tools/Xilinx/Vitis_HLS/2021.1/common/technology/xilinx/scripts/xilinxcoregen.gen 
Execute       source /tools/Xilinx/Vitis_HLS/2021.1/common/technology/xilinx/interface/XilEDKCoreGen.gen 
Execute       source /tools/Xilinx/Vitis_HLS/2021.1/common/technology/xilinx/ip/dds_compiler.gen 
Execute       source /tools/Xilinx/Vitis_HLS/2021.1/common/technology/xilinx/ip/xfir.gen 
Execute       source /tools/Xilinx/Vitis_HLS/2021.1/common/technology/xilinx/ip/xfft.gen 
Execute       source /tools/Xilinx/Vitis_HLS/2021.1/common/technology/xilinx/ip/util.gen 
Execute       source /tools/Xilinx/Vitis_HLS/2021.1/common/technology/xilinx/DSP48/dsp48.gen 
Command     ap_source done; 0.13 sec.
Execute     ap_part_info -name xc7z020-clg400-1 -data info 
Execute     config_compile -quiet -complex-mul-dsp=0 
Command   set_part done; 0.19 sec.
Execute   create_clock -period 10 -name default 
INFO: [HLS 200-1510] Running: create_clock -period 10 -name default 
Execute   csim_design -profile -quiet 
INFO: [HLS 200-1510] Running: csim_design -profile -quiet 
INFO: [SIM 211-2] *************** CSIM start ***************
INFO: [SIM 211-4] CSIM will launch CLANG as the compiler.
Execute     ap_part_info -name xc7z020-clg400-1 -data info 
Execute     source run_sim.tcl 
INFO: [SIM 211-1] CSim done with 0 errors.
INFO: [SIM 211-3] *************** CSIM finish ***************
Command   csim_design done; 0.74 sec.
INFO: [HLS 200-111] Finished Command csim_design CPU user time: 1.16 seconds. CPU system time: 0.33 seconds. Elapsed time: 0.74 seconds; current allocated memory: 251.261 MB.
Command ap_source done; 2.76 sec.
Execute cleanup_all 
