

================================================================
== Vitis HLS Report for 'fir_Pipeline_VITIS_LOOP_29_1'
================================================================
* Date:           Mon Oct  4 22:44:43 2021

* Version:        2021.1.1 (Build 3286242 on Wed Jul 28 13:09:46 MDT 2021)
* Project:        baseline
* Solution:       solution1 (Vivado IP Flow Target)
* Product family: zynq
* Target device:  xc7z020-clg400-1


================================================================
== Performance Estimates
================================================================
+ Timing: 
    * Summary: 
    +--------+----------+----------+------------+
    |  Clock |  Target  | Estimated| Uncertainty|
    +--------+----------+----------+------------+
    |ap_clk  |  10.00 ns|  6.912 ns|     2.70 ns|
    +--------+----------+----------+------------+

+ Latency: 
    * Summary: 
    +---------+---------+----------+----------+-----+-----+---------+
    |  Latency (cycles) |  Latency (absolute) |  Interval | Pipeline|
    |   min   |   max   |    min   |    max   | min | max |   Type  |
    +---------+---------+----------+----------+-----+-----+---------+
    |      132|      132|  1.320 us|  1.320 us|  132|  132|       no|
    +---------+---------+----------+----------+-----+-----+---------+

    + Detail: 
        * Instance: 
        N/A

        * Loop: 
        +-------------------+---------+---------+----------+-----------+-----------+------+----------+
        |                   |  Latency (cycles) | Iteration|  Initiation Interval  | Trip |          |
        |     Loop Name     |   min   |   max   |  Latency |  achieved |   target  | Count| Pipelined|
        +-------------------+---------+---------+----------+-----------+-----------+------+----------+
        |- VITIS_LOOP_29_1  |      130|      130|         5|          1|          1|   127|       yes|
        +-------------------+---------+---------+----------+-----------+-----------+------+----------+

============================================================
+ Verbose Summary: Synthesis Manager
============================================================
InlineROM: 1
ExposeGlobal: 0
============================================================
+ Verbose Summary: CDFG Model
============================================================
IsTopModel: 0
ResetActiveHigh: 1
IsCombinational: 0
IsDatapathOnly: 0
HasWiredReturn: 1
HasMFsm: 2
HasVarLatency: 1
IsPipeline: 0
IsRtlPipelined: 0
IsInstanceOverlapped: 0
IsDontTouch: 0
HasImplIP: 0
IsGatedGlobalClock: 0

+ Individual pipeline summary: 
  * Pipeline-0: initiation interval (II) = 1, depth = 5


============================================================
+ Verbose Summary: Schedule
============================================================
* Number of FSM states : 5
* Pipeline : 1
  Pipeline-0 : II = 1, D = 5, States = { 1 2 3 4 5 }
* Dataflow Pipeline: 0

* FSM state transitions: 
1 --> 2 
2 --> 3 
3 --> 4 
4 --> 5 
5 --> 

* FSM state operations: 

State 1 <SV = 0> <Delay = 5.03>
ST_1 : Operation 8 [1/1] (0.00ns)   --->   "%acc = alloca i32 1"   --->   Operation 8 'alloca' 'acc' <Predicate = true> <Delay = 0.00>
ST_1 : Operation 9 [1/1] (0.00ns)   --->   "%i = alloca i32 1"   --->   Operation 9 'alloca' 'i' <Predicate = true> <Delay = 0.00>
ST_1 : Operation 10 [1/1] (0.00ns)   --->   "%specmemcore_ln0 = specmemcore void @_ssdm_op_SpecMemCore, i32 %shift_reg_3, i64 666, i64 22, i64 18446744073709551615"   --->   Operation 10 'specmemcore' 'specmemcore_ln0' <Predicate = true> <Delay = 0.00>
ST_1 : Operation 11 [1/1] (0.00ns)   --->   "%specmemcore_ln0 = specmemcore void @_ssdm_op_SpecMemCore, i32 %shift_reg_2, i64 666, i64 22, i64 18446744073709551615"   --->   Operation 11 'specmemcore' 'specmemcore_ln0' <Predicate = true> <Delay = 0.00>
ST_1 : Operation 12 [1/1] (0.00ns)   --->   "%specmemcore_ln0 = specmemcore void @_ssdm_op_SpecMemCore, i32 %shift_reg_1, i64 666, i64 22, i64 18446744073709551615"   --->   Operation 12 'specmemcore' 'specmemcore_ln0' <Predicate = true> <Delay = 0.00>
ST_1 : Operation 13 [1/1] (0.00ns)   --->   "%specmemcore_ln0 = specmemcore void @_ssdm_op_SpecMemCore, i32 %shift_reg_0, i64 666, i64 22, i64 18446744073709551615"   --->   Operation 13 'specmemcore' 'specmemcore_ln0' <Predicate = true> <Delay = 0.00>
ST_1 : Operation 14 [1/1] (0.00ns)   --->   "%specmemcore_ln0 = specmemcore void @_ssdm_op_SpecMemCore, i5 %c_1, i64 666, i64 215, i64 18446744073709551615"   --->   Operation 14 'specmemcore' 'specmemcore_ln0' <Predicate = true> <Delay = 0.00>
ST_1 : Operation 15 [1/1] (0.00ns)   --->   "%specmemcore_ln0 = specmemcore void @_ssdm_op_SpecMemCore, i5 %c_0, i64 666, i64 215, i64 18446744073709551615"   --->   Operation 15 'specmemcore' 'specmemcore_ln0' <Predicate = true> <Delay = 0.00>
ST_1 : Operation 16 [1/1] (1.58ns)   --->   "%store_ln0 = store i7 127, i7 %i"   --->   Operation 16 'store' 'store_ln0' <Predicate = true> <Delay = 1.58>
ST_1 : Operation 17 [1/1] (1.58ns)   --->   "%store_ln0 = store i32 0, i32 %acc"   --->   Operation 17 'store' 'store_ln0' <Predicate = true> <Delay = 1.58>
ST_1 : Operation 18 [1/1] (0.00ns)   --->   "%br_ln0 = br void"   --->   Operation 18 'br' 'br_ln0' <Predicate = true> <Delay = 0.00>
ST_1 : Operation 19 [1/1] (0.00ns)   --->   "%i_1 = load i7 %i" [fir.cpp:29]   --->   Operation 19 'load' 'i_1' <Predicate = true> <Delay = 0.00>
ST_1 : Operation 20 [1/1] (1.48ns)   --->   "%icmp_ln29 = icmp_eq  i7 %i_1, i7 0" [fir.cpp:29]   --->   Operation 20 'icmp' 'icmp_ln29' <Predicate = true> <Delay = 1.48> <CoreInst = "Cmp">   --->   Core 9 'Cmp' <Latency = 0> <II = 1> <Delay = 1.48> <FuncUnit> <Opcode : 'icmp'> <InPorts = 2> <OutPorts = 1>
ST_1 : Operation 21 [1/1] (0.00ns)   --->   "%empty = speclooptripcount i32 @_ssdm_op_SpecLoopTripCount, i64 127, i64 127, i64 127"   --->   Operation 21 'speclooptripcount' 'empty' <Predicate = true> <Delay = 0.00>
ST_1 : Operation 22 [1/1] (0.00ns)   --->   "%br_ln29 = br i1 %icmp_ln29, void %.split, void %.exitStub" [fir.cpp:29]   --->   Operation 22 'br' 'br_ln29' <Predicate = true> <Delay = 0.00>
ST_1 : Operation 23 [1/1] (0.00ns)   --->   "%trunc_ln29 = trunc i7 %i_1" [fir.cpp:29]   --->   Operation 23 'trunc' 'trunc_ln29' <Predicate = (!icmp_ln29)> <Delay = 0.00>
ST_1 : Operation 24 [1/1] (1.87ns)   --->   "%add_ln29 = add i7 %i_1, i7 127" [fir.cpp:29]   --->   Operation 24 'add' 'add_ln29' <Predicate = (!icmp_ln29)> <Delay = 1.87> <CoreInst = "Adder">   --->   Core 1 'Adder' <Latency = 0> <II = 1> <Delay = 2.55> <FuncUnit> <Opcode : 'add' 'sub'> <InPorts = 2> <OutPorts = 1>
ST_1 : Operation 25 [1/1] (0.00ns)   --->   "%lshr_ln = partselect i2 @_ssdm_op_PartSelect.i2.i7.i32.i32, i7 %add_ln29, i32 5, i32 6" [fir.cpp:31]   --->   Operation 25 'partselect' 'lshr_ln' <Predicate = (!icmp_ln29)> <Delay = 0.00>
ST_1 : Operation 26 [1/1] (1.78ns)   --->   "%add_ln31 = add i5 %trunc_ln29, i5 31" [fir.cpp:31]   --->   Operation 26 'add' 'add_ln31' <Predicate = (!icmp_ln29)> <Delay = 1.78> <CoreInst = "Adder">   --->   Core 1 'Adder' <Latency = 0> <II = 1> <Delay = 2.55> <FuncUnit> <Opcode : 'add' 'sub'> <InPorts = 2> <OutPorts = 1>
ST_1 : Operation 27 [1/1] (0.00ns)   --->   "%zext_ln31 = zext i5 %add_ln31" [fir.cpp:31]   --->   Operation 27 'zext' 'zext_ln31' <Predicate = (!icmp_ln29)> <Delay = 0.00>
ST_1 : Operation 28 [1/1] (0.00ns)   --->   "%shift_reg_0_addr_1 = getelementptr i32 %shift_reg_0, i64 0, i64 %zext_ln31" [fir.cpp:31]   --->   Operation 28 'getelementptr' 'shift_reg_0_addr_1' <Predicate = (!icmp_ln29)> <Delay = 0.00>
ST_1 : Operation 29 [2/2] (3.25ns)   --->   "%shift_reg_0_load = load i5 %shift_reg_0_addr_1" [fir.cpp:31]   --->   Operation 29 'load' 'shift_reg_0_load' <Predicate = (!icmp_ln29)> <Delay = 3.25> <CoreInst = "RAM_2P_BRAM">   --->   Core 91 'RAM_2P_BRAM' <Latency = 1> <II = 1> <Delay = 3.25> <Storage> <Opcode : 'load' 'store'> <Ports = 2> <Width = 32> <Depth = 32> <RAM>
ST_1 : Operation 30 [1/1] (0.00ns)   --->   "%shift_reg_1_addr_1 = getelementptr i32 %shift_reg_1, i64 0, i64 %zext_ln31" [fir.cpp:31]   --->   Operation 30 'getelementptr' 'shift_reg_1_addr_1' <Predicate = (!icmp_ln29)> <Delay = 0.00>
ST_1 : Operation 31 [2/2] (3.25ns)   --->   "%shift_reg_1_load = load i5 %shift_reg_1_addr_1" [fir.cpp:31]   --->   Operation 31 'load' 'shift_reg_1_load' <Predicate = (!icmp_ln29)> <Delay = 3.25> <CoreInst = "RAM_2P_BRAM">   --->   Core 91 'RAM_2P_BRAM' <Latency = 1> <II = 1> <Delay = 3.25> <Storage> <Opcode : 'load' 'store'> <Ports = 2> <Width = 32> <Depth = 32> <RAM>
ST_1 : Operation 32 [1/1] (0.00ns)   --->   "%shift_reg_2_addr_1 = getelementptr i32 %shift_reg_2, i64 0, i64 %zext_ln31" [fir.cpp:31]   --->   Operation 32 'getelementptr' 'shift_reg_2_addr_1' <Predicate = (!icmp_ln29)> <Delay = 0.00>
ST_1 : Operation 33 [2/2] (3.25ns)   --->   "%shift_reg_2_load = load i5 %shift_reg_2_addr_1" [fir.cpp:31]   --->   Operation 33 'load' 'shift_reg_2_load' <Predicate = (!icmp_ln29)> <Delay = 3.25> <CoreInst = "RAM_2P_BRAM">   --->   Core 91 'RAM_2P_BRAM' <Latency = 1> <II = 1> <Delay = 3.25> <Storage> <Opcode : 'load' 'store'> <Ports = 2> <Width = 32> <Depth = 32> <RAM>
ST_1 : Operation 34 [1/1] (0.00ns)   --->   "%shift_reg_3_addr_1 = getelementptr i32 %shift_reg_3, i64 0, i64 %zext_ln31" [fir.cpp:31]   --->   Operation 34 'getelementptr' 'shift_reg_3_addr_1' <Predicate = (!icmp_ln29)> <Delay = 0.00>
ST_1 : Operation 35 [2/2] (3.25ns)   --->   "%shift_reg_3_load = load i5 %shift_reg_3_addr_1" [fir.cpp:31]   --->   Operation 35 'load' 'shift_reg_3_load' <Predicate = (!icmp_ln29)> <Delay = 3.25> <CoreInst = "RAM_2P_BRAM">   --->   Core 91 'RAM_2P_BRAM' <Latency = 1> <II = 1> <Delay = 3.25> <Storage> <Opcode : 'load' 'store'> <Ports = 2> <Width = 32> <Depth = 32> <RAM>
ST_1 : Operation 36 [1/1] (0.00ns)   --->   "%trunc_ln1 = partselect i2 @_ssdm_op_PartSelect.i2.i7.i32.i32, i7 %i_1, i32 5, i32 6" [fir.cpp:31]   --->   Operation 36 'partselect' 'trunc_ln1' <Predicate = (!icmp_ln29)> <Delay = 0.00>
ST_1 : Operation 37 [1/1] (1.30ns)   --->   "%switch_ln31 = switch i2 %trunc_ln1, void %branch5, i2 0, void %branch2, i2 1, void %branch3, i2 2, void %branch4" [fir.cpp:31]   --->   Operation 37 'switch' 'switch_ln31' <Predicate = (!icmp_ln29)> <Delay = 1.30>
ST_1 : Operation 38 [1/1] (0.00ns)   --->   "%trunc_ln225 = trunc i7 %i_1"   --->   Operation 38 'trunc' 'trunc_ln225' <Predicate = (!icmp_ln29)> <Delay = 0.00>
ST_1 : Operation 39 [1/1] (0.00ns)   --->   "%zext_ln225 = zext i6 %trunc_ln225"   --->   Operation 39 'zext' 'zext_ln225' <Predicate = (!icmp_ln29)> <Delay = 0.00>
ST_1 : Operation 40 [1/1] (0.00ns)   --->   "%c_0_addr = getelementptr i5 %c_0, i64 0, i64 %zext_ln225"   --->   Operation 40 'getelementptr' 'c_0_addr' <Predicate = (!icmp_ln29)> <Delay = 0.00>
ST_1 : Operation 41 [1/1] (0.00ns)   --->   "%c_1_addr = getelementptr i5 %c_1, i64 0, i64 %zext_ln225"   --->   Operation 41 'getelementptr' 'c_1_addr' <Predicate = (!icmp_ln29)> <Delay = 0.00>
ST_1 : Operation 42 [1/1] (0.00ns)   --->   "%tmp = bitselect i1 @_ssdm_op_BitSelect.i1.i7.i32, i7 %i_1, i32 6"   --->   Operation 42 'bitselect' 'tmp' <Predicate = (!icmp_ln29)> <Delay = 0.00>
ST_1 : Operation 43 [2/2] (3.25ns)   --->   "%c_0_load = load i6 %c_0_addr"   --->   Operation 43 'load' 'c_0_load' <Predicate = (!icmp_ln29)> <Delay = 3.25> <CoreInst = "ROM_nP_BRAM">   --->   Core 103 'ROM_nP_BRAM' <Latency = 1> <II = 1> <Delay = 3.25> <Storage> <Opcode : 'load'> <Ports = 0> <Width = 5> <Depth = 64> <ROM>
ST_1 : Operation 44 [2/2] (3.25ns)   --->   "%c_1_load = load i6 %c_1_addr"   --->   Operation 44 'load' 'c_1_load' <Predicate = (!icmp_ln29)> <Delay = 3.25> <CoreInst = "ROM_nP_BRAM">   --->   Core 103 'ROM_nP_BRAM' <Latency = 1> <II = 1> <Delay = 3.25> <Storage> <Opcode : 'load'> <Ports = 0> <Width = 5> <Depth = 64> <ROM>
ST_1 : Operation 45 [1/1] (1.58ns)   --->   "%store_ln29 = store i7 %add_ln29, i7 %i" [fir.cpp:29]   --->   Operation 45 'store' 'store_ln29' <Predicate = (!icmp_ln29)> <Delay = 1.58>

State 2 <SV = 1> <Delay = 5.08>
ST_2 : Operation 46 [1/1] (0.00ns)   --->   "%zext_ln31_2 = zext i2 %lshr_ln" [fir.cpp:31]   --->   Operation 46 'zext' 'zext_ln31_2' <Predicate = true> <Delay = 0.00>
ST_2 : Operation 47 [1/2] (3.25ns)   --->   "%shift_reg_0_load = load i5 %shift_reg_0_addr_1" [fir.cpp:31]   --->   Operation 47 'load' 'shift_reg_0_load' <Predicate = true> <Delay = 3.25> <CoreInst = "RAM_2P_BRAM">   --->   Core 91 'RAM_2P_BRAM' <Latency = 1> <II = 1> <Delay = 3.25> <Storage> <Opcode : 'load' 'store'> <Ports = 2> <Width = 32> <Depth = 32> <RAM>
ST_2 : Operation 48 [1/2] (3.25ns)   --->   "%shift_reg_1_load = load i5 %shift_reg_1_addr_1" [fir.cpp:31]   --->   Operation 48 'load' 'shift_reg_1_load' <Predicate = true> <Delay = 3.25> <CoreInst = "RAM_2P_BRAM">   --->   Core 91 'RAM_2P_BRAM' <Latency = 1> <II = 1> <Delay = 3.25> <Storage> <Opcode : 'load' 'store'> <Ports = 2> <Width = 32> <Depth = 32> <RAM>
ST_2 : Operation 49 [1/2] (3.25ns)   --->   "%shift_reg_2_load = load i5 %shift_reg_2_addr_1" [fir.cpp:31]   --->   Operation 49 'load' 'shift_reg_2_load' <Predicate = true> <Delay = 3.25> <CoreInst = "RAM_2P_BRAM">   --->   Core 91 'RAM_2P_BRAM' <Latency = 1> <II = 1> <Delay = 3.25> <Storage> <Opcode : 'load' 'store'> <Ports = 2> <Width = 32> <Depth = 32> <RAM>
ST_2 : Operation 50 [1/2] (3.25ns)   --->   "%shift_reg_3_load = load i5 %shift_reg_3_addr_1" [fir.cpp:31]   --->   Operation 50 'load' 'shift_reg_3_load' <Predicate = true> <Delay = 3.25> <CoreInst = "RAM_2P_BRAM">   --->   Core 91 'RAM_2P_BRAM' <Latency = 1> <II = 1> <Delay = 3.25> <Storage> <Opcode : 'load' 'store'> <Ports = 2> <Width = 32> <Depth = 32> <RAM>
ST_2 : Operation 51 [1/1] (1.82ns)   --->   "%i_op_assign = mux i32 @_ssdm_op_Mux.ap_auto.4i32.i64, i32 %shift_reg_0_load, i32 %shift_reg_1_load, i32 %shift_reg_2_load, i32 %shift_reg_3_load, i64 %zext_ln31_2" [fir.cpp:31]   --->   Operation 51 'mux' 'i_op_assign' <Predicate = true> <Delay = 1.82> <CoreInst = "Multiplexer">   --->   Core 76 'Multiplexer' <Latency = 0> <II = 1> <Delay = 1.82> <FuncUnit> <Opcode : 'mux'> <InPorts = 2> <OutPorts = 1>
ST_2 : Operation 52 [1/2] (3.25ns)   --->   "%c_0_load = load i6 %c_0_addr"   --->   Operation 52 'load' 'c_0_load' <Predicate = true> <Delay = 3.25> <CoreInst = "ROM_nP_BRAM">   --->   Core 103 'ROM_nP_BRAM' <Latency = 1> <II = 1> <Delay = 3.25> <Storage> <Opcode : 'load'> <Ports = 0> <Width = 5> <Depth = 64> <ROM>
ST_2 : Operation 53 [1/2] (3.25ns)   --->   "%c_1_load = load i6 %c_1_addr"   --->   Operation 53 'load' 'c_1_load' <Predicate = true> <Delay = 3.25> <CoreInst = "ROM_nP_BRAM">   --->   Core 103 'ROM_nP_BRAM' <Latency = 1> <II = 1> <Delay = 3.25> <Storage> <Opcode : 'load'> <Ports = 0> <Width = 5> <Depth = 64> <ROM>
ST_2 : Operation 54 [1/1] (1.21ns)   --->   "%select_ln225 = select i1 %tmp, i5 %c_1_load, i5 %c_0_load"   --->   Operation 54 'select' 'select_ln225' <Predicate = true> <Delay = 1.21> <CoreInst = "Sel">   --->   Core 73 'Sel' <Latency = 0> <II = 1> <Delay = 1.21> <FuncUnit> <Opcode : 'select'> <InPorts = 3> <OutPorts = 1>

State 3 <SV = 2> <Delay = 6.91>
ST_3 : Operation 55 [1/1] (0.00ns)   --->   "%specpipeline_ln27 = specpipeline void @_ssdm_op_SpecPipeline, i32 1, i32 0, i32 0, i32 0, void @empty_0" [fir.cpp:27]   --->   Operation 55 'specpipeline' 'specpipeline_ln27' <Predicate = true> <Delay = 0.00>
ST_3 : Operation 56 [1/1] (0.00ns)   --->   "%specloopname_ln27 = specloopname void @_ssdm_op_SpecLoopName, void @empty_2" [fir.cpp:27]   --->   Operation 56 'specloopname' 'specloopname_ln27' <Predicate = true> <Delay = 0.00>
ST_3 : Operation 57 [1/1] (0.00ns)   --->   "%zext_ln31_1 = zext i5 %trunc_ln29" [fir.cpp:31]   --->   Operation 57 'zext' 'zext_ln31_1' <Predicate = true> <Delay = 0.00>
ST_3 : Operation 58 [1/1] (0.00ns)   --->   "%shift_reg_0_addr = getelementptr i32 %shift_reg_0, i64 0, i64 %zext_ln31_1" [fir.cpp:31]   --->   Operation 58 'getelementptr' 'shift_reg_0_addr' <Predicate = true> <Delay = 0.00>
ST_3 : Operation 59 [1/1] (0.00ns)   --->   "%shift_reg_1_addr = getelementptr i32 %shift_reg_1, i64 0, i64 %zext_ln31_1" [fir.cpp:31]   --->   Operation 59 'getelementptr' 'shift_reg_1_addr' <Predicate = true> <Delay = 0.00>
ST_3 : Operation 60 [1/1] (0.00ns)   --->   "%shift_reg_2_addr = getelementptr i32 %shift_reg_2, i64 0, i64 %zext_ln31_1" [fir.cpp:31]   --->   Operation 60 'getelementptr' 'shift_reg_2_addr' <Predicate = true> <Delay = 0.00>
ST_3 : Operation 61 [1/1] (0.00ns)   --->   "%shift_reg_3_addr = getelementptr i32 %shift_reg_3, i64 0, i64 %zext_ln31_1" [fir.cpp:31]   --->   Operation 61 'getelementptr' 'shift_reg_3_addr' <Predicate = true> <Delay = 0.00>
ST_3 : Operation 62 [1/1] (3.25ns)   --->   "%store_ln31 = store i32 %i_op_assign, i5 %shift_reg_2_addr" [fir.cpp:31]   --->   Operation 62 'store' 'store_ln31' <Predicate = (trunc_ln1 == 2)> <Delay = 3.25> <CoreInst = "RAM_2P_BRAM">   --->   Core 91 'RAM_2P_BRAM' <Latency = 1> <II = 1> <Delay = 3.25> <Storage> <Opcode : 'load' 'store'> <Ports = 2> <Width = 32> <Depth = 32> <RAM>
ST_3 : Operation 63 [1/1] (0.00ns)   --->   "%br_ln31 = br void %.split13_ifconv" [fir.cpp:31]   --->   Operation 63 'br' 'br_ln31' <Predicate = (trunc_ln1 == 2)> <Delay = 0.00>
ST_3 : Operation 64 [1/1] (3.25ns)   --->   "%store_ln31 = store i32 %i_op_assign, i5 %shift_reg_1_addr" [fir.cpp:31]   --->   Operation 64 'store' 'store_ln31' <Predicate = (trunc_ln1 == 1)> <Delay = 3.25> <CoreInst = "RAM_2P_BRAM">   --->   Core 91 'RAM_2P_BRAM' <Latency = 1> <II = 1> <Delay = 3.25> <Storage> <Opcode : 'load' 'store'> <Ports = 2> <Width = 32> <Depth = 32> <RAM>
ST_3 : Operation 65 [1/1] (0.00ns)   --->   "%br_ln31 = br void %.split13_ifconv" [fir.cpp:31]   --->   Operation 65 'br' 'br_ln31' <Predicate = (trunc_ln1 == 1)> <Delay = 0.00>
ST_3 : Operation 66 [1/1] (3.25ns)   --->   "%store_ln31 = store i32 %i_op_assign, i5 %shift_reg_0_addr" [fir.cpp:31]   --->   Operation 66 'store' 'store_ln31' <Predicate = (trunc_ln1 == 0)> <Delay = 3.25> <CoreInst = "RAM_2P_BRAM">   --->   Core 91 'RAM_2P_BRAM' <Latency = 1> <II = 1> <Delay = 3.25> <Storage> <Opcode : 'load' 'store'> <Ports = 2> <Width = 32> <Depth = 32> <RAM>
ST_3 : Operation 67 [1/1] (0.00ns)   --->   "%br_ln31 = br void %.split13_ifconv" [fir.cpp:31]   --->   Operation 67 'br' 'br_ln31' <Predicate = (trunc_ln1 == 0)> <Delay = 0.00>
ST_3 : Operation 68 [1/1] (3.25ns)   --->   "%store_ln31 = store i32 %i_op_assign, i5 %shift_reg_3_addr" [fir.cpp:31]   --->   Operation 68 'store' 'store_ln31' <Predicate = (trunc_ln1 == 3)> <Delay = 3.25> <CoreInst = "RAM_2P_BRAM">   --->   Core 91 'RAM_2P_BRAM' <Latency = 1> <II = 1> <Delay = 3.25> <Storage> <Opcode : 'load' 'store'> <Ports = 2> <Width = 32> <Depth = 32> <RAM>
ST_3 : Operation 69 [1/1] (0.00ns)   --->   "%br_ln31 = br void %.split13_ifconv" [fir.cpp:31]   --->   Operation 69 'br' 'br_ln31' <Predicate = (trunc_ln1 == 3)> <Delay = 0.00>
ST_3 : Operation 70 [1/1] (0.00ns)   --->   "%sext_ln32 = sext i5 %select_ln225" [fir.cpp:32]   --->   Operation 70 'sext' 'sext_ln32' <Predicate = true> <Delay = 0.00>
ST_3 : Operation 71 [2/2] (6.91ns)   --->   "%mul_ln32 = mul i32 %i_op_assign, i32 %sext_ln32" [fir.cpp:32]   --->   Operation 71 'mul' 'mul_ln32' <Predicate = true> <Delay = 6.91> <CoreInst = "Multiplier">   --->   Core 3 'Multiplier' <Latency = 1> <II = 1> <Delay = 6.91> <FuncUnit> <Opcode : 'mul'> <InPorts = 2> <OutPorts = 1>

State 4 <SV = 3> <Delay = 6.91>
ST_4 : Operation 72 [1/2] (6.91ns)   --->   "%mul_ln32 = mul i32 %i_op_assign, i32 %sext_ln32" [fir.cpp:32]   --->   Operation 72 'mul' 'mul_ln32' <Predicate = true> <Delay = 6.91> <CoreInst = "Multiplier">   --->   Core 3 'Multiplier' <Latency = 1> <II = 1> <Delay = 6.91> <FuncUnit> <Opcode : 'mul'> <InPorts = 2> <OutPorts = 1>
ST_4 : Operation 77 [1/1] (0.00ns)   --->   "%acc_load_1 = load i32 %acc"   --->   Operation 77 'load' 'acc_load_1' <Predicate = (icmp_ln29)> <Delay = 0.00>
ST_4 : Operation 78 [1/1] (0.00ns)   --->   "%write_ln0 = write void @_ssdm_op_Write.ap_auto.i32P0A, i32 %acc_out, i32 %acc_load_1"   --->   Operation 78 'write' 'write_ln0' <Predicate = (icmp_ln29)> <Delay = 0.00>
ST_4 : Operation 79 [1/1] (0.00ns)   --->   "%ret_ln0 = ret"   --->   Operation 79 'ret' 'ret_ln0' <Predicate = (icmp_ln29)> <Delay = 0.00>

State 5 <SV = 4> <Delay = 4.14>
ST_5 : Operation 73 [1/1] (0.00ns)   --->   "%acc_load = load i32 %acc" [fir.cpp:32]   --->   Operation 73 'load' 'acc_load' <Predicate = true> <Delay = 0.00>
ST_5 : Operation 74 [1/1] (2.55ns)   --->   "%acc_1 = add i32 %mul_ln32, i32 %acc_load" [fir.cpp:32]   --->   Operation 74 'add' 'acc_1' <Predicate = true> <Delay = 2.55> <CoreInst = "Adder">   --->   Core 1 'Adder' <Latency = 0> <II = 1> <Delay = 2.55> <FuncUnit> <Opcode : 'add' 'sub'> <InPorts = 2> <OutPorts = 1>
ST_5 : Operation 75 [1/1] (1.58ns)   --->   "%store_ln32 = store i32 %acc_1, i32 %acc" [fir.cpp:32]   --->   Operation 75 'store' 'store_ln32' <Predicate = true> <Delay = 1.58>
ST_5 : Operation 76 [1/1] (0.00ns)   --->   "%br_ln0 = br void"   --->   Operation 76 'br' 'br_ln0' <Predicate = true> <Delay = 0.00>


============================================================
+ Verbose Summary: Timing violations
============================================================
Target clock period: 10ns, clock uncertainty: 2.7ns.

 <State 1>: 5.03ns
The critical path consists of the following:
	'alloca' operation ('i') [9]  (0 ns)
	'load' operation ('i', fir.cpp:29) on local variable 'i' [20]  (0 ns)
	'add' operation ('add_ln31', fir.cpp:31) [31]  (1.78 ns)
	'getelementptr' operation ('shift_reg_0_addr_1', fir.cpp:31) [33]  (0 ns)
	'load' operation ('shift_reg_0_load', fir.cpp:31) on array 'shift_reg_0' [34]  (3.25 ns)

 <State 2>: 5.08ns
The critical path consists of the following:
	'load' operation ('shift_reg_0_load', fir.cpp:31) on array 'shift_reg_0' [34]  (3.25 ns)
	'mux' operation ('i_op', fir.cpp:31) [41]  (1.83 ns)

 <State 3>: 6.91ns
The critical path consists of the following:
	'mul' operation ('mul_ln32', fir.cpp:32) [72]  (6.91 ns)

 <State 4>: 6.91ns
The critical path consists of the following:
	'mul' operation ('mul_ln32', fir.cpp:32) [72]  (6.91 ns)

 <State 5>: 4.14ns
The critical path consists of the following:
	'load' operation ('acc_load', fir.cpp:32) on local variable 'acc' [62]  (0 ns)
	'add' operation ('acc', fir.cpp:32) [73]  (2.55 ns)
	'store' operation ('store_ln32', fir.cpp:32) of variable 'acc', fir.cpp:32 on local variable 'acc' [75]  (1.59 ns)


============================================================
+ Verbose Summary: Binding
============================================================
N/A
* FSMD analyzer results:
  - Output states:
 - Input state : 
  - Chain level:
	State 1
	State 2
	State 3
	State 4
	State 5


============================================================
+ Verbose Summary: Datapath Resource usage 
============================================================
N/A
