

================================================================
== Synthesis Summary Report of 'fir'
================================================================
+ General Information: 
    * Date:           Mon Oct  4 14:20:45 2021
    * Version:        2021.1.1 (Build 3286242 on Wed Jul 28 13:09:46 MDT 2021)
    * Project:        baseline
    * Solution:       solution1 (Vivado IP Flow Target)
    * Product family: zynq
    * Target device:  xc7z020-clg400-1
    

+ Performance & Resource Estimates: 
    
    PS: '+' for module; 'o' for loop; '*' for dataflow
    +-------------------------------------------+------+------+---------+-----------+----------+---------+------+----------+---------+---------+-----------+-----------+-----+
    |                  Modules                  | Issue|      | Latency |  Latency  | Iteration|         | Trip |          |         |         |           |           |     |
    |                  & Loops                  | Type | Slack| (cycles)|    (ns)   |  Latency | Interval| Count| Pipelined|  BRAM   |   DSP   |     FF    |    LUT    | URAM|
    +-------------------------------------------+------+------+---------+-----------+----------+---------+------+----------+---------+---------+-----------+-----------+-----+
    |+ fir                                      |     -|  0.39|      134|  1.340e+03|         -|      135|     -|        no|  2 (~0%)|  1 (~0%)|  358 (~0%)|  332 (~0%)|    -|
    | + grp_fir_Pipeline_VITIS_LOOP_27_1_fu_74  |     -|  0.39|      132|  1.320e+03|         -|      132|     -|        no|  1 (~0%)|  1 (~0%)|  354 (~0%)|  192 (~0%)|    -|
    |  o VITIS_LOOP_27_1                        |     -|  7.30|      130|  1.300e+03|         5|        1|   127|       yes|        -|        -|          -|          -|    -|
    +-------------------------------------------+------+------+---------+-----------+----------+---------+------+----------+---------+---------+-----------+-----------+-----+


================================================================
== HW Interfaces
================================================================
* REGISTER
+-----------+---------+----------+
| Interface | Mode    | Bitwidth |
+-----------+---------+----------+
| x         | ap_none | 32       |
| y         | ap_none | 32       |
+-----------+---------+----------+

* TOP LEVEL CONTROL
+-----------+------------+-----------------------------------+
| Interface | Type       | Ports                             |
+-----------+------------+-----------------------------------+
| ap_clk    | clock      | ap_clk                            |
| ap_rst    | reset      | ap_rst                            |
| ap_ctrl   | ap_ctrl_hs | ap_done ap_idle ap_ready ap_start |
+-----------+------------+-----------------------------------+


================================================================
== SW I/O Information
================================================================
* Top Function Arguments
+----------+-----------+----------+
| Argument | Direction | Datatype |
+----------+-----------+----------+
| y        | out       | int*     |
| x        | in        | int      |
+----------+-----------+----------+

* SW-to-HW Mapping
+----------+----------+---------+
| Argument | HW Name  | HW Type |
+----------+----------+---------+
| y        | y        | port    |
| y        | y_ap_vld | port    |
| x        | x        | port    |
+----------+----------+---------+


================================================================
== M_AXI Burst Information
================================================================

