

================================================================
== Vitis HLS Report for 'fir'
================================================================
* Date:           Sun Oct  3 22:57:49 2021

* Version:        2021.1.1 (Build 3286242 on Wed Jul 28 13:09:46 MDT 2021)
* Project:        baseline
* Solution:       solution1 (Vivado IP Flow Target)
* Product family: zynq
* Target device:  xc7z020-clg400-1


================================================================
== Performance Estimates
================================================================
+ Timing: 
    * Summary: 
    +--------+----------+----------+------------+
    |  Clock |  Target  | Estimated| Uncertainty|
    +--------+----------+----------+------------+
    |ap_clk  |  10.00 ns|  6.912 ns|     2.70 ns|
    +--------+----------+----------+------------+

+ Latency: 
    * Summary: 
    +---------+---------+----------+----------+-----+-----+---------+
    |  Latency (cycles) |  Latency (absolute) |  Interval | Pipeline|
    |   min   |   max   |    min   |    max   | min | max |   Type  |
    +---------+---------+----------+----------+-----+-----+---------+
    |      257|      641|  2.570 us|  6.410 us|  258|  642|       no|
    +---------+---------+----------+----------+-----+-----+---------+

    + Detail: 
        * Instance: 
        N/A

        * Loop: 
        +-------------------+---------+---------+----------+-----------+-----------+------+----------+
        |                   |  Latency (cycles) | Iteration|  Initiation Interval  | Trip |          |
        |     Loop Name     |   min   |   max   |  Latency |  achieved |   target  | Count| Pipelined|
        +-------------------+---------+---------+----------+-----------+-----------+------+----------+
        |- VITIS_LOOP_23_1  |      256|      640|     2 ~ 5|          -|          -|   128|        no|
        +-------------------+---------+---------+----------+-----------+-----------+------+----------+



================================================================
== Utilization Estimates
================================================================
* Summary: 
+-----------------+---------+-----+--------+-------+-----+
|       Name      | BRAM_18K| DSP |   FF   |  LUT  | URAM|
+-----------------+---------+-----+--------+-------+-----+
|DSP              |        -|    -|       -|      -|    -|
|Expression       |        -|    -|       0|    118|    -|
|FIFO             |        -|    -|       -|      -|    -|
|Instance         |        -|    1|     165|     50|    -|
|Memory           |        2|    -|       0|      0|    0|
|Multiplexer      |        -|    -|       -|    107|    -|
|Register         |        -|    -|     214|      -|    -|
+-----------------+---------+-----+--------+-------+-----+
|Total            |        2|    1|     379|    275|    0|
+-----------------+---------+-----+--------+-------+-----+
|Available        |      280|  220|  106400|  53200|    0|
+-----------------+---------+-----+--------+-------+-----+
|Utilization (%)  |       ~0|   ~0|      ~0|     ~0|    0|
+-----------------+---------+-----+--------+-------+-----+

+ Detail: 
    * Instance: 
    +----------------------+-------------------+---------+----+-----+----+-----+
    |       Instance       |       Module      | BRAM_18K| DSP|  FF | LUT| URAM|
    +----------------------+-------------------+---------+----+-----+----+-----+
    |mul_6s_32s_32_2_1_U1  |mul_6s_32s_32_2_1  |        0|   1|  165|  50|    0|
    +----------------------+-------------------+---------+----+-----+----+-----+
    |Total                 |                   |        0|   1|  165|  50|    0|
    +----------------------+-------------------+---------+----+-----+----+-----+

    * DSP: 
    N/A

    * Memory: 
    +-----------------+---------------+---------+---+----+-----+------+-----+------+-------------+
    |      Memory     |     Module    | BRAM_18K| FF| LUT| URAM| Words| Bits| Banks| W*Bits*Banks|
    +-----------------+---------------+---------+---+----+-----+------+-----+------+-------------+
    |fir_int_int_c_U  |fir_int_int_c  |        1|  0|   0|    0|   128|   32|     1|         4096|
    |shift_reg_U      |shift_reg      |        1|  0|   0|    0|   128|   32|     1|         4096|
    +-----------------+---------------+---------+---+----+-----+------+-----+------+-------------+
    |Total            |               |        2|  0|   0|    0|   256|   64|     2|         8192|
    +-----------------+---------------+---------+---+----+-----+------+-----+------+-------------+

    * FIFO: 
    N/A

    * Expression: 
    +---------------------+----------+----+---+----+------------+------------+
    |    Variable Name    | Operation| DSP| FF| LUT| Bitwidth P0| Bitwidth P1|
    +---------------------+----------+----+---+----+------------+------------+
    |acc_1_fu_193_p2      |         +|   0|  0|  39|          32|          32|
    |add_ln23_fu_199_p2   |         +|   0|  0|  15|           8|           2|
    |add_ln26_fu_178_p2   |         +|   0|  0|  14|           7|           2|
    |mul9_fu_136_p2       |         +|   0|  0|  39|          32|          32|
    |icmp_ln25_fu_168_p2  |      icmp|   0|  0|  11|           8|           1|
    +---------------------+----------+----+---+----+------------+------------+
    |Total                |          |   0|  0| 118|          87|          69|
    +---------------------+----------+----+---+----+------------+------------+

    * Multiplexer: 
    +---------------------------------+----+-----------+-----+-----------+
    |               Name              | LUT| Input Size| Bits| Total Bits|
    +---------------------------------+----+-----------+-----+-----------+
    |acc_fu_54                        |   9|          2|   32|         64|
    |ap_NS_fsm                        |  37|          7|    1|          7|
    |ap_phi_mux_mul_pn_phi_fu_114_p4  |   9|          2|   32|         64|
    |i_fu_58                          |   9|          2|    8|         16|
    |mul_pn_reg_111                   |   9|          2|   32|         64|
    |shift_reg_address0               |  20|          4|    7|         28|
    |shift_reg_d0                     |  14|          3|   32|         96|
    +---------------------------------+----+-----------+-----+-----------+
    |Total                            | 107|         22|  144|        339|
    +---------------------------------+----+-----------+-----+-----------+

    * Register: 
    +----------------------------+----+----+-----+-----------+
    |            Name            | FF | LUT| Bits| Const Bits|
    +----------------------------+----+----+-----+-----------+
    |acc_fu_54                   |  32|   0|   32|          0|
    |ap_CS_fsm                   |   6|   0|    6|          0|
    |fir_int_int_c_load_reg_268  |  32|   0|   32|          0|
    |i_fu_58                     |   8|   0|    8|          0|
    |icmp_ln25_reg_249           |   1|   0|    1|          0|
    |mul9_reg_233                |  31|   0|   32|          1|
    |mul_ln27_reg_273            |  32|   0|   32|          0|
    |mul_pn_reg_111              |  32|   0|   32|          0|
    |shift_reg_load_reg_263      |  32|   0|   32|          0|
    |zext_ln23_reg_241           |   8|   0|   64|         56|
    +----------------------------+----+----+-----+-----------+
    |Total                       | 214|   0|  271|         57|
    +----------------------------+----+----+-----+-----------+



================================================================
== Interface
================================================================
* Summary: 
+----------+-----+-----+------------+--------------+--------------+
| RTL Ports| Dir | Bits|  Protocol  | Source Object|    C Type    |
+----------+-----+-----+------------+--------------+--------------+
|ap_clk    |   in|    1|  ap_ctrl_hs|           fir|  return value|
|ap_rst    |   in|    1|  ap_ctrl_hs|           fir|  return value|
|ap_start  |   in|    1|  ap_ctrl_hs|           fir|  return value|
|ap_done   |  out|    1|  ap_ctrl_hs|           fir|  return value|
|ap_idle   |  out|    1|  ap_ctrl_hs|           fir|  return value|
|ap_ready  |  out|    1|  ap_ctrl_hs|           fir|  return value|
|y         |  out|   32|      ap_vld|             y|       pointer|
|y_ap_vld  |  out|    1|      ap_vld|             y|       pointer|
|x         |   in|   32|     ap_none|             x|        scalar|
+----------+-----+-----+------------+--------------+--------------+

