

================================================================
== Synthesis Summary Report of 'fir'
================================================================
+ General Information: 
    * Date:           Sat Oct  2 17:21:09 2021
    * Version:        2021.1.1 (Build 3286242 on Wed Jul 28 13:09:46 MDT 2021)
    * Project:        baseline
    * Solution:       solution1 (Vivado IP Flow Target)
    * Product family: zynq
    * Target device:  xc7z020-clg400-1
    

+ Performance & Resource Estimates: 
    
    PS: '+' for module; 'o' for loop; '*' for dataflow
    +-------------------------------------------+------+------+---------+---------+----------+---------+------+----------+------+---------+-----------+-----------+-----+
    |                  Modules                  | Issue|      | Latency | Latency | Iteration|         | Trip |          |      |         |           |           |     |
    |                  & Loops                  | Type | Slack| (cycles)|   (ns)  |  Latency | Interval| Count| Pipelined| BRAM |   DSP   |     FF    |    LUT    | URAM|
    +-------------------------------------------+------+------+---------+---------+----------+---------+------+----------+------+---------+-----------+-----------+-----+
    |+ fir                                      |     -|  0.39|       17|  170.000|         -|       18|     -|        no|     -|   3 (1%)|  672 (~0%)|  367 (~0%)|    -|
    | + grp_fir_Pipeline_VITIS_LOOP_21_1_fu_57  |     -|  0.39|       15|  150.000|         -|       15|     -|        no|     -|  2 (~0%)|  407 (~0%)|  196 (~0%)|    -|
    |  o VITIS_LOOP_21_1                        |     -|  7.30|       13|  130.000|         5|        1|    10|       yes|     -|        -|          -|          -|    -|
    +-------------------------------------------+------+------+---------+---------+----------+---------+------+----------+------+---------+-----------+-----------+-----+


================================================================
== HW Interfaces
================================================================
* REGISTER
+-----------+---------+----------+
| Interface | Mode    | Bitwidth |
+-----------+---------+----------+
| x         | ap_none | 32       |
| y         | ap_none | 32       |
+-----------+---------+----------+

* TOP LEVEL CONTROL
+-----------+------------+-----------------------------------+
| Interface | Type       | Ports                             |
+-----------+------------+-----------------------------------+
| ap_clk    | clock      | ap_clk                            |
| ap_rst    | reset      | ap_rst                            |
| ap_ctrl   | ap_ctrl_hs | ap_done ap_idle ap_ready ap_start |
+-----------+------------+-----------------------------------+


================================================================
== SW I/O Information
================================================================
* Top Function Arguments
+----------+-----------+----------+
| Argument | Direction | Datatype |
+----------+-----------+----------+
| y        | out       | int*     |
| x        | in        | int      |
+----------+-----------+----------+

* SW-to-HW Mapping
+----------+----------+---------+
| Argument | HW Name  | HW Type |
+----------+----------+---------+
| y        | y        | port    |
| y        | y_ap_vld | port    |
| x        | x        | port    |
+----------+----------+---------+


================================================================
== M_AXI Burst Information
================================================================

