==============================================================
Vitis HLS - High-Level Synthesis from C, C++ and OpenCL v2021.1.1 (64-bit)
Copyright 1986-2021 Xilinx, Inc. All Rights Reserved.
==============================================================
==============================================================
Vitis HLS - High-Level Synthesis from C, C++ and OpenCL v2021.1.1 (64-bit)
Copyright 1986-2021 Xilinx, Inc. All Rights Reserved.
==============================================================
==============================================================
Vitis HLS - High-Level Synthesis from C, C++ and OpenCL v2021.1.1 (64-bit)
Copyright 1986-2021 Xilinx, Inc. All Rights Reserved.
==============================================================
==============================================================
Vitis HLS - High-Level Synthesis from C, C++ and OpenCL v2021.1.1 (64-bit)
Copyright 1986-2021 Xilinx, Inc. All Rights Reserved.
==============================================================
==============================================================
Vitis HLS - High-Level Synthesis from C, C++ and OpenCL v2021.1.1 (64-bit)
Copyright 1986-2021 Xilinx, Inc. All Rights Reserved.
==============================================================
==============================================================
Vitis HLS - High-Level Synthesis from C, C++ and OpenCL v2021.1.1 (64-bit)
Copyright 1986-2021 Xilinx, Inc. All Rights Reserved.
==============================================================
==============================================================
Vitis HLS - High-Level Synthesis from C, C++ and OpenCL v2021.1.1 (64-bit)
Copyright 1986-2021 Xilinx, Inc. All Rights Reserved.
==============================================================
==============================================================
Vitis HLS - High-Level Synthesis from C, C++ and OpenCL v2021.1.1 (64-bit)
Copyright 1986-2021 Xilinx, Inc. All Rights Reserved.
==============================================================
==============================================================
Vitis HLS - High-Level Synthesis from C, C++ and OpenCL v2021.1.1 (64-bit)
Copyright 1986-2021 Xilinx, Inc. All Rights Reserved.
==============================================================
==============================================================
Vitis HLS - High-Level Synthesis from C, C++ and OpenCL v2021.1.1 (64-bit)
Copyright 1986-2021 Xilinx, Inc. All Rights Reserved.
==============================================================
==============================================================
Vitis HLS - High-Level Synthesis from C, C++ and OpenCL v2021.1.1 (64-bit)
Copyright 1986-2021 Xilinx, Inc. All Rights Reserved.
==============================================================
==============================================================
Vitis HLS - High-Level Synthesis from C, C++ and OpenCL v2021.1.1 (64-bit)
Copyright 1986-2021 Xilinx, Inc. All Rights Reserved.
==============================================================
==============================================================
Vitis HLS - High-Level Synthesis from C, C++ and OpenCL v2021.1.1 (64-bit)
Copyright 1986-2021 Xilinx, Inc. All Rights Reserved.
==============================================================
==============================================================
Vitis HLS - High-Level Synthesis from C, C++ and OpenCL v2021.1.1 (64-bit)
Copyright 1986-2021 Xilinx, Inc. All Rights Reserved.
==============================================================
==============================================================
Vitis HLS - High-Level Synthesis from C, C++ and OpenCL v2021.1.1 (64-bit)
Copyright 1986-2021 Xilinx, Inc. All Rights Reserved.
==============================================================
==============================================================
Vitis HLS - High-Level Synthesis from C, C++ and OpenCL v2021.1.1 (64-bit)
Copyright 1986-2021 Xilinx, Inc. All Rights Reserved.
==============================================================
==============================================================
Vitis HLS - High-Level Synthesis from C, C++ and OpenCL v2021.1.1 (64-bit)
Copyright 1986-2021 Xilinx, Inc. All Rights Reserved.
==============================================================
==============================================================
Vitis HLS - High-Level Synthesis from C, C++ and OpenCL v2021.1.1 (64-bit)
Copyright 1986-2021 Xilinx, Inc. All Rights Reserved.
==============================================================
==============================================================
Vitis HLS - High-Level Synthesis from C, C++ and OpenCL v2021.1.1 (64-bit)
Copyright 1986-2021 Xilinx, Inc. All Rights Reserved.
==============================================================
==============================================================
Vitis HLS - High-Level Synthesis from C, C++ and OpenCL v2021.1.1 (64-bit)
Copyright 1986-2021 Xilinx, Inc. All Rights Reserved.
==============================================================
==============================================================
Vitis HLS - High-Level Synthesis from C, C++ and OpenCL v2021.1.1 (64-bit)
Copyright 1986-2021 Xilinx, Inc. All Rights Reserved.
==============================================================
INFO: [SYN 201-201] Setting up clock 'default' with a period of 10ns.
INFO: [HLS 200-1611] Setting target device to 'xc7z020-clg400-1'
INFO: [HLS 200-1505] Using flow_target 'vivado'
INFO: [HLS 200-1510] Running: set_part xc7z020-clg400-1 
INFO: [HLS 200-1510] Running: create_clock -period 10 -name default 
INFO: [HLS 200-1510] Running: csynth_design 
INFO: [HLS 200-111] Finished File checks and directory preparation: CPU user time: 0.01 seconds. CPU system time: 0 seconds. Elapsed time: 0.01 seconds; current allocated memory: 251.639 MB.
INFO: [HLS 200-10] Analyzing design file 'cordiccart2pol.cpp' ... 
INFO: [HLS 200-111] Finished Source Code Analysis and Preprocessing: CPU user time: 0.87 seconds. CPU system time: 0.26 seconds. Elapsed time: 0.58 seconds; current allocated memory: 252.844 MB.
INFO: [HLS 200-777] Using interface defaults for 'Vivado' flow target.
INFO: [HLS 214-279] Initial Interval estimation mode is set into default.
INFO: [HLS 214-284] Auto array partition mode is set into default.
INFO: [HLS 214-270] Starting automatic array partition analysis...
INFO: [HLS 200-111] Finished Compiling Optimization and Transform: CPU user time: 3.66 seconds. CPU system time: 0.28 seconds. Elapsed time: 3.93 seconds; current allocated memory: 254.784 MB.
INFO: [HLS 200-111] Finished Checking Pragmas: CPU user time: 0 seconds. CPU system time: 0 seconds. Elapsed time: 0 seconds; current allocated memory: 254.785 MB.
INFO: [HLS 200-10] Starting code transformations ...
INFO: [HLS 200-111] Finished Standard Transforms: CPU user time: 0 seconds. CPU system time: 0 seconds. Elapsed time: 0.01 seconds; current allocated memory: 255.984 MB.
INFO: [HLS 200-10] Checking synthesizability ...
INFO: [HLS 200-111] Finished Checking Synthesizability: CPU user time: 0.01 seconds. CPU system time: 0 seconds. Elapsed time: 0 seconds; current allocated memory: 255.205 MB.
INFO: [XFORM 203-510] Pipelining loop 'VITIS_LOOP_22_1' (cordiccart2pol.cpp:21) in function 'cordiccart2pol' automatically.
INFO: [XFORM 203-401] Performing if-conversion on hyperblock from (cordiccart2pol.cpp:21:9) in function 'cordiccart2pol'... converting 4 basic blocks.
INFO: [XFORM 203-401] Performing if-conversion on hyperblock to (cordiccart2pol.cpp:22:19) in function 'cordiccart2pol'... converting 3 basic blocks.
INFO: [HLS 200-111] Finished Loop, function and other optimizations: CPU user time: 0.03 seconds. CPU system time: 0 seconds. Elapsed time: 0.04 seconds; current allocated memory: 275.764 MB.
INFO: [HLS 200-111] Finished Architecture Synthesis: CPU user time: 0.02 seconds. CPU system time: 0 seconds. Elapsed time: 0.02 seconds; current allocated memory: 268.443 MB.
INFO: [HLS 200-10] Starting hardware synthesis ...
INFO: [HLS 200-10] Synthesizing 'cordiccart2pol' ...
INFO: [HLS 200-10] ----------------------------------------------------------------
INFO: [HLS 200-42] -- Implementing module 'cordiccart2pol' 
INFO: [HLS 200-10] ----------------------------------------------------------------
INFO: [SCHED 204-11] Starting scheduling ...
INFO: [SCHED 204-61] Pipelining loop 'VITIS_LOOP_22_1'.
WARNING: [HLS 200-880] The II Violation in module 'cordiccart2pol' (loop 'VITIS_LOOP_22_1'): Unable to enforce a carried dependence constraint (II = 1, distance = 1, offset = 0) between 'store' operation ('y_assign_2_write_ln24', cordiccart2pol.cpp:24) of variable 'y', cordiccart2pol.cpp:24 on local variable 'y' and 'load' operation ('y_assign_2_load', cordiccart2pol.cpp:31) on local variable 'y'.
WARNING: [HLS 200-880] The II Violation in module 'cordiccart2pol' (loop 'VITIS_LOOP_22_1'): Unable to enforce a carried dependence constraint (II = 2, distance = 1, offset = 0) between 'store' operation ('y_assign_2_write_ln24', cordiccart2pol.cpp:24) of variable 'y', cordiccart2pol.cpp:24 on local variable 'y' and 'load' operation ('y_assign_2_load', cordiccart2pol.cpp:31) on local variable 'y'.
WARNING: [HLS 200-880] The II Violation in module 'cordiccart2pol' (loop 'VITIS_LOOP_22_1'): Unable to enforce a carried dependence constraint (II = 3, distance = 1, offset = 0) between 'store' operation ('y_assign_2_write_ln24', cordiccart2pol.cpp:24) of variable 'y', cordiccart2pol.cpp:24 on local variable 'y' and 'load' operation ('y_assign_2_load', cordiccart2pol.cpp:31) on local variable 'y'.
WARNING: [HLS 200-880] The II Violation in module 'cordiccart2pol' (loop 'VITIS_LOOP_22_1'): Unable to enforce a carried dependence constraint (II = 4, distance = 1, offset = 0) between 'store' operation ('y_assign_2_write_ln24', cordiccart2pol.cpp:24) of variable 'y', cordiccart2pol.cpp:24 on local variable 'y' and 'load' operation ('y_assign_2_load', cordiccart2pol.cpp:31) on local variable 'y'.
WARNING: [HLS 200-880] The II Violation in module 'cordiccart2pol' (loop 'VITIS_LOOP_22_1'): Unable to enforce a carried dependence constraint (II = 7, distance = 1, offset = 0) between 'store' operation ('x_temp_write_ln24', cordiccart2pol.cpp:24) of variable 'x', cordiccart2pol.cpp:24 on local variable 'x' and 'load' operation ('x_temp_load', cordiccart2pol.cpp:25) on local variable 'x'.
WARNING: [HLS 200-880] The II Violation in module 'cordiccart2pol' (loop 'VITIS_LOOP_22_1'): Unable to enforce a carried dependence constraint (II = 8, distance = 1, offset = 0) between 'store' operation ('x_temp_write_ln24', cordiccart2pol.cpp:24) of variable 'x', cordiccart2pol.cpp:24 on local variable 'x' and 'load' operation ('x_temp_load', cordiccart2pol.cpp:25) on local variable 'x'.
INFO: [HLS 200-1470] Pipelining result : Target II = NA, Final II = 9, Depth = 12, loop 'VITIS_LOOP_22_1'
INFO: [SCHED 204-11] Finished scheduling.
INFO: [HLS 200-111] Finished Scheduling: CPU user time: 0.12 seconds. CPU system time: 0.03 seconds. Elapsed time: 0.14 seconds; current allocated memory: 269.032 MB.
INFO: [BIND 205-100] Starting micro-architecture generation ...
INFO: [BIND 205-101] Performing variable lifetime analysis.
INFO: [BIND 205-101] Exploring resource sharing.
INFO: [BIND 205-101] Binding ...
INFO: [BIND 205-100] Finished micro-architecture generation.
INFO: [HLS 200-111] Finished Binding: CPU user time: 0.16 seconds. CPU system time: 0 seconds. Elapsed time: 0.16 seconds; current allocated memory: 269.540 MB.
INFO: [HLS 200-10] ----------------------------------------------------------------
INFO: [HLS 200-10] -- Generating RTL for module 'cordiccart2pol' 
INFO: [HLS 200-10] ----------------------------------------------------------------
INFO: [RTGEN 206-500] Setting interface mode on port 'cordiccart2pol/x' to 'ap_none'.
INFO: [RTGEN 206-500] Setting interface mode on port 'cordiccart2pol/y' to 'ap_none'.
INFO: [RTGEN 206-500] Setting interface mode on port 'cordiccart2pol/r' to 'ap_vld'.
INFO: [RTGEN 206-500] Setting interface mode on port 'cordiccart2pol/theta' to 'ap_vld'.
INFO: [RTGEN 206-500] Setting interface mode on function 'cordiccart2pol' to 'ap_ctrl_hs'.
INFO: [RTGEN 206-100] Generating core module 'dmul_64ns_64ns_64_7_max_dsp_1': 1 instance(s).
INFO: [RTGEN 206-100] Generating core module 'faddfsub_32ns_32ns_32_5_full_dsp_1': 2 instance(s).
INFO: [RTGEN 206-100] Generating core module 'fcmp_32ns_32ns_1_2_no_dsp_1': 1 instance(s).
INFO: [RTGEN 206-100] Generating core module 'fmul_32ns_32ns_32_4_max_dsp_1': 2 instance(s).
INFO: [RTGEN 206-100] Generating core module 'fpext_32ns_64_2_no_dsp_1': 1 instance(s).
INFO: [RTGEN 206-100] Generating core module 'fptrunc_64ns_32_2_no_dsp_1': 1 instance(s).
INFO: [RTGEN 206-100] Finished creating RTL model for 'cordiccart2pol'.
INFO: [HLS 200-111] Finished Creating RTL model: CPU user time: 0.15 seconds. CPU system time: 0.01 seconds. Elapsed time: 0.15 seconds; current allocated memory: 270.681 MB.
INFO: [RTMG 210-279] Implementing memory 'cordiccart2pol_Kvalues' using auto ROMs.
INFO: [RTMG 210-279] Implementing memory 'cordiccart2pol_angles' using auto ROMs.
INFO: [HLS 200-111] Finished Generating all RTL models: CPU user time: 0.65 seconds. CPU system time: 0.01 seconds. Elapsed time: 0.67 seconds; current allocated memory: 274.352 MB.
INFO: [HLS 200-111] Finished Updating report files: CPU user time: 0.22 seconds. CPU system time: 0.01 seconds. Elapsed time: 0.23 seconds; current allocated memory: 280.836 MB.
==============================================================
Vitis HLS - High-Level Synthesis from C, C++ and OpenCL v2021.1.1 (64-bit)
Copyright 1986-2021 Xilinx, Inc. All Rights Reserved.
==============================================================
==============================================================
Vitis HLS - High-Level Synthesis from C, C++ and OpenCL v2021.1.1 (64-bit)
Copyright 1986-2021 Xilinx, Inc. All Rights Reserved.
==============================================================
==============================================================
Vitis HLS - High-Level Synthesis from C, C++ and OpenCL v2021.1.1 (64-bit)
Copyright 1986-2021 Xilinx, Inc. All Rights Reserved.
==============================================================
==============================================================
Vitis HLS - High-Level Synthesis from C, C++ and OpenCL v2021.1.1 (64-bit)
Copyright 1986-2021 Xilinx, Inc. All Rights Reserved.
==============================================================
==============================================================
Vitis HLS - High-Level Synthesis from C, C++ and OpenCL v2021.1.1 (64-bit)
Copyright 1986-2021 Xilinx, Inc. All Rights Reserved.
==============================================================
==============================================================
Vitis HLS - High-Level Synthesis from C, C++ and OpenCL v2021.1.1 (64-bit)
Copyright 1986-2021 Xilinx, Inc. All Rights Reserved.
==============================================================
==============================================================
Vitis HLS - High-Level Synthesis from C, C++ and OpenCL v2021.1.1 (64-bit)
Copyright 1986-2021 Xilinx, Inc. All Rights Reserved.
==============================================================
==============================================================
Vitis HLS - High-Level Synthesis from C, C++ and OpenCL v2021.1.1 (64-bit)
Copyright 1986-2021 Xilinx, Inc. All Rights Reserved.
==============================================================
==============================================================
Vitis HLS - High-Level Synthesis from C, C++ and OpenCL v2021.1.1 (64-bit)
Copyright 1986-2021 Xilinx, Inc. All Rights Reserved.
==============================================================
==============================================================
Vitis HLS - High-Level Synthesis from C, C++ and OpenCL v2021.1.1 (64-bit)
Copyright 1986-2021 Xilinx, Inc. All Rights Reserved.
==============================================================
==============================================================
Vitis HLS - High-Level Synthesis from C, C++ and OpenCL v2021.1.1 (64-bit)
Copyright 1986-2021 Xilinx, Inc. All Rights Reserved.
==============================================================
==============================================================
Vitis HLS - High-Level Synthesis from C, C++ and OpenCL v2021.1.1 (64-bit)
Copyright 1986-2021 Xilinx, Inc. All Rights Reserved.
==============================================================
==============================================================
Vitis HLS - High-Level Synthesis from C, C++ and OpenCL v2021.1.1 (64-bit)
Copyright 1986-2021 Xilinx, Inc. All Rights Reserved.
==============================================================
==============================================================
Vitis HLS - High-Level Synthesis from C, C++ and OpenCL v2021.1.1 (64-bit)
Copyright 1986-2021 Xilinx, Inc. All Rights Reserved.
==============================================================
==============================================================
Vitis HLS - High-Level Synthesis from C, C++ and OpenCL v2021.1.1 (64-bit)
Copyright 1986-2021 Xilinx, Inc. All Rights Reserved.
==============================================================
==============================================================
Vitis HLS - High-Level Synthesis from C, C++ and OpenCL v2021.1.1 (64-bit)
Copyright 1986-2021 Xilinx, Inc. All Rights Reserved.
==============================================================
==============================================================
Vitis HLS - High-Level Synthesis from C, C++ and OpenCL v2021.1.1 (64-bit)
Copyright 1986-2021 Xilinx, Inc. All Rights Reserved.
==============================================================
==============================================================
Vitis HLS - High-Level Synthesis from C, C++ and OpenCL v2021.1.1 (64-bit)
Copyright 1986-2021 Xilinx, Inc. All Rights Reserved.
==============================================================
==============================================================
Vitis HLS - High-Level Synthesis from C, C++ and OpenCL v2021.1.1 (64-bit)
Copyright 1986-2021 Xilinx, Inc. All Rights Reserved.
==============================================================
==============================================================
Vitis HLS - High-Level Synthesis from C, C++ and OpenCL v2021.1.1 (64-bit)
Copyright 1986-2021 Xilinx, Inc. All Rights Reserved.
==============================================================
==============================================================
Vitis HLS - High-Level Synthesis from C, C++ and OpenCL v2021.1.1 (64-bit)
Copyright 1986-2021 Xilinx, Inc. All Rights Reserved.
==============================================================
==============================================================
Vitis HLS - High-Level Synthesis from C, C++ and OpenCL v2021.1.1 (64-bit)
Copyright 1986-2021 Xilinx, Inc. All Rights Reserved.
==============================================================
==============================================================
Vitis HLS - High-Level Synthesis from C, C++ and OpenCL v2021.1.1 (64-bit)
Copyright 1986-2021 Xilinx, Inc. All Rights Reserved.
==============================================================
==============================================================
Vitis HLS - High-Level Synthesis from C, C++ and OpenCL v2021.1.1 (64-bit)
Copyright 1986-2021 Xilinx, Inc. All Rights Reserved.
==============================================================
==============================================================
Vitis HLS - High-Level Synthesis from C, C++ and OpenCL v2021.1.1 (64-bit)
Copyright 1986-2021 Xilinx, Inc. All Rights Reserved.
==============================================================
==============================================================
Vitis HLS - High-Level Synthesis from C, C++ and OpenCL v2021.1.1 (64-bit)
Copyright 1986-2021 Xilinx, Inc. All Rights Reserved.
==============================================================
==============================================================
Vitis HLS - High-Level Synthesis from C, C++ and OpenCL v2021.1.1 (64-bit)
Copyright 1986-2021 Xilinx, Inc. All Rights Reserved.
==============================================================
==============================================================
Vitis HLS - High-Level Synthesis from C, C++ and OpenCL v2021.1.1 (64-bit)
Copyright 1986-2021 Xilinx, Inc. All Rights Reserved.
==============================================================
==============================================================
Vitis HLS - High-Level Synthesis from C, C++ and OpenCL v2021.1.1 (64-bit)
Copyright 1986-2021 Xilinx, Inc. All Rights Reserved.
==============================================================
==============================================================
Vitis HLS - High-Level Synthesis from C, C++ and OpenCL v2021.1.1 (64-bit)
Copyright 1986-2021 Xilinx, Inc. All Rights Reserved.
==============================================================
==============================================================
Vitis HLS - High-Level Synthesis from C, C++ and OpenCL v2021.1.1 (64-bit)
Copyright 1986-2021 Xilinx, Inc. All Rights Reserved.
==============================================================
==============================================================
Vitis HLS - High-Level Synthesis from C, C++ and OpenCL v2021.1.1 (64-bit)
Copyright 1986-2021 Xilinx, Inc. All Rights Reserved.
==============================================================
==============================================================
Vitis HLS - High-Level Synthesis from C, C++ and OpenCL v2021.1.1 (64-bit)
Copyright 1986-2021 Xilinx, Inc. All Rights Reserved.
==============================================================
==============================================================
Vitis HLS - High-Level Synthesis from C, C++ and OpenCL v2021.1.1 (64-bit)
Copyright 1986-2021 Xilinx, Inc. All Rights Reserved.
==============================================================
==============================================================
Vitis HLS - High-Level Synthesis from C, C++ and OpenCL v2021.1.1 (64-bit)
Copyright 1986-2021 Xilinx, Inc. All Rights Reserved.
==============================================================
==============================================================
Vitis HLS - High-Level Synthesis from C, C++ and OpenCL v2021.1.1 (64-bit)
Copyright 1986-2021 Xilinx, Inc. All Rights Reserved.
==============================================================
==============================================================
Vitis HLS - High-Level Synthesis from C, C++ and OpenCL v2021.1.1 (64-bit)
Copyright 1986-2021 Xilinx, Inc. All Rights Reserved.
==============================================================
==============================================================
Vitis HLS - High-Level Synthesis from C, C++ and OpenCL v2021.1.1 (64-bit)
Copyright 1986-2021 Xilinx, Inc. All Rights Reserved.
==============================================================
==============================================================
Vitis HLS - High-Level Synthesis from C, C++ and OpenCL v2021.1.1 (64-bit)
Copyright 1986-2021 Xilinx, Inc. All Rights Reserved.
==============================================================
==============================================================
Vitis HLS - High-Level Synthesis from C, C++ and OpenCL v2021.1.1 (64-bit)
Copyright 1986-2021 Xilinx, Inc. All Rights Reserved.
==============================================================
==============================================================
Vitis HLS - High-Level Synthesis from C, C++ and OpenCL v2021.1.1 (64-bit)
Copyright 1986-2021 Xilinx, Inc. All Rights Reserved.
==============================================================
==============================================================
Vitis HLS - High-Level Synthesis from C, C++ and OpenCL v2021.1.1 (64-bit)
Copyright 1986-2021 Xilinx, Inc. All Rights Reserved.
==============================================================
==============================================================
Vitis HLS - High-Level Synthesis from C, C++ and OpenCL v2021.1.1 (64-bit)
Copyright 1986-2021 Xilinx, Inc. All Rights Reserved.
==============================================================
==============================================================
Vitis HLS - High-Level Synthesis from C, C++ and OpenCL v2021.1.1 (64-bit)
Copyright 1986-2021 Xilinx, Inc. All Rights Reserved.
==============================================================
==============================================================
Vitis HLS - High-Level Synthesis from C, C++ and OpenCL v2021.1.1 (64-bit)
Copyright 1986-2021 Xilinx, Inc. All Rights Reserved.
==============================================================
==============================================================
Vitis HLS - High-Level Synthesis from C, C++ and OpenCL v2021.1.1 (64-bit)
Copyright 1986-2021 Xilinx, Inc. All Rights Reserved.
==============================================================
==============================================================
Vitis HLS - High-Level Synthesis from C, C++ and OpenCL v2021.1.1 (64-bit)
Copyright 1986-2021 Xilinx, Inc. All Rights Reserved.
==============================================================
==============================================================
Vitis HLS - High-Level Synthesis from C, C++ and OpenCL v2021.1.1 (64-bit)
Copyright 1986-2021 Xilinx, Inc. All Rights Reserved.
==============================================================
==============================================================
Vitis HLS - High-Level Synthesis from C, C++ and OpenCL v2021.1.1 (64-bit)
Copyright 1986-2021 Xilinx, Inc. All Rights Reserved.
==============================================================
==============================================================
Vitis HLS - High-Level Synthesis from C, C++ and OpenCL v2021.1.1 (64-bit)
Copyright 1986-2021 Xilinx, Inc. All Rights Reserved.
==============================================================
==============================================================
Vitis HLS - High-Level Synthesis from C, C++ and OpenCL v2021.1.1 (64-bit)
Copyright 1986-2021 Xilinx, Inc. All Rights Reserved.
==============================================================
==============================================================
Vitis HLS - High-Level Synthesis from C, C++ and OpenCL v2021.1.1 (64-bit)
Copyright 1986-2021 Xilinx, Inc. All Rights Reserved.
==============================================================
==============================================================
Vitis HLS - High-Level Synthesis from C, C++ and OpenCL v2021.1.1 (64-bit)
Copyright 1986-2021 Xilinx, Inc. All Rights Reserved.
==============================================================
==============================================================
Vitis HLS - High-Level Synthesis from C, C++ and OpenCL v2021.1.1 (64-bit)
Copyright 1986-2021 Xilinx, Inc. All Rights Reserved.
==============================================================
==============================================================
Vitis HLS - High-Level Synthesis from C, C++ and OpenCL v2021.1.1 (64-bit)
Copyright 1986-2021 Xilinx, Inc. All Rights Reserved.
==============================================================
==============================================================
Vitis HLS - High-Level Synthesis from C, C++ and OpenCL v2021.1.1 (64-bit)
Copyright 1986-2021 Xilinx, Inc. All Rights Reserved.
==============================================================
==============================================================
Vitis HLS - High-Level Synthesis from C, C++ and OpenCL v2021.1.1 (64-bit)
Copyright 1986-2021 Xilinx, Inc. All Rights Reserved.
==============================================================
==============================================================
Vitis HLS - High-Level Synthesis from C, C++ and OpenCL v2021.1.1 (64-bit)
Copyright 1986-2021 Xilinx, Inc. All Rights Reserved.
==============================================================
==============================================================
Vitis HLS - High-Level Synthesis from C, C++ and OpenCL v2021.1.1 (64-bit)
Copyright 1986-2021 Xilinx, Inc. All Rights Reserved.
==============================================================
==============================================================
Vitis HLS - High-Level Synthesis from C, C++ and OpenCL v2021.1.1 (64-bit)
Copyright 1986-2021 Xilinx, Inc. All Rights Reserved.
==============================================================
==============================================================
Vitis HLS - High-Level Synthesis from C, C++ and OpenCL v2021.1.1 (64-bit)
Copyright 1986-2021 Xilinx, Inc. All Rights Reserved.
==============================================================
==============================================================
Vitis HLS - High-Level Synthesis from C, C++ and OpenCL v2021.1.1 (64-bit)
Copyright 1986-2021 Xilinx, Inc. All Rights Reserved.
==============================================================
==============================================================
Vitis HLS - High-Level Synthesis from C, C++ and OpenCL v2021.1.1 (64-bit)
Copyright 1986-2021 Xilinx, Inc. All Rights Reserved.
==============================================================
==============================================================
Vitis HLS - High-Level Synthesis from C, C++ and OpenCL v2021.1.1 (64-bit)
Copyright 1986-2021 Xilinx, Inc. All Rights Reserved.
==============================================================
==============================================================
Vitis HLS - High-Level Synthesis from C, C++ and OpenCL v2021.1.1 (64-bit)
Copyright 1986-2021 Xilinx, Inc. All Rights Reserved.
==============================================================
==============================================================
Vitis HLS - High-Level Synthesis from C, C++ and OpenCL v2021.1.1 (64-bit)
Copyright 1986-2021 Xilinx, Inc. All Rights Reserved.
==============================================================
INFO: [SYN 201-201] Setting up clock 'default' with a period of 10ns.
INFO: [HLS 200-1611] Setting target device to 'xc7z020-clg400-1'
INFO: [HLS 200-1505] Using flow_target 'vivado'
INFO: [HLS 200-1510] Running: set_part xc7z020-clg400-1 
INFO: [HLS 200-1510] Running: create_clock -period 10 -name default 
INFO: [HLS 200-1510] Running: set_directive_interface -mode s_axilite cordiccart2pol 
INFO: [HLS 200-1510] Running: set_directive_interface -mode s_axilite cordiccart2pol angles 
INFO: [HLS 200-1510] Running: set_directive_interface -mode s_axilite cordiccart2pol pi 
INFO: [HLS 200-1510] Running: set_directive_interface -mode s_axilite cordiccart2pol Kvalues 
INFO: [HLS 200-1510] Running: set_directive_interface -mode s_axilite cordiccart2pol x 
INFO: [HLS 200-1510] Running: set_directive_interface -mode s_axilite cordiccart2pol y 
INFO: [HLS 200-1510] Running: set_directive_interface -mode s_axilite cordiccart2pol r 
INFO: [HLS 200-1510] Running: set_directive_interface -mode s_axilite cordiccart2pol theta 
INFO: [HLS 200-1510] Running: csynth_design 
INFO: [HLS 200-111] Finished File checks and directory preparation: CPU user time: 0.01 seconds. CPU system time: 0 seconds. Elapsed time: 0.01 seconds; current allocated memory: 251.734 MB.
INFO: [HLS 200-10] Analyzing design file 'cordiccart2pol.cpp' ... 
WARNING: [HLS 207-5301] unused parameter 'print': /tools/Xilinx/Vitis_HLS/2021.1/common/technology/autopilot/ap_int_base.h:792:16
INFO: [HLS 200-111] Finished Source Code Analysis and Preprocessing: CPU user time: 4.33 seconds. CPU system time: 0.3 seconds. Elapsed time: 4.22 seconds; current allocated memory: 253.074 MB.
INFO: [HLS 200-777] Using interface defaults for 'Vivado' flow target.
INFO: [HLS 214-279] Initial Interval estimation mode is set into default.
INFO: [HLS 214-284] Auto array partition mode is set into default.
INFO: [HLS 214-270] Starting automatic array partition analysis...
WARNING: [HLS 214-238] The INTERFACE pragma actions in object field. If on struct field, the struct argument must be pointer or reference. If struct by value, this interface pragma will be viewed as invalid and ignored. In function 'cordiccart2pol(float, float, float*, float*)' (cordiccart2pol.cpp:14:0)
WARNING: [HLS 214-238] The INTERFACE pragma actions in object field. If on struct field, the struct argument must be pointer or reference. If struct by value, this interface pragma will be viewed as invalid and ignored. In function 'cordiccart2pol(float, float, float*, float*)' (cordiccart2pol.cpp:14:0)
WARNING: [HLS 214-238] The INTERFACE pragma actions in object field. If on struct field, the struct argument must be pointer or reference. If struct by value, this interface pragma will be viewed as invalid and ignored. In function 'cordiccart2pol(float, float, float*, float*)' (cordiccart2pol.cpp:14:0)
INFO: [HLS 200-111] Finished Compiling Optimization and Transform: CPU user time: 4.03 seconds. CPU system time: 0.28 seconds. Elapsed time: 4.4 seconds; current allocated memory: 255.004 MB.
INFO: [HLS 200-111] Finished Checking Pragmas: CPU user time: 0 seconds. CPU system time: 0 seconds. Elapsed time: 0 seconds; current allocated memory: 255.005 MB.
INFO: [HLS 200-10] Starting code transformations ...
INFO: [HLS 200-111] Finished Standard Transforms: CPU user time: 0.08 seconds. CPU system time: 0.02 seconds. Elapsed time: 0.1 seconds; current allocated memory: 271.743 MB.
INFO: [HLS 200-10] Checking synthesizability ...
WARNING: [SYNCHK 200-23] /tools/Xilinx/Vitis_HLS/2021.1/common/technology/autopilot/ap_fixed_base.h:1000: variable-indexed range selection may cause suboptimal QoR.
INFO: [SYNCHK 200-10] 0 error(s), 1 warning(s).
INFO: [HLS 200-111] Finished Checking Synthesizability: CPU user time: 0.23 seconds. CPU system time: 0 seconds. Elapsed time: 0.24 seconds; current allocated memory: 297.033 MB.
WARNING: [XFORM 203-803] Dropped interface mode 'ap_auto' on 'r' (cordiccart2pol.cpp:13) as it is incompatible with its interface mode 's_axilite'.
WARNING: [XFORM 203-803] Dropped interface mode 'ap_auto' on 'theta' (cordiccart2pol.cpp:13) as it is incompatible with its interface mode 's_axilite'.
INFO: [XFORM 203-510] Pipelining loop 'VITIS_LOOP_27_1' (cordiccart2pol.cpp:26) in function 'cordiccart2pol' automatically.
INFO: [XFORM 203-401] Performing if-conversion on hyperblock from (cordiccart2pol.cpp:26:18) in function 'cordiccart2pol'... converting 4 basic blocks.
INFO: [XFORM 203-401] Performing if-conversion on hyperblock in function 'cordiccart2pol'... converting 21 basic blocks.
INFO: [XFORM 203-401] Performing if-conversion on hyperblock to (cordiccart2pol.cpp:42:1) in function 'cordiccart2pol'... converting 18 basic blocks.
INFO: [HLS 200-111] Finished Loop, function and other optimizations: CPU user time: 0.35 seconds. CPU system time: 0.02 seconds. Elapsed time: 0.38 seconds; current allocated memory: 345.786 MB.
INFO: [HLS 200-111] Finished Architecture Synthesis: CPU user time: 0.16 seconds. CPU system time: 0 seconds. Elapsed time: 0.16 seconds; current allocated memory: 352.100 MB.
INFO: [HLS 200-10] Starting hardware synthesis ...
INFO: [HLS 200-10] Synthesizing 'cordiccart2pol' ...
INFO: [HLS 200-10] ----------------------------------------------------------------
INFO: [HLS 200-42] -- Implementing module 'cordiccart2pol' 
INFO: [HLS 200-10] ----------------------------------------------------------------
INFO: [SCHED 204-11] Starting scheduling ...
INFO: [HLS 200-486] Changing DSP48 latency (root=r_V) to 3 in order to utilize available DSP registers.
INFO: [SCHED 204-61] Pipelining loop 'VITIS_LOOP_27_1'.
INFO: [HLS 200-1470] Pipelining result : Target II = NA, Final II = 1, Depth = 2, loop 'VITIS_LOOP_27_1'
INFO: [SCHED 204-11] Finished scheduling.
INFO: [HLS 200-111] Finished Scheduling: CPU user time: 0.22 seconds. CPU system time: 0.02 seconds. Elapsed time: 0.28 seconds; current allocated memory: 353.268 MB.
INFO: [BIND 205-100] Starting micro-architecture generation ...
INFO: [BIND 205-101] Performing variable lifetime analysis.
INFO: [BIND 205-101] Exploring resource sharing.
INFO: [BIND 205-101] Binding ...
INFO: [BIND 205-100] Finished micro-architecture generation.
INFO: [HLS 200-111] Finished Binding: CPU user time: 0.23 seconds. CPU system time: 0.01 seconds. Elapsed time: 0.24 seconds; current allocated memory: 354.361 MB.
INFO: [HLS 200-10] ----------------------------------------------------------------
INFO: [HLS 200-10] -- Generating RTL for module 'cordiccart2pol' 
INFO: [HLS 200-10] ----------------------------------------------------------------
WARNING: [RTGEN 206-101] Design contains AXI ports. Reset is fixed to synchronous and active low.
INFO: [RTGEN 206-500] Setting interface mode on port 'cordiccart2pol/x' to 's_axilite & ap_none'.
INFO: [RTGEN 206-500] Setting interface mode on port 'cordiccart2pol/y' to 's_axilite & ap_none'.
INFO: [RTGEN 206-500] Setting interface mode on port 'cordiccart2pol/r' to 's_axilite & ap_vld'.
INFO: [RTGEN 206-500] Setting interface mode on port 'cordiccart2pol/theta' to 's_axilite & ap_vld'.
INFO: [RTGEN 206-500] Setting interface mode on function 'cordiccart2pol' to 's_axilite & ap_ctrl_hs'.
INFO: [RTGEN 206-100] Bundling port 'x', 'y', 'r', 'theta' to AXI-Lite port control.
INFO: [RTGEN 206-100] Generating core module 'fpext_32ns_64_2_no_dsp_1': 2 instance(s).
INFO: [RTGEN 206-100] Generating core module 'mul_mul_17s_13ns_31_4_1': 1 instance(s).
INFO: [RTGEN 206-100] Finished creating RTL model for 'cordiccart2pol'.
INFO: [HLS 200-111] Finished Creating RTL model: CPU user time: 0.42 seconds. CPU system time: 0 seconds. Elapsed time: 0.42 seconds; current allocated memory: 356.477 MB.
INFO: [RTMG 210-279] Implementing memory 'cordiccart2pol_angles_V' using auto ROMs.
INFO: [HLS 200-111] Finished Generating all RTL models: CPU user time: 1.58 seconds. CPU system time: 0.03 seconds. Elapsed time: 1.62 seconds; current allocated memory: 364.446 MB.
INFO: [HLS 200-111] Finished Updating report files: CPU user time: 0.36 seconds. CPU system time: 0.01 seconds. Elapsed time: 0.37 seconds; current allocated memory: 371.676 MB.
INFO: [VHDL 208-304] Generating VHDL RTL for cordiccart2pol.
==============================================================
Vitis HLS - High-Level Synthesis from C, C++ and OpenCL v2021.1.1 (64-bit)
Copyright 1986-2021 Xilinx, Inc. All Rights Reserved.
==============================================================
==============================================================
Vitis HLS - High-Level Synthesis from C, C++ and OpenCL v2021.1.1 (64-bit)
Copyright 1986-2021 Xilinx, Inc. All Rights Reserved.
==============================================================
==============================================================
Vitis HLS - High-Level Synthesis from C, C++ and OpenCL v2021.1.1 (64-bit)
Copyright 1986-2021 Xilinx, Inc. All Rights Reserved.
==============================================================
==============================================================
Vitis HLS - High-Level Synthesis from C, C++ and OpenCL v2021.1.1 (64-bit)
Copyright 1986-2021 Xilinx, Inc. All Rights Reserved.
==============================================================
==============================================================
Vitis HLS - High-Level Synthesis from C, C++ and OpenCL v2021.1.1 (64-bit)
Copyright 1986-2021 Xilinx, Inc. All Rights Reserved.
==============================================================
==============================================================
Vitis HLS - High-Level Synthesis from C, C++ and OpenCL v2021.1.1 (64-bit)
Copyright 1986-2021 Xilinx, Inc. All Rights Reserved.
==============================================================
INFO: [SYN 201-201] Setting up clock 'default' with a period of 10ns.
INFO: [HLS 200-1611] Setting target device to 'xc7z020-clg400-1'
INFO: [HLS 200-1505] Using flow_target 'vivado'
INFO: [HLS 200-1464] Running solution command: config_export -format=ip_catalog
INFO: [HLS 200-1464] Running solution command: config_export -rtl=verilog
INFO: [HLS 200-1464] Running solution command: config_export -output=/home/henrikhestnes/Documents/CSE-237C-Validation-and-Testing-of-Embedded-Systems/project2/cordic/HLS/cordic_optimized2/cordiccart2pol.zip
INFO: [HLS 200-1510] Running: set_part xc7z020-clg400-1 
INFO: [HLS 200-1510] Running: create_clock -period 10 -name default 
INFO: [HLS 200-1510] Running: config_export -format ip_catalog -output /home/henrikhestnes/Documents/CSE-237C-Validation-and-Testing-of-Embedded-Systems/project2/cordic/HLS/cordic_optimized2/cordiccart2pol.zip -rtl verilog 
INFO: [HLS 200-1510] Running: set_directive_interface -mode s_axilite cordiccart2pol 
INFO: [HLS 200-1510] Running: set_directive_interface -mode s_axilite cordiccart2pol angles 
INFO: [HLS 200-1510] Running: set_directive_interface -mode s_axilite cordiccart2pol pi 
INFO: [HLS 200-1510] Running: set_directive_interface -mode s_axilite cordiccart2pol Kvalues 
INFO: [HLS 200-1510] Running: set_directive_interface -mode s_axilite cordiccart2pol x 
INFO: [HLS 200-1510] Running: set_directive_interface -mode s_axilite cordiccart2pol y 
INFO: [HLS 200-1510] Running: set_directive_interface -mode s_axilite cordiccart2pol r 
INFO: [HLS 200-1510] Running: set_directive_interface -mode s_axilite cordiccart2pol theta 
INFO: [HLS 200-1510] Running: csynth_design 
INFO: [HLS 200-111] Finished File checks and directory preparation: CPU user time: 0.02 seconds. CPU system time: 0 seconds. Elapsed time: 0.01 seconds; current allocated memory: 251.868 MB.
INFO: [HLS 200-10] Analyzing design file 'cordiccart2pol.cpp' ... 
WARNING: [HLS 207-5301] unused parameter 'print': /tools/Xilinx/Vitis_HLS/2021.1/common/technology/autopilot/ap_int_base.h:792:16
INFO: [HLS 200-111] Finished Source Code Analysis and Preprocessing: CPU user time: 6.78 seconds. CPU system time: 0.56 seconds. Elapsed time: 6.54 seconds; current allocated memory: 253.256 MB.
INFO: [HLS 200-777] Using interface defaults for 'Vivado' flow target.
INFO: [HLS 214-279] Initial Interval estimation mode is set into default.
INFO: [HLS 214-284] Auto array partition mode is set into default.
INFO: [HLS 214-270] Starting automatic array partition analysis...
WARNING: [HLS 214-238] The INTERFACE pragma actions in object field. If on struct field, the struct argument must be pointer or reference. If struct by value, this interface pragma will be viewed as invalid and ignored. In function 'cordiccart2pol(float, float, float*, float*)' (cordiccart2pol.cpp:14:0)
WARNING: [HLS 214-238] The INTERFACE pragma actions in object field. If on struct field, the struct argument must be pointer or reference. If struct by value, this interface pragma will be viewed as invalid and ignored. In function 'cordiccart2pol(float, float, float*, float*)' (cordiccart2pol.cpp:14:0)
WARNING: [HLS 214-238] The INTERFACE pragma actions in object field. If on struct field, the struct argument must be pointer or reference. If struct by value, this interface pragma will be viewed as invalid and ignored. In function 'cordiccart2pol(float, float, float*, float*)' (cordiccart2pol.cpp:14:0)
INFO: [HLS 200-111] Finished Compiling Optimization and Transform: CPU user time: 6.09 seconds. CPU system time: 0.42 seconds. Elapsed time: 6.53 seconds; current allocated memory: 255.255 MB.
INFO: [HLS 200-111] Finished Checking Pragmas: CPU user time: 0 seconds. CPU system time: 0 seconds. Elapsed time: 0 seconds; current allocated memory: 255.257 MB.
INFO: [HLS 200-10] Starting code transformations ...
INFO: [HLS 200-111] Finished Standard Transforms: CPU user time: 0.18 seconds. CPU system time: 0.03 seconds. Elapsed time: 0.21 seconds; current allocated memory: 271.994 MB.
INFO: [HLS 200-10] Checking synthesizability ...
WARNING: [SYNCHK 200-23] /tools/Xilinx/Vitis_HLS/2021.1/common/technology/autopilot/ap_fixed_base.h:1000: variable-indexed range selection may cause suboptimal QoR.
INFO: [SYNCHK 200-10] 0 error(s), 1 warning(s).
INFO: [HLS 200-111] Finished Checking Synthesizability: CPU user time: 0.36 seconds. CPU system time: 0.01 seconds. Elapsed time: 0.37 seconds; current allocated memory: 297.282 MB.
WARNING: [XFORM 203-803] Dropped interface mode 'ap_auto' on 'r' (cordiccart2pol.cpp:13) as it is incompatible with its interface mode 's_axilite'.
WARNING: [XFORM 203-803] Dropped interface mode 'ap_auto' on 'theta' (cordiccart2pol.cpp:13) as it is incompatible with its interface mode 's_axilite'.
INFO: [XFORM 203-510] Pipelining loop 'VITIS_LOOP_27_1' (cordiccart2pol.cpp:26) in function 'cordiccart2pol' automatically.
INFO: [XFORM 203-401] Performing if-conversion on hyperblock from (cordiccart2pol.cpp:26:18) in function 'cordiccart2pol'... converting 4 basic blocks.
INFO: [XFORM 203-401] Performing if-conversion on hyperblock in function 'cordiccart2pol'... converting 21 basic blocks.
INFO: [XFORM 203-401] Performing if-conversion on hyperblock to (cordiccart2pol.cpp:42:1) in function 'cordiccart2pol'... converting 18 basic blocks.
INFO: [HLS 200-111] Finished Loop, function and other optimizations: CPU user time: 0.63 seconds. CPU system time: 0.05 seconds. Elapsed time: 0.68 seconds; current allocated memory: 346.027 MB.
INFO: [HLS 200-111] Finished Architecture Synthesis: CPU user time: 0.25 seconds. CPU system time: 0.01 seconds. Elapsed time: 0.26 seconds; current allocated memory: 352.383 MB.
INFO: [HLS 200-10] Starting hardware synthesis ...
INFO: [HLS 200-10] Synthesizing 'cordiccart2pol' ...
INFO: [HLS 200-10] ----------------------------------------------------------------
INFO: [HLS 200-42] -- Implementing module 'cordiccart2pol' 
INFO: [HLS 200-10] ----------------------------------------------------------------
INFO: [SCHED 204-11] Starting scheduling ...
INFO: [HLS 200-486] Changing DSP48 latency (root=r_V) to 3 in order to utilize available DSP registers.
INFO: [SCHED 204-61] Pipelining loop 'VITIS_LOOP_27_1'.
INFO: [HLS 200-1470] Pipelining result : Target II = NA, Final II = 1, Depth = 2, loop 'VITIS_LOOP_27_1'
INFO: [SCHED 204-11] Finished scheduling.
INFO: [HLS 200-111] Finished Scheduling: CPU user time: 0.37 seconds. CPU system time: 0.04 seconds. Elapsed time: 0.42 seconds; current allocated memory: 353.550 MB.
INFO: [BIND 205-100] Starting micro-architecture generation ...
INFO: [BIND 205-101] Performing variable lifetime analysis.
INFO: [BIND 205-101] Exploring resource sharing.
INFO: [BIND 205-101] Binding ...
INFO: [BIND 205-100] Finished micro-architecture generation.
INFO: [HLS 200-111] Finished Binding: CPU user time: 0.43 seconds. CPU system time: 0.01 seconds. Elapsed time: 0.43 seconds; current allocated memory: 354.674 MB.
INFO: [HLS 200-10] ----------------------------------------------------------------
INFO: [HLS 200-10] -- Generating RTL for module 'cordiccart2pol' 
INFO: [HLS 200-10] ----------------------------------------------------------------
WARNING: [RTGEN 206-101] Design contains AXI ports. Reset is fixed to synchronous and active low.
INFO: [RTGEN 206-500] Setting interface mode on port 'cordiccart2pol/x' to 's_axilite & ap_none'.
INFO: [RTGEN 206-500] Setting interface mode on port 'cordiccart2pol/y' to 's_axilite & ap_none'.
INFO: [RTGEN 206-500] Setting interface mode on port 'cordiccart2pol/r' to 's_axilite & ap_vld'.
INFO: [RTGEN 206-500] Setting interface mode on port 'cordiccart2pol/theta' to 's_axilite & ap_vld'.
INFO: [RTGEN 206-500] Setting interface mode on function 'cordiccart2pol' to 's_axilite & ap_ctrl_hs'.
INFO: [RTGEN 206-100] Bundling port 'x', 'y', 'r', 'theta' to AXI-Lite port control.
INFO: [RTGEN 206-100] Generating core module 'fpext_32ns_64_2_no_dsp_1': 2 instance(s).
INFO: [RTGEN 206-100] Generating core module 'mul_mul_17s_13ns_31_4_1': 1 instance(s).
INFO: [RTGEN 206-100] Finished creating RTL model for 'cordiccart2pol'.
INFO: [HLS 200-111] Finished Creating RTL model: CPU user time: 0.76 seconds. CPU system time: 0.01 seconds. Elapsed time: 0.78 seconds; current allocated memory: 356.763 MB.
==============================================================
Vitis HLS - High-Level Synthesis from C, C++ and OpenCL v2021.1.1 (64-bit)
Copyright 1986-2021 Xilinx, Inc. All Rights Reserved.
==============================================================
==============================================================
Vitis HLS - High-Level Synthesis from C, C++ and OpenCL v2021.1.1 (64-bit)
Copyright 1986-2021 Xilinx, Inc. All Rights Reserved.
==============================================================
==============================================================
Vitis HLS - High-Level Synthesis from C, C++ and OpenCL v2021.1.1 (64-bit)
Copyright 1986-2021 Xilinx, Inc. All Rights Reserved.
==============================================================
INFO: [SYN 201-201] Setting up clock 'default' with a period of 10ns.
INFO: [HLS 200-1611] Setting target device to 'xc7z020-clg400-1'
INFO: [HLS 200-1505] Using flow_target 'vivado'
INFO: [HLS 200-1464] Running solution command: config_export -format=ip_catalog
INFO: [HLS 200-1464] Running solution command: config_export -rtl=verilog
INFO: [HLS 200-1464] Running solution command: config_export -output=/home/henrikhestnes/Documents/CSE-237C-Validation-and-Testing-of-Embedded-Systems/project2/cordic/HLS/cordic_optimized2/cordiccart2pol.zip
INFO: [HLS 200-1510] Running: set_part xc7z020-clg400-1 
INFO: [HLS 200-1510] Running: create_clock -period 10 -name default 
INFO: [HLS 200-1510] Running: config_export -format ip_catalog -output /home/henrikhestnes/Documents/CSE-237C-Validation-and-Testing-of-Embedded-Systems/project2/cordic/HLS/cordic_optimized2/cordiccart2pol.zip -rtl verilog 
INFO: [HLS 200-1510] Running: set_directive_interface -mode s_axilite cordiccart2pol 
INFO: [HLS 200-1510] Running: set_directive_interface -mode s_axilite cordiccart2pol angles 
INFO: [HLS 200-1510] Running: set_directive_interface -mode s_axilite cordiccart2pol pi 
INFO: [HLS 200-1510] Running: set_directive_interface -mode s_axilite cordiccart2pol Kvalues 
INFO: [HLS 200-1510] Running: set_directive_interface -mode s_axilite cordiccart2pol x 
INFO: [HLS 200-1510] Running: set_directive_interface -mode s_axilite cordiccart2pol y 
INFO: [HLS 200-1510] Running: set_directive_interface -mode s_axilite cordiccart2pol r 
INFO: [HLS 200-1510] Running: set_directive_interface -mode s_axilite cordiccart2pol theta 
INFO: [HLS 200-1510] Running: set_directive_top -name cordiccart2pol cordiccart2pol 
INFO: [HLS 200-1510] Running: csynth_design 
INFO: [HLS 200-111] Finished File checks and directory preparation: CPU user time: 0.02 seconds. CPU system time: 0 seconds. Elapsed time: 0.01 seconds; current allocated memory: 251.871 MB.
INFO: [HLS 200-10] Analyzing design file 'cordiccart2pol.cpp' ... 
WARNING: [HLS 207-5301] unused parameter 'print': /tools/Xilinx/Vitis_HLS/2021.1/common/technology/autopilot/ap_int_base.h:792:16
INFO: [HLS 200-111] Finished Source Code Analysis and Preprocessing: CPU user time: 6.62 seconds. CPU system time: 0.52 seconds. Elapsed time: 6.34 seconds; current allocated memory: 253.277 MB.
INFO: [HLS 200-777] Using interface defaults for 'Vivado' flow target.
INFO: [HLS 214-279] Initial Interval estimation mode is set into default.
INFO: [HLS 214-284] Auto array partition mode is set into default.
INFO: [HLS 214-270] Starting automatic array partition analysis...
WARNING: [HLS 214-238] The INTERFACE pragma actions in object field. If on struct field, the struct argument must be pointer or reference. If struct by value, this interface pragma will be viewed as invalid and ignored. In function 'cordiccart2pol(float, float, float*, float*)' (cordiccart2pol.cpp:14:0)
WARNING: [HLS 214-238] The INTERFACE pragma actions in object field. If on struct field, the struct argument must be pointer or reference. If struct by value, this interface pragma will be viewed as invalid and ignored. In function 'cordiccart2pol(float, float, float*, float*)' (cordiccart2pol.cpp:14:0)
WARNING: [HLS 214-238] The INTERFACE pragma actions in object field. If on struct field, the struct argument must be pointer or reference. If struct by value, this interface pragma will be viewed as invalid and ignored. In function 'cordiccart2pol(float, float, float*, float*)' (cordiccart2pol.cpp:14:0)
INFO: [HLS 200-111] Finished Compiling Optimization and Transform: CPU user time: 5.18 seconds. CPU system time: 0.34 seconds. Elapsed time: 5.52 seconds; current allocated memory: 255.304 MB.
INFO: [HLS 200-111] Finished Checking Pragmas: CPU user time: 0 seconds. CPU system time: 0 seconds. Elapsed time: 0 seconds; current allocated memory: 255.307 MB.
INFO: [HLS 200-10] Starting code transformations ...
INFO: [HLS 200-111] Finished Standard Transforms: CPU user time: 0.15 seconds. CPU system time: 0.02 seconds. Elapsed time: 0.16 seconds; current allocated memory: 272.027 MB.
INFO: [HLS 200-10] Checking synthesizability ...
WARNING: [SYNCHK 200-23] /tools/Xilinx/Vitis_HLS/2021.1/common/technology/autopilot/ap_fixed_base.h:1000: variable-indexed range selection may cause suboptimal QoR.
INFO: [SYNCHK 200-10] 0 error(s), 1 warning(s).
INFO: [HLS 200-111] Finished Checking Synthesizability: CPU user time: 0.47 seconds. CPU system time: 0.03 seconds. Elapsed time: 0.52 seconds; current allocated memory: 297.318 MB.
WARNING: [XFORM 203-803] Dropped interface mode 'ap_auto' on 'r' (cordiccart2pol.cpp:13) as it is incompatible with its interface mode 's_axilite'.
WARNING: [XFORM 203-803] Dropped interface mode 'ap_auto' on 'theta' (cordiccart2pol.cpp:13) as it is incompatible with its interface mode 's_axilite'.
INFO: [XFORM 203-510] Pipelining loop 'VITIS_LOOP_27_1' (cordiccart2pol.cpp:26) in function 'cordiccart2pol' automatically.
INFO: [XFORM 203-401] Performing if-conversion on hyperblock from (cordiccart2pol.cpp:26:18) in function 'cordiccart2pol'... converting 4 basic blocks.
INFO: [XFORM 203-401] Performing if-conversion on hyperblock in function 'cordiccart2pol'... converting 21 basic blocks.
INFO: [XFORM 203-401] Performing if-conversion on hyperblock to (cordiccart2pol.cpp:42:1) in function 'cordiccart2pol'... converting 18 basic blocks.
INFO: [HLS 200-111] Finished Loop, function and other optimizations: CPU user time: 0.7 seconds. CPU system time: 0.06 seconds. Elapsed time: 0.78 seconds; current allocated memory: 346.074 MB.
INFO: [HLS 200-111] Finished Architecture Synthesis: CPU user time: 0.25 seconds. CPU system time: 0 seconds. Elapsed time: 0.26 seconds; current allocated memory: 352.403 MB.
INFO: [HLS 200-10] Starting hardware synthesis ...
INFO: [HLS 200-10] Synthesizing 'cordiccart2pol' ...
INFO: [HLS 200-10] ----------------------------------------------------------------
INFO: [HLS 200-42] -- Implementing module 'cordiccart2pol' 
INFO: [HLS 200-10] ----------------------------------------------------------------
INFO: [SCHED 204-11] Starting scheduling ...
INFO: [HLS 200-486] Changing DSP48 latency (root=r_V) to 3 in order to utilize available DSP registers.
INFO: [SCHED 204-61] Pipelining loop 'VITIS_LOOP_27_1'.
INFO: [HLS 200-1470] Pipelining result : Target II = NA, Final II = 1, Depth = 2, loop 'VITIS_LOOP_27_1'
INFO: [SCHED 204-11] Finished scheduling.
INFO: [HLS 200-111] Finished Scheduling: CPU user time: 0.35 seconds. CPU system time: 0.04 seconds. Elapsed time: 0.37 seconds; current allocated memory: 353.555 MB.
INFO: [BIND 205-100] Starting micro-architecture generation ...
INFO: [BIND 205-101] Performing variable lifetime analysis.
INFO: [BIND 205-101] Exploring resource sharing.
INFO: [BIND 205-101] Binding ...
INFO: [BIND 205-100] Finished micro-architecture generation.
INFO: [HLS 200-111] Finished Binding: CPU user time: 0.42 seconds. CPU system time: 0 seconds. Elapsed time: 0.43 seconds; current allocated memory: 354.695 MB.
INFO: [HLS 200-10] ----------------------------------------------------------------
INFO: [HLS 200-10] -- Generating RTL for module 'cordiccart2pol' 
INFO: [HLS 200-10] ----------------------------------------------------------------
WARNING: [RTGEN 206-101] Design contains AXI ports. Reset is fixed to synchronous and active low.
INFO: [RTGEN 206-500] Setting interface mode on port 'cordiccart2pol/x' to 's_axilite & ap_none'.
INFO: [RTGEN 206-500] Setting interface mode on port 'cordiccart2pol/y' to 's_axilite & ap_none'.
INFO: [RTGEN 206-500] Setting interface mode on port 'cordiccart2pol/r' to 's_axilite & ap_vld'.
INFO: [RTGEN 206-500] Setting interface mode on port 'cordiccart2pol/theta' to 's_axilite & ap_vld'.
INFO: [RTGEN 206-500] Setting interface mode on function 'cordiccart2pol' to 's_axilite & ap_ctrl_hs'.
INFO: [RTGEN 206-100] Bundling port 'x', 'y', 'r', 'theta' to AXI-Lite port control.
INFO: [RTGEN 206-100] Generating core module 'fpext_32ns_64_2_no_dsp_1': 2 instance(s).
INFO: [RTGEN 206-100] Generating core module 'mul_mul_17s_13ns_31_4_1': 1 instance(s).
INFO: [RTGEN 206-100] Finished creating RTL model for 'cordiccart2pol'.
