Copyright 1986-2021 Xilinx, Inc. All Rights Reserved.
--------------------------------------------------------------------------------------
| Tool Version : Vivado v.2021.1.1 (lin64) Build 3286242 Wed Jul 28 13:09:46 MDT 2021
| Date         : Sun Oct  3 18:52:43 2021
| Host         : ubuntu running 64-bit Ubuntu 20.04.3 LTS
| Command      : report_timing_summary -file ./report/fir_timing_synth.rpt
| Design       : bd_0_wrapper
| Device       : 7z020-clg400
| Speed File   : -1  PRODUCTION 1.12 2019-11-22
--------------------------------------------------------------------------------------

Timing Summary Report

------------------------------------------------------------------------------------------------
| Timer Settings
| --------------
------------------------------------------------------------------------------------------------

  Enable Multi Corner Analysis               :  Yes
  Enable Pessimism Removal                   :  Yes
  Pessimism Removal Resolution               :  Nearest Common Node
  Enable Input Delay Default Clock           :  No
  Enable Preset / Clear Arcs                 :  No
  Disable Flight Delays                      :  No
  Ignore I/O Paths                           :  No
  Timing Early Launch at Borrowing Latches   :  No
  Borrow Time for Max Delay Exceptions       :  Yes
  Merge Timing Exceptions                    :  Yes

  Corner  Analyze    Analyze    
  Name    Max Paths  Min Paths  
  ------  ---------  ---------  
  Slow    Yes        Yes        
  Fast    Yes        Yes        


------------------------------------------------------------------------------------------------
| Report Methodology
| ------------------
------------------------------------------------------------------------------------------------

No report available as report_methodology has not been run prior. Run report_methodology on the current design for the summary of methodology violations.



check_timing report

Table of Contents
-----------------
1. checking no_clock (0)
2. checking constant_clock (0)
3. checking pulse_width_clock (0)
4. checking unconstrained_internal_endpoints (0)
5. checking no_input_delay (10)
6. checking no_output_delay (36)
7. checking multiple_clock (0)
8. checking generated_clocks (0)
9. checking loops (0)
10. checking partial_input_delay (0)
11. checking partial_output_delay (0)
12. checking latch_loops (0)

1. checking no_clock (0)
------------------------
 There are 0 register/latch pins with no clock.


2. checking constant_clock (0)
------------------------------
 There are 0 register/latch pins with constant_clock.


3. checking pulse_width_clock (0)
---------------------------------
 There are 0 register/latch pins which need pulse_width check


4. checking unconstrained_internal_endpoints (0)
------------------------------------------------
 There are 0 pins that are not constrained for maximum delay.

 There are 0 pins that are not constrained for maximum delay due to constant clock.


5. checking no_input_delay (10)
-------------------------------
 There are 10 input ports with no input delay specified. (HIGH)

 There are 0 input ports with no input delay but user has a false path constraint.


6. checking no_output_delay (36)
--------------------------------
 There are 36 ports with no output delay specified. (HIGH)

 There are 0 ports with no output delay but user has a false path constraint

 There are 0 ports with no output delay but with a timing clock defined on it or propagating through it


7. checking multiple_clock (0)
------------------------------
 There are 0 register/latch pins with multiple clocks.


8. checking generated_clocks (0)
--------------------------------
 There are 0 generated clocks that are not connected to a clock source.


9. checking loops (0)
---------------------
 There are 0 combinational loops in the design.


10. checking partial_input_delay (0)
------------------------------------
 There are 0 input ports with partial input delay specified.


11. checking partial_output_delay (0)
-------------------------------------
 There are 0 ports with partial output delay specified.


12. checking latch_loops (0)
----------------------------
 There are 0 combinational latch loops in the design through latch input



------------------------------------------------------------------------------------------------
| Design Timing Summary
| ---------------------
------------------------------------------------------------------------------------------------

    WNS(ns)      TNS(ns)  TNS Failing Endpoints  TNS Total Endpoints      WHS(ns)      THS(ns)  THS Failing Endpoints  THS Total Endpoints     WPWS(ns)     TPWS(ns)  TPWS Failing Endpoints  TPWS Total Endpoints  
    -------      -------  ---------------------  -------------------      -------      -------  ---------------------  -------------------     --------     --------  ----------------------  --------------------  
      5.351        0.000                      0                  219        0.262        0.000                      0                  219        4.020        0.000                       0                    45  


All user specified timing constraints are met.


------------------------------------------------------------------------------------------------
| Clock Summary
| -------------
------------------------------------------------------------------------------------------------

Clock   Waveform(ns)       Period(ns)      Frequency(MHz)
-----   ------------       ----------      --------------
ap_clk  {0.000 5.000}      10.000          100.000         


------------------------------------------------------------------------------------------------
| Intra Clock Table
| -----------------
------------------------------------------------------------------------------------------------

Clock             WNS(ns)      TNS(ns)  TNS Failing Endpoints  TNS Total Endpoints      WHS(ns)      THS(ns)  THS Failing Endpoints  THS Total Endpoints     WPWS(ns)     TPWS(ns)  TPWS Failing Endpoints  TPWS Total Endpoints  
-----             -------      -------  ---------------------  -------------------      -------      -------  ---------------------  -------------------     --------     --------  ----------------------  --------------------  
ap_clk              5.351        0.000                      0                  219        0.262        0.000                      0                  219        4.020        0.000                       0                    45  


------------------------------------------------------------------------------------------------
| Inter Clock Table
| -----------------
------------------------------------------------------------------------------------------------

From Clock    To Clock          WNS(ns)      TNS(ns)  TNS Failing Endpoints  TNS Total Endpoints      WHS(ns)      THS(ns)  THS Failing Endpoints  THS Total Endpoints  
----------    --------          -------      -------  ---------------------  -------------------      -------      -------  ---------------------  -------------------  


------------------------------------------------------------------------------------------------
| Other Path Groups Table
| -----------------------
------------------------------------------------------------------------------------------------

Path Group    From Clock    To Clock          WNS(ns)      TNS(ns)  TNS Failing Endpoints  TNS Total Endpoints      WHS(ns)      THS(ns)  THS Failing Endpoints  THS Total Endpoints  
----------    ----------    --------          -------      -------  ---------------------  -------------------      -------      -------  ---------------------  -------------------  


------------------------------------------------------------------------------------------------
| Timing Details
| --------------
------------------------------------------------------------------------------------------------


---------------------------------------------------------------------------------------------------
From Clock:  ap_clk
  To Clock:  ap_clk

Setup :            0  Failing Endpoints,  Worst Slack        5.351ns,  Total Violation        0.000ns
Hold  :            0  Failing Endpoints,  Worst Slack        0.262ns,  Total Violation        0.000ns
PW    :            0  Failing Endpoints,  Worst Slack        4.020ns,  Total Violation        0.000ns
---------------------------------------------------------------------------------------------------


Max Delay Paths
--------------------------------------------------------------------------------------
Slack (MET) :             5.351ns  (required time - arrival time)
  Source:                 bd_0_i/hls_inst/inst/grp_fir_Pipeline_VITIS_LOOP_25_1_fu_63/lhs_fu_34_reg[1]/C
                            (rising edge-triggered cell FDRE clocked by ap_clk  {rise@0.000ns fall@5.000ns period=10.000ns})
  Destination:            bd_0_i/hls_inst/inst/grp_fir_Pipeline_VITIS_LOOP_25_1_fu_63/mac_muladd_8s_5s_16s_16_4_1_U1/fir_mac_muladd_8s_5s_16s_16_4_1_DSP48_0_U/p_reg_reg/B[0]
                            (rising edge-triggered cell DSP48E1 clocked by ap_clk  {rise@0.000ns fall@5.000ns period=10.000ns})
  Path Group:             ap_clk
  Path Type:              Setup (Max at Slow Process Corner)
  Requirement:            10.000ns  (ap_clk rise@10.000ns - ap_clk rise@0.000ns)
  Data Path Delay:        3.941ns  (logic 1.208ns (30.654%)  route 2.733ns (69.346%))
  Logic Levels:           3  (LUT3=1 LUT6=1 MUXF7=1)
  Clock Path Skew:        -0.049ns (DCD - SCD + CPR)
    Destination Clock Delay (DCD):    0.924ns = ( 10.924 - 10.000 ) 
    Source Clock Delay      (SCD):    0.973ns
    Clock Pessimism Removal (CPR):    0.000ns
  Clock Uncertainty:      0.035ns  ((TSJ^2 + TIJ^2)^1/2 + DJ) / 2 + PE
    Total System Jitter     (TSJ):    0.071ns
    Total Input Jitter      (TIJ):    0.000ns
    Discrete Jitter          (DJ):    0.000ns
    Phase Error              (PE):    0.000ns

    Location             Delay type                Incr(ns)  Path(ns)    Netlist Resource(s)
  -------------------------------------------------------------------    -------------------
                         (clock ap_clk rise edge)     0.000     0.000 r  
                                                      0.000     0.000 r  ap_clk (IN)
                         net (fo=44, unset)           0.973     0.973    bd_0_i/hls_inst/inst/grp_fir_Pipeline_VITIS_LOOP_25_1_fu_63/ap_clk
                         FDRE                                         r  bd_0_i/hls_inst/inst/grp_fir_Pipeline_VITIS_LOOP_25_1_fu_63/lhs_fu_34_reg[1]/C
  -------------------------------------------------------------------    -------------------
                         FDRE (Prop_fdre_C_Q)         0.518     1.491 r  bd_0_i/hls_inst/inst/grp_fir_Pipeline_VITIS_LOOP_25_1_fu_63/lhs_fu_34_reg[1]/Q
                         net (fo=8, unplaced)         0.779     2.270    bd_0_i/hls_inst/inst/grp_fir_Pipeline_VITIS_LOOP_25_1_fu_63/flow_control_loop_pipe_sequential_init_U/lhs_fu_34_reg[1]
                         LUT3 (Prop_lut3_I0_O)        0.319     2.589 r  bd_0_i/hls_inst/inst/grp_fir_Pipeline_VITIS_LOOP_25_1_fu_63/flow_control_loop_pipe_sequential_init_U/g0_b0_i_2/O
                         net (fo=10, unplaced)        1.154     3.743    bd_0_i/hls_inst/inst/grp_fir_Pipeline_VITIS_LOOP_25_1_fu_63/flow_control_loop_pipe_sequential_init_U/c_address0[1]
                         LUT6 (Prop_lut6_I1_O)        0.124     3.867 r  bd_0_i/hls_inst/inst/grp_fir_Pipeline_VITIS_LOOP_25_1_fu_63/flow_control_loop_pipe_sequential_init_U/g1_b0/O
                         net (fo=1, unplaced)         0.000     3.867    bd_0_i/hls_inst/inst/grp_fir_Pipeline_VITIS_LOOP_25_1_fu_63/flow_control_loop_pipe_sequential_init_U/g1_b0_n_0
                         MUXF7 (Prop_muxf7_I1_O)      0.247     4.114 r  bd_0_i/hls_inst/inst/grp_fir_Pipeline_VITIS_LOOP_25_1_fu_63/flow_control_loop_pipe_sequential_init_U/p_reg_reg_i_6/O
                         net (fo=1, unplaced)         0.800     4.914    bd_0_i/hls_inst/inst/grp_fir_Pipeline_VITIS_LOOP_25_1_fu_63/mac_muladd_8s_5s_16s_16_4_1_U1/fir_mac_muladd_8s_5s_16s_16_4_1_DSP48_0_U/B[0]
                         DSP48E1                                      r  bd_0_i/hls_inst/inst/grp_fir_Pipeline_VITIS_LOOP_25_1_fu_63/mac_muladd_8s_5s_16s_16_4_1_U1/fir_mac_muladd_8s_5s_16s_16_4_1_DSP48_0_U/p_reg_reg/B[0]
  -------------------------------------------------------------------    -------------------

                         (clock ap_clk rise edge)    10.000    10.000 r  
                                                      0.000    10.000 r  ap_clk (IN)
                         net (fo=44, unset)           0.924    10.924    bd_0_i/hls_inst/inst/grp_fir_Pipeline_VITIS_LOOP_25_1_fu_63/mac_muladd_8s_5s_16s_16_4_1_U1/fir_mac_muladd_8s_5s_16s_16_4_1_DSP48_0_U/ap_clk
                         DSP48E1                                      r  bd_0_i/hls_inst/inst/grp_fir_Pipeline_VITIS_LOOP_25_1_fu_63/mac_muladd_8s_5s_16s_16_4_1_U1/fir_mac_muladd_8s_5s_16s_16_4_1_DSP48_0_U/p_reg_reg/CLK
                         clock pessimism              0.000    10.924    
                         clock uncertainty           -0.035    10.889    
                         DSP48E1 (Setup_dsp48e1_CLK_B[0])
                                                     -0.624    10.265    bd_0_i/hls_inst/inst/grp_fir_Pipeline_VITIS_LOOP_25_1_fu_63/mac_muladd_8s_5s_16s_16_4_1_U1/fir_mac_muladd_8s_5s_16s_16_4_1_DSP48_0_U/p_reg_reg
  -------------------------------------------------------------------
                         required time                         10.265    
                         arrival time                          -4.914    
  -------------------------------------------------------------------
                         slack                                  5.351    





Min Delay Paths
--------------------------------------------------------------------------------------
Slack (MET) :             0.262ns  (arrival time - required time)
  Source:                 bd_0_i/hls_inst/inst/ap_CS_fsm_reg[1]/C
                            (rising edge-triggered cell FDRE clocked by ap_clk  {rise@0.000ns fall@5.000ns period=10.000ns})
  Destination:            bd_0_i/hls_inst/inst/ap_CS_fsm_reg[1]/D
                            (rising edge-triggered cell FDRE clocked by ap_clk  {rise@0.000ns fall@5.000ns period=10.000ns})
  Path Group:             ap_clk
  Path Type:              Hold (Min at Fast Process Corner)
  Requirement:            0.000ns  (ap_clk rise@0.000ns - ap_clk rise@0.000ns)
  Data Path Delay:        0.403ns  (logic 0.262ns (64.979%)  route 0.141ns (35.021%))
  Logic Levels:           1  (LUT6=1)
  Clock Path Skew:        0.022ns (DCD - SCD - CPR)
    Destination Clock Delay (DCD):    0.432ns
    Source Clock Delay      (SCD):    0.410ns
    Clock Pessimism Removal (CPR):    -0.000ns

    Location             Delay type                Incr(ns)  Path(ns)    Netlist Resource(s)
  -------------------------------------------------------------------    -------------------
                         (clock ap_clk rise edge)     0.000     0.000 r  
                                                      0.000     0.000 r  ap_clk (IN)
                         net (fo=44, unset)           0.410     0.410    bd_0_i/hls_inst/inst/ap_clk
                         FDRE                                         r  bd_0_i/hls_inst/inst/ap_CS_fsm_reg[1]/C
  -------------------------------------------------------------------    -------------------
                         FDRE (Prop_fdre_C_Q)         0.164     0.574 r  bd_0_i/hls_inst/inst/ap_CS_fsm_reg[1]/Q
                         net (fo=4, unplaced)         0.141     0.715    bd_0_i/hls_inst/inst/grp_fir_Pipeline_VITIS_LOOP_25_1_fu_63/flow_control_loop_pipe_sequential_init_U/Q[1]
                         LUT6 (Prop_lut6_I5_O)        0.098     0.813 r  bd_0_i/hls_inst/inst/grp_fir_Pipeline_VITIS_LOOP_25_1_fu_63/flow_control_loop_pipe_sequential_init_U/ap_CS_fsm[1]_i_1/O
                         net (fo=1, unplaced)         0.000     0.813    bd_0_i/hls_inst/inst/ap_NS_fsm[1]
                         FDRE                                         r  bd_0_i/hls_inst/inst/ap_CS_fsm_reg[1]/D
  -------------------------------------------------------------------    -------------------

                         (clock ap_clk rise edge)     0.000     0.000 r  
                                                      0.000     0.000 r  ap_clk (IN)
                         net (fo=44, unset)           0.432     0.432    bd_0_i/hls_inst/inst/ap_clk
                         FDRE                                         r  bd_0_i/hls_inst/inst/ap_CS_fsm_reg[1]/C
                         clock pessimism              0.000     0.432    
                         FDRE (Hold_fdre_C_D)         0.120     0.552    bd_0_i/hls_inst/inst/ap_CS_fsm_reg[1]
  -------------------------------------------------------------------
                         required time                         -0.552    
                         arrival time                           0.813    
  -------------------------------------------------------------------
                         slack                                  0.262    





Pulse Width Checks
--------------------------------------------------------------------------------------
Clock Name:         ap_clk
Waveform(ns):       { 0.000 5.000 }
Period(ns):         10.000
Sources:            { ap_clk }

Check Type        Corner  Lib Pin             Reference Pin  Required(ns)  Actual(ns)  Slack(ns)  Location  Pin
Min Period        n/a     RAMB18E1/CLKARDCLK  n/a            2.944         10.000      7.056                bd_0_i/hls_inst/inst/shift_reg_V_U/ram_reg/CLKARDCLK
Low Pulse Width   Slow    SRL16E/CLK          n/a            0.980         5.000       4.020                bd_0_i/hls_inst/inst/grp_fir_Pipeline_VITIS_LOOP_25_1_fu_63/ap_loop_exit_ready_pp0_iter2_reg_reg_srl2/CLK
High Pulse Width  Slow    SRL16E/CLK          n/a            0.980         5.000       4.020                bd_0_i/hls_inst/inst/grp_fir_Pipeline_VITIS_LOOP_25_1_fu_63/ap_loop_exit_ready_pp0_iter2_reg_reg_srl2/CLK



