

================================================================
== Vitis HLS Report for 'fir'
================================================================
* Date:           Mon Oct  4 14:20:45 2021

* Version:        2021.1.1 (Build 3286242 on Wed Jul 28 13:09:46 MDT 2021)
* Project:        baseline
* Solution:       solution1 (Vivado IP Flow Target)
* Product family: zynq
* Target device:  xc7z020-clg400-1


================================================================
== Performance Estimates
================================================================
+ Timing: 
    * Summary: 
    +--------+----------+----------+------------+
    |  Clock |  Target  | Estimated| Uncertainty|
    +--------+----------+----------+------------+
    |ap_clk  |  10.00 ns|  6.912 ns|     2.70 ns|
    +--------+----------+----------+------------+

+ Latency: 
    * Summary: 
    +---------+---------+----------+----------+-----+-----+---------+
    |  Latency (cycles) |  Latency (absolute) |  Interval | Pipeline|
    |   min   |   max   |    min   |    max   | min | max |   Type  |
    +---------+---------+----------+----------+-----+-----+---------+
    |      134|      134|  1.340 us|  1.340 us|  135|  135|       no|
    +---------+---------+----------+----------+-----+-----+---------+

    + Detail: 
        * Instance: 
        +----------------------------------------+------------------------------+---------+---------+----------+----------+-----+-----+---------+
        |                                        |                              |  Latency (cycles) |  Latency (absolute) |  Interval | Pipeline|
        |                Instance                |            Module            |   min   |   max   |    min   |    max   | min | max |   Type  |
        +----------------------------------------+------------------------------+---------+---------+----------+----------+-----+-----+---------+
        |grp_fir_Pipeline_VITIS_LOOP_27_1_fu_74  |fir_Pipeline_VITIS_LOOP_27_1  |      132|      132|  1.320 us|  1.320 us|  132|  132|       no|
        +----------------------------------------+------------------------------+---------+---------+----------+----------+-----+-----+---------+

        * Loop: 
        N/A



================================================================
== Utilization Estimates
================================================================
* Summary: 
+-----------------+---------+-----+--------+-------+-----+
|       Name      | BRAM_18K| DSP |   FF   |  LUT  | URAM|
+-----------------+---------+-----+--------+-------+-----+
|DSP              |        -|    -|       -|      -|    -|
|Expression       |        -|    -|       0|     64|    -|
|FIFO             |        -|    -|       -|      -|    -|
|Instance         |        1|    1|     354|    192|    -|
|Memory           |        1|    -|       0|      0|    -|
|Multiplexer      |        -|    -|       -|     76|    -|
|Register         |        -|    -|       4|      -|    -|
+-----------------+---------+-----+--------+-------+-----+
|Total            |        2|    1|     358|    332|    0|
+-----------------+---------+-----+--------+-------+-----+
|Available        |      280|  220|  106400|  53200|    0|
+-----------------+---------+-----+--------+-------+-----+
|Utilization (%)  |       ~0|   ~0|      ~0|     ~0|    0|
+-----------------+---------+-----+--------+-------+-----+

+ Detail: 
    * Instance: 
    +----------------------------------------+------------------------------+---------+----+-----+-----+-----+
    |                Instance                |            Module            | BRAM_18K| DSP|  FF | LUT | URAM|
    +----------------------------------------+------------------------------+---------+----+-----+-----+-----+
    |grp_fir_Pipeline_VITIS_LOOP_27_1_fu_74  |fir_Pipeline_VITIS_LOOP_27_1  |        1|   1|  354|  192|    0|
    +----------------------------------------+------------------------------+---------+----+-----+-----+-----+
    |Total                                   |                              |        1|   1|  354|  192|    0|
    +----------------------------------------+------------------------------+---------+----+-----+-----+-----+

    * DSP: 
    N/A

    * Memory: 
    +-------------+-----------+---------+---+----+-----+------+-----+------+-------------+
    |    Memory   |   Module  | BRAM_18K| FF| LUT| URAM| Words| Bits| Banks| W*Bits*Banks|
    +-------------+-----------+---------+---+----+-----+------+-----+------+-------------+
    |shift_reg_U  |shift_reg  |        1|  0|   0|    0|   128|   32|     1|         4096|
    +-------------+-----------+---------+---+----+-----+------+-----+------+-------------+
    |Total        |           |        1|  0|   0|    0|   128|   32|     1|         4096|
    +-------------+-----------+---------+---+----+-----+------+-----+------+-------------+

    * FIFO: 
    N/A

    * Expression: 
    +-------------------+----------+----+---+----+------------+------------+
    |   Variable Name   | Operation| DSP| FF| LUT| Bitwidth P0| Bitwidth P1|
    +-------------------+----------+----+---+----+------------+------------+
    |add_ln33_fu_98_p2  |         +|   0|  0|  32|          32|          32|
    |y                  |         +|   0|  0|  32|          32|          32|
    +-------------------+----------+----+---+----+------------+------------+
    |Total              |          |   0|  0|  64|          64|          64|
    +-------------------+----------+----+---+----+------------+------------+

    * Multiplexer: 
    +--------------------+----+-----------+-----+-----------+
    |        Name        | LUT| Input Size| Bits| Total Bits|
    +--------------------+----+-----------+-----+-----------+
    |ap_NS_fsm           |  20|          4|    1|          4|
    |shift_reg_address1  |  14|          3|    7|         21|
    |shift_reg_ce1       |  14|          3|    1|          3|
    |shift_reg_d1        |  14|          3|   32|         96|
    |shift_reg_we1       |  14|          3|    1|          3|
    +--------------------+----+-----------+-----+-----------+
    |Total               |  76|         16|   42|        127|
    +--------------------+----+-----------+-----+-----------+

    * Register: 
    +-----------------------------------------------------+---+----+-----+-----------+
    |                         Name                        | FF| LUT| Bits| Const Bits|
    +-----------------------------------------------------+---+----+-----+-----------+
    |ap_CS_fsm                                            |  3|   0|    3|          0|
    |grp_fir_Pipeline_VITIS_LOOP_27_1_fu_74_ap_start_reg  |  1|   0|    1|          0|
    +-----------------------------------------------------+---+----+-----+-----------+
    |Total                                                |  4|   0|    4|          0|
    +-----------------------------------------------------+---+----+-----+-----------+



================================================================
== Interface
================================================================
* Summary: 
+----------+-----+-----+------------+--------------+--------------+
| RTL Ports| Dir | Bits|  Protocol  | Source Object|    C Type    |
+----------+-----+-----+------------+--------------+--------------+
|ap_clk    |   in|    1|  ap_ctrl_hs|           fir|  return value|
|ap_rst    |   in|    1|  ap_ctrl_hs|           fir|  return value|
|ap_start  |   in|    1|  ap_ctrl_hs|           fir|  return value|
|ap_done   |  out|    1|  ap_ctrl_hs|           fir|  return value|
|ap_idle   |  out|    1|  ap_ctrl_hs|           fir|  return value|
|ap_ready  |  out|    1|  ap_ctrl_hs|           fir|  return value|
|y         |  out|   32|      ap_vld|             y|       pointer|
|y_ap_vld  |  out|    1|      ap_vld|             y|       pointer|
|x         |   in|   32|     ap_none|             x|        scalar|
+----------+-----+-----+------------+--------------+--------------+

