INFO: [HLS 200-10] Running '/tools/Xilinx/Vitis_HLS/2021.1/bin/unwrapped/lnx64.o/vitis_hls'
INFO: [HLS 200-10] For user 'henrikhestnes' on host 'ubuntu' (Linux_x86_64 version 5.4.0-88-generic) on Mon Oct 04 14:20:38 PDT 2021
INFO: [HLS 200-10] On os Ubuntu 20.04.3 LTS
INFO: [HLS 200-10] In directory '/home/henrikhestnes/Documents/CSE-237C-Validation-and-Testing-of-Embedded-Systems/project1/fir128_optimized5'
Sourcing Tcl script '/home/henrikhestnes/Documents/CSE-237C-Validation-and-Testing-of-Embedded-Systems/project1/fir128_optimized5/baseline/solution1/csynth.tcl'
INFO: [HLS 200-1510] Running: open_project baseline 
INFO: [HLS 200-10] Opening project '/home/henrikhestnes/Documents/CSE-237C-Validation-and-Testing-of-Embedded-Systems/project1/fir128_optimized5/baseline'.
INFO: [HLS 200-1510] Running: set_top fir 
INFO: [HLS 200-1510] Running: add_files fir.h 
INFO: [HLS 200-10] Adding design file 'fir.h' to the project
INFO: [HLS 200-1510] Running: add_files fir.cpp 
INFO: [HLS 200-10] Adding design file 'fir.cpp' to the project
INFO: [HLS 200-1510] Running: add_files -tb input.dat -cflags -Wno-unknown-pragmas -csimflags -Wno-unknown-pragmas 
INFO: [HLS 200-10] Adding test bench file 'input.dat' to the project
INFO: [HLS 200-1510] Running: add_files -tb out.gold.dat -cflags -Wno-unknown-pragmas -csimflags -Wno-unknown-pragmas 
INFO: [HLS 200-10] Adding test bench file 'out.gold.dat' to the project
INFO: [HLS 200-1510] Running: add_files -tb fir_test.cpp -cflags -Wno-unknown-pragmas -csimflags -Wno-unknown-pragmas 
INFO: [HLS 200-10] Adding test bench file 'fir_test.cpp' to the project
INFO: [HLS 200-1510] Running: open_solution solution1 -flow_target vivado 
INFO: [HLS 200-10] Opening solution '/home/henrikhestnes/Documents/CSE-237C-Validation-and-Testing-of-Embedded-Systems/project1/fir128_optimized5/baseline/solution1'.
INFO: [SYN 201-201] Setting up clock 'default' with a period of 10ns.
INFO: [HLS 200-1611] Setting target device to 'xc7z020-clg400-1'
INFO: [HLS 200-1505] Using flow_target 'vivado'
Resolution: For help on HLS 200-1505 see www.xilinx.com/cgi-bin/docs/rdoc?v=2021.1;t=hls+guidance;d=200-1505.html
INFO: [HLS 200-1510] Running: set_part xc7z020-clg400-1 
INFO: [HLS 200-1510] Running: create_clock -period 10 -name default 
INFO: [HLS 200-1510] Running: set_directive_top -name fir fir 
INFO: [HLS 200-1510] Running: csynth_design 
INFO: [HLS 200-111] Finished File checks and directory preparation: CPU user time: 0.01 seconds. CPU system time: 0 seconds. Elapsed time: 0.01 seconds; current allocated memory: 251.675 MB.
INFO: [HLS 200-10] Analyzing design file 'fir.cpp' ... 
INFO: [HLS 200-111] Finished Source Code Analysis and Preprocessing: CPU user time: 0.81 seconds. CPU system time: 0.32 seconds. Elapsed time: 0.56 seconds; current allocated memory: 252.945 MB.
INFO: [HLS 200-777] Using interface defaults for 'Vivado' flow target.
INFO: [HLS 214-279] Initial Interval estimation mode is set into default.
INFO: [HLS 214-284] Auto array partition mode is set into default.
INFO: [HLS 214-270] Starting automatic array partition analysis...
INFO: [HLS 200-111] Finished Compiling Optimization and Transform: CPU user time: 4.04 seconds. CPU system time: 0.37 seconds. Elapsed time: 4.22 seconds; current allocated memory: 254.776 MB.
INFO: [HLS 200-111] Finished Checking Pragmas: CPU user time: 0 seconds. CPU system time: 0 seconds. Elapsed time: 0 seconds; current allocated memory: 254.777 MB.
INFO: [HLS 200-10] Starting code transformations ...
INFO: [HLS 200-111] Finished Standard Transforms: CPU user time: 0.01 seconds. CPU system time: 0 seconds. Elapsed time: 0.01 seconds; current allocated memory: 256.002 MB.
INFO: [HLS 200-10] Checking synthesizability ...
INFO: [HLS 200-111] Finished Checking Synthesizability: CPU user time: 0.01 seconds. CPU system time: 0 seconds. Elapsed time: 0.01 seconds; current allocated memory: 255.181 MB.
WARNING: [HLS 200-915] Ignore complete array partition directive on 'c'  in dimension 1: conflict with resource constraint assignment.
WARNING: [HLS 200-915] Ignore complete array partition directive on 'shift_reg'  in dimension 1: conflict with resource constraint assignment.
INFO: [HLS 200-111] Finished Loop, function and other optimizations: CPU user time: 0.02 seconds. CPU system time: 0.01 seconds. Elapsed time: 0.04 seconds; current allocated memory: 275.723 MB.
INFO: [HLS 200-472] Inferring partial write operation for 'shift_reg' (fir.cpp:32:18)
INFO: [HLS 200-472] Inferring partial write operation for 'shift_reg' (fir.cpp:29:15)
INFO: [HLS 200-111] Finished Architecture Synthesis: CPU user time: 0.02 seconds. CPU system time: 0 seconds. Elapsed time: 0.03 seconds; current allocated memory: 277.698 MB.
INFO: [HLS 200-10] Starting hardware synthesis ...
INFO: [HLS 200-10] Synthesizing 'fir' ...
INFO: [HLS 200-10] ----------------------------------------------------------------
INFO: [HLS 200-42] -- Implementing module 'fir_Pipeline_VITIS_LOOP_27_1' 
INFO: [HLS 200-10] ----------------------------------------------------------------
INFO: [SCHED 204-11] Starting scheduling ...
INFO: [SCHED 204-61] Pipelining loop 'VITIS_LOOP_27_1'.
INFO: [HLS 200-1470] Pipelining result : Target II = 1, Final II = 1, Depth = 5, loop 'VITIS_LOOP_27_1'
INFO: [SCHED 204-11] Finished scheduling.
INFO: [HLS 200-111] Finished Scheduling: CPU user time: 0.04 seconds. CPU system time: 0.02 seconds. Elapsed time: 0.06 seconds; current allocated memory: 278.088 MB.
INFO: [BIND 205-100] Starting micro-architecture generation ...
INFO: [BIND 205-101] Performing variable lifetime analysis.
INFO: [BIND 205-101] Exploring resource sharing.
INFO: [BIND 205-101] Binding ...
INFO: [BIND 205-100] Finished micro-architecture generation.
INFO: [HLS 200-111] Finished Binding: CPU user time: 0.06 seconds. CPU system time: 0 seconds. Elapsed time: 0.06 seconds; current allocated memory: 278.346 MB.
INFO: [HLS 200-10] ----------------------------------------------------------------
INFO: [HLS 200-42] -- Implementing module 'fir' 
INFO: [HLS 200-10] ----------------------------------------------------------------
INFO: [SCHED 204-11] Starting scheduling ...
INFO: [SCHED 204-11] Finished scheduling.
INFO: [HLS 200-111] Finished Scheduling: CPU user time: 0.04 seconds. CPU system time: 0.01 seconds. Elapsed time: 0.05 seconds; current allocated memory: 278.456 MB.
INFO: [BIND 205-100] Starting micro-architecture generation ...
INFO: [BIND 205-101] Performing variable lifetime analysis.
INFO: [BIND 205-101] Exploring resource sharing.
INFO: [BIND 205-101] Binding ...
INFO: [BIND 205-100] Finished micro-architecture generation.
INFO: [HLS 200-111] Finished Binding: CPU user time: 0.03 seconds. CPU system time: 0 seconds. Elapsed time: 0.04 seconds; current allocated memory: 278.586 MB.
INFO: [HLS 200-10] ----------------------------------------------------------------
INFO: [HLS 200-10] -- Generating RTL for module 'fir_Pipeline_VITIS_LOOP_27_1' 
INFO: [HLS 200-10] ----------------------------------------------------------------
INFO: [HLS 200-1030] Apply Unified Pipeline Control on module 'fir_Pipeline_VITIS_LOOP_27_1' pipeline 'VITIS_LOOP_27_1' pipeline type 'loop pipeline'
INFO: [RTGEN 206-100] Generating core module 'mul_5s_32s_32_2_1': 1 instance(s).
INFO: [RTGEN 206-100] Finished creating RTL model for 'fir_Pipeline_VITIS_LOOP_27_1'.
INFO: [HLS 200-111] Finished Creating RTL model: CPU user time: 0.04 seconds. CPU system time: 0 seconds. Elapsed time: 0.04 seconds; current allocated memory: 279.071 MB.
INFO: [HLS 200-10] ----------------------------------------------------------------
INFO: [HLS 200-10] -- Generating RTL for module 'fir' 
INFO: [HLS 200-10] ----------------------------------------------------------------
INFO: [RTGEN 206-500] Setting interface mode on port 'fir/y' to 'ap_vld'.
INFO: [RTGEN 206-500] Setting interface mode on port 'fir/x' to 'ap_none'.
INFO: [RTGEN 206-500] Setting interface mode on function 'fir' to 'ap_ctrl_hs'.
INFO: [RTGEN 206-100] Finished creating RTL model for 'fir'.
INFO: [HLS 200-111] Finished Creating RTL model: CPU user time: 0.08 seconds. CPU system time: 0.01 seconds. Elapsed time: 0.08 seconds; current allocated memory: 280.031 MB.
INFO: [RTMG 210-279] Implementing memory 'fir_fir_Pipeline_VITIS_LOOP_27_1_c' using block ROMs.
INFO: [RTMG 210-278] Implementing memory 'fir_shift_reg_ram (RAM_2P_BRAM)' using block RAMs with power-on initialization.
INFO: [HLS 200-111] Finished Generating all RTL models: CPU user time: 0.34 seconds. CPU system time: 0.01 seconds. Elapsed time: 0.36 seconds; current allocated memory: 282.612 MB.
INFO: [HLS 200-111] Finished Updating report files: CPU user time: 0.3 seconds. CPU system time: 0 seconds. Elapsed time: 0.31 seconds; current allocated memory: 289.212 MB.
INFO: [VHDL 208-304] Generating VHDL RTL for fir.
INFO: [VLOG 209-307] Generating Verilog RTL for fir.
INFO: [HLS 200-790] **** Loop Constraint Status: All loop constraints were satisfied.
INFO: [HLS 200-789] **** Estimated Fmax: 144.68 MHz
INFO: [HLS 200-111] Finished Command csynth_design CPU user time: 5.89 seconds. CPU system time: 0.75 seconds. Elapsed time: 5.89 seconds; current allocated memory: 289.198 MB.
INFO: [HLS 200-112] Total CPU user time: 8.98 seconds. Total CPU system time: 1.29 seconds. Total elapsed time: 8.09 seconds; peak allocated memory: 289.212 MB.
