

================================================================
== Vitis HLS Report for 'fir'
================================================================
* Date:           Sat Oct  2 17:21:09 2021

* Version:        2021.1.1 (Build 3286242 on Wed Jul 28 13:09:46 MDT 2021)
* Project:        baseline
* Solution:       solution1 (Vivado IP Flow Target)
* Product family: zynq
* Target device:  xc7z020-clg400-1


================================================================
== Performance Estimates
================================================================
+ Timing: 
    * Summary: 
    +--------+----------+----------+------------+
    |  Clock |  Target  | Estimated| Uncertainty|
    +--------+----------+----------+------------+
    |ap_clk  |  10.00 ns|  6.912 ns|     2.70 ns|
    +--------+----------+----------+------------+

+ Latency: 
    * Summary: 
    +---------+---------+----------+----------+-----+-----+---------+
    |  Latency (cycles) |  Latency (absolute) |  Interval | Pipeline|
    |   min   |   max   |    min   |    max   | min | max |   Type  |
    +---------+---------+----------+----------+-----+-----+---------+
    |       17|       17|  0.170 us|  0.170 us|   18|   18|       no|
    +---------+---------+----------+----------+-----+-----+---------+

    + Detail: 
        * Instance: 
        +----------------------------------------+------------------------------+---------+---------+----------+----------+-----+-----+---------+
        |                                        |                              |  Latency (cycles) |  Latency (absolute) |  Interval | Pipeline|
        |                Instance                |            Module            |   min   |   max   |    min   |    max   | min | max |   Type  |
        +----------------------------------------+------------------------------+---------+---------+----------+----------+-----+-----+---------+
        |grp_fir_Pipeline_VITIS_LOOP_21_1_fu_57  |fir_Pipeline_VITIS_LOOP_21_1  |       15|       15|  0.150 us|  0.150 us|   15|   15|       no|
        +----------------------------------------+------------------------------+---------+---------+----------+----------+-----+-----+---------+

        * Loop: 
        N/A

============================================================
+ Verbose Summary: Synthesis Manager
============================================================
InlineROM: 1
ExposeGlobal: 0
============================================================
+ Verbose Summary: CDFG Model
============================================================
IsTopModel: 1
ResetActiveHigh: 1
IsCombinational: 0
IsDatapathOnly: 0
HasWiredReturn: 1
HasMFsm: 0
HasVarLatency: 1
IsPipeline: 0
IsRtlPipelined: 0
IsInstanceOverlapped: 0
IsDontTouch: 0
HasImplIP: 0
IsGatedGlobalClock: 0


============================================================
+ Verbose Summary: Schedule
============================================================
* Number of FSM states : 3
* Pipeline : 0
* Dataflow Pipeline: 0

* FSM state transitions: 
1 --> 2 
2 --> 3 
3 --> 

* FSM state operations: 

State 1 <SV = 0> <Delay = 6.91>
ST_1 : Operation 4 [1/1] (0.00ns)   --->   "%x_read = read i32 @_ssdm_op_Read.ap_auto.i32, i32 %x"   --->   Operation 4 'read' 'x_read' <Predicate = true> <Delay = 0.00>
ST_1 : Operation 5 [1/1] (0.00ns)   --->   "%sum_loc = alloca i64 1"   --->   Operation 5 'alloca' 'sum_loc' <Predicate = true> <Delay = 0.00>
ST_1 : Operation 6 [2/2] (0.00ns)   --->   "%call_ln0 = call void @fir_Pipeline_VITIS_LOOP_21_1, i32 %sum_loc, i32 %shift_reg, i32 %fir_int_int_c"   --->   Operation 6 'call' 'call_ln0' <Predicate = true> <Delay = 0.00> <CoreType = "Generic">   --->   Core 0 '' <Latency = 0> <II = 1> <Delay = 1.00> <Generic> <Opcode : >
ST_1 : Operation 7 [2/2] (6.91ns)   --->   "%mul_ln26 = mul i32 %x_read, i32 53" [fir.cpp:26]   --->   Operation 7 'mul' 'mul_ln26' <Predicate = true> <Delay = 6.91> <CoreInst = "Multiplier">   --->   Core 3 'Multiplier' <Latency = 1> <II = 1> <Delay = 6.91> <FuncUnit> <Opcode : 'mul'> <InPorts = 2> <OutPorts = 1>

State 2 <SV = 1> <Delay = 6.91>
ST_2 : Operation 8 [1/2] (0.00ns)   --->   "%call_ln0 = call void @fir_Pipeline_VITIS_LOOP_21_1, i32 %sum_loc, i32 %shift_reg, i32 %fir_int_int_c"   --->   Operation 8 'call' 'call_ln0' <Predicate = true> <Delay = 0.00> <CoreType = "Generic">   --->   Core 0 '' <Latency = 0> <II = 1> <Delay = 1.00> <Generic> <Opcode : >
ST_2 : Operation 9 [1/2] (6.91ns)   --->   "%mul_ln26 = mul i32 %x_read, i32 53" [fir.cpp:26]   --->   Operation 9 'mul' 'mul_ln26' <Predicate = true> <Delay = 6.91> <CoreInst = "Multiplier">   --->   Core 3 'Multiplier' <Latency = 1> <II = 1> <Delay = 6.91> <FuncUnit> <Opcode : 'mul'> <InPorts = 2> <OutPorts = 1>

State 3 <SV = 2> <Delay = 2.55>
ST_3 : Operation 10 [1/1] (0.00ns)   --->   "%spectopmodule_ln0 = spectopmodule void @_ssdm_op_SpecTopModule, void @empty_1"   --->   Operation 10 'spectopmodule' 'spectopmodule_ln0' <Predicate = true> <Delay = 0.00>
ST_3 : Operation 11 [1/1] (0.00ns)   --->   "%specbitsmap_ln0 = specbitsmap void @_ssdm_op_SpecBitsMap, i32 %y"   --->   Operation 11 'specbitsmap' 'specbitsmap_ln0' <Predicate = true> <Delay = 0.00>
ST_3 : Operation 12 [1/1] (0.00ns)   --->   "%specinterface_ln0 = specinterface void @_ssdm_op_SpecInterface, i32 %y, void @empty, i32 0, i32 0, void @empty_0, i32 0, i32 0, void @empty_0, void @empty_0, void @empty_0, i32 0, i32 0, i32 0, i32 0, void @empty_0, void @empty_0"   --->   Operation 12 'specinterface' 'specinterface_ln0' <Predicate = true> <Delay = 0.00>
ST_3 : Operation 13 [1/1] (0.00ns)   --->   "%specbitsmap_ln0 = specbitsmap void @_ssdm_op_SpecBitsMap, i32 %x"   --->   Operation 13 'specbitsmap' 'specbitsmap_ln0' <Predicate = true> <Delay = 0.00>
ST_3 : Operation 14 [1/1] (0.00ns)   --->   "%specinterface_ln0 = specinterface void @_ssdm_op_SpecInterface, i32 %x, void @empty, i32 0, i32 0, void @empty_0, i32 0, i32 0, void @empty_0, void @empty_0, void @empty_0, i32 0, i32 0, i32 0, i32 0, void @empty_0, void @empty_0"   --->   Operation 14 'specinterface' 'specinterface_ln0' <Predicate = true> <Delay = 0.00>
ST_3 : Operation 15 [1/1] (0.00ns)   --->   "%sum_loc_load = load i32 %sum_loc"   --->   Operation 15 'load' 'sum_loc_load' <Predicate = true> <Delay = 0.00>
ST_3 : Operation 16 [1/1] (2.32ns)   --->   "%store_ln25 = store i32 %x_read, i32 0" [fir.cpp:25]   --->   Operation 16 'store' 'store_ln25' <Predicate = true> <Delay = 2.32> <CoreInst = "RAM">   --->   Core 82 'RAM' <Latency = 1> <II = 1> <Delay = 2.32> <Storage> <Opcode : 'load' 'store'> <Ports = 2> <Width = 32> <Depth = 11> <RAM>
ST_3 : Operation 17 [1/1] (2.55ns)   --->   "%sum = add i32 %sum_loc_load, i32 %mul_ln26" [fir.cpp:26]   --->   Operation 17 'add' 'sum' <Predicate = true> <Delay = 2.55> <CoreInst = "Adder">   --->   Core 1 'Adder' <Latency = 0> <II = 1> <Delay = 2.55> <FuncUnit> <Opcode : 'add' 'sub'> <InPorts = 2> <OutPorts = 1>
ST_3 : Operation 18 [1/1] (0.00ns)   --->   "%write_ln28 = write void @_ssdm_op_Write.ap_auto.i32P0A, i32 %y, i32 %sum" [fir.cpp:28]   --->   Operation 18 'write' 'write_ln28' <Predicate = true> <Delay = 0.00>
ST_3 : Operation 19 [1/1] (0.00ns)   --->   "%ret_ln29 = ret" [fir.cpp:29]   --->   Operation 19 'ret' 'ret_ln29' <Predicate = true> <Delay = 0.00>


============================================================
+ Verbose Summary: Binding
============================================================
STG Binding: 
---------------- STG Properties BEGIN ----------------
- Is combinational: 0
- Is one-state seq: 0
- Is datapath-only: 0
- Is pipelined: 0
- Is top level: 1
Port [ Return ] is wired: 1; IO mode=ap_ctrl_hs:ce=0
Port [ y]:  wired=1; compound=0; hidden=0; nouse=0; global=0; static=0; extern=0; dir=1; type=0; pingpong=0; private_global=0; IO mode=ap_vld:ce=0
Port [ x]:  wired=1; compound=0; hidden=0; nouse=0; global=0; static=0; extern=0; dir=0; type=0; pingpong=0; private_global=0; IO mode=ap_none:ce=0
Port [ shift_reg]:  wired=0; compound=1; hidden=1; nouse=0; global=1; static=1; extern=0; dir=2; type=1; pingpong=0; private_global=1; MemPort=[01]; IO mode=ap_memory:ce=0
Port [ fir_int_int_c]:  wired=0; compound=1; hidden=1; nouse=1; global=1; static=0; extern=0; dir=0; type=1; pingpong=0; private_global=0; MemPort=[1]; IO mode=ap_memory:ce=0
---------------- STG Properties END ------------------

---------------- Datapath Model BEGIN ----------------

<LifeTime>
<method=bitvector/>
x_read            (read         ) [ 0011]
sum_loc           (alloca       ) [ 0111]
call_ln0          (call         ) [ 0000]
mul_ln26          (mul          ) [ 0001]
spectopmodule_ln0 (spectopmodule) [ 0000]
specbitsmap_ln0   (specbitsmap  ) [ 0000]
specinterface_ln0 (specinterface) [ 0000]
specbitsmap_ln0   (specbitsmap  ) [ 0000]
specinterface_ln0 (specinterface) [ 0000]
sum_loc_load      (load         ) [ 0000]
store_ln25        (store        ) [ 0000]
sum               (add          ) [ 0000]
write_ln28        (write        ) [ 0000]
ret_ln29          (ret          ) [ 0000]
</LifeTime>

<model>

<comp_list>
<comp id="0" class="1000" name="y">
<pin_list>
<pin id="1" dir="1" index="0" bw="1" slack="0"/>
</pin_list>
<bind>
<StgValue><ssdm name="y"/></StgValue>
</bind>
</comp>

<comp id="2" class="1000" name="x">
<pin_list>
<pin id="3" dir="1" index="0" bw="1" slack="0"/>
</pin_list>
<bind>
<StgValue><ssdm name="x"/></StgValue>
</bind>
</comp>

<comp id="4" class="1000" name="shift_reg">
<pin_list>
<pin id="5" dir="1" index="0" bw="1" slack="0"/>
</pin_list>
<bind>
<StgValue><ssdm name="shift_reg"/><MemPortTyVec>0 1 </MemPortTyVec>
</StgValue>
</bind>
</comp>

<comp id="6" class="1000" name="fir_int_int_c">
<pin_list>
<pin id="7" dir="1" index="0" bw="1" slack="0"/>
</pin_list>
<bind>
<StgValue><ssdm name="fir_int_int_c"/><MemPortTyVec>1 </MemPortTyVec>
</StgValue>
</bind>
</comp>

<comp id="8" class="1001" name="const_8">
<pin_list>
<pin id="9" dir="1" index="0" bw="1" slack="0"/>
</pin_list>
<bind>
<StgValue><ssdm name="_ssdm_op_Read.ap_auto.i32"/></StgValue>
</bind>
</comp>

<comp id="10" class="1001" name="const_10">
<pin_list>
<pin id="11" dir="1" index="0" bw="1" slack="0"/>
</pin_list>
<bind>
<StgValue><ssdm name=""/></StgValue>
</bind>
</comp>

<comp id="12" class="1001" name="const_12">
<pin_list>
<pin id="13" dir="1" index="0" bw="1" slack="0"/>
</pin_list>
<bind>
<StgValue><ssdm name="fir_Pipeline_VITIS_LOOP_21_1"/></StgValue>
</bind>
</comp>

<comp id="14" class="1001" name="const_14">
<pin_list>
<pin id="15" dir="1" index="0" bw="1" slack="0"/>
</pin_list>
<bind>
<StgValue><ssdm name=""/></StgValue>
</bind>
</comp>

<comp id="16" class="1001" name="const_16">
<pin_list>
<pin id="17" dir="1" index="0" bw="1" slack="2147483647"/>
</pin_list>
<bind>
<StgValue><ssdm name="_ssdm_op_SpecTopModule"/></StgValue>
</bind>
</comp>

<comp id="18" class="1001" name="const_18">
<pin_list>
<pin id="19" dir="1" index="0" bw="1" slack="2147483647"/>
</pin_list>
<bind>
<StgValue><ssdm name="empty_1"/></StgValue>
</bind>
</comp>

<comp id="20" class="1001" name="const_20">
<pin_list>
<pin id="21" dir="1" index="0" bw="1" slack="2147483647"/>
</pin_list>
<bind>
<StgValue><ssdm name="_ssdm_op_SpecBitsMap"/></StgValue>
</bind>
</comp>

<comp id="22" class="1001" name="const_22">
<pin_list>
<pin id="23" dir="1" index="0" bw="1" slack="2147483647"/>
</pin_list>
<bind>
<StgValue><ssdm name="_ssdm_op_SpecInterface"/></StgValue>
</bind>
</comp>

<comp id="24" class="1001" name="const_24">
<pin_list>
<pin id="25" dir="1" index="0" bw="1" slack="2147483647"/>
</pin_list>
<bind>
<StgValue><ssdm name="empty"/></StgValue>
</bind>
</comp>

<comp id="26" class="1001" name="const_26">
<pin_list>
<pin id="27" dir="1" index="0" bw="1" slack="2147483647"/>
</pin_list>
<bind>
<StgValue><ssdm name=""/></StgValue>
</bind>
</comp>

<comp id="28" class="1001" name="const_28">
<pin_list>
<pin id="29" dir="1" index="0" bw="1" slack="2147483647"/>
</pin_list>
<bind>
<StgValue><ssdm name="empty_0"/></StgValue>
</bind>
</comp>

<comp id="30" class="1001" name="const_30">
<pin_list>
<pin id="31" dir="1" index="0" bw="1" slack="0"/>
</pin_list>
<bind>
<StgValue><ssdm name=""/></StgValue>
</bind>
</comp>

<comp id="32" class="1001" name="const_32">
<pin_list>
<pin id="33" dir="1" index="0" bw="1" slack="0"/>
</pin_list>
<bind>
<StgValue><ssdm name="_ssdm_op_Write.ap_auto.i32P0A"/></StgValue>
</bind>
</comp>

<comp id="34" class="1004" name="sum_loc_fu_34">
<pin_list>
<pin id="35" dir="0" index="0" bw="1" slack="0"/>
<pin id="36" dir="1" index="1" bw="32" slack="0"/>
</pin_list>
<bind>
<opcode="alloca(26) " fcode="alloca"/>
<opset="sum_loc/1 "/>
</bind>
</comp>

<comp id="38" class="1004" name="x_read_read_fu_38">
<pin_list>
<pin id="39" dir="0" index="0" bw="32" slack="0"/>
<pin id="40" dir="0" index="1" bw="32" slack="0"/>
<pin id="41" dir="1" index="2" bw="32" slack="0"/>
</pin_list>
<bind>
<opcode="read(1150) " fcode="read"/>
<opset="x_read/1 "/>
</bind>
</comp>

<comp id="44" class="1004" name="write_ln28_write_fu_44">
<pin_list>
<pin id="45" dir="0" index="0" bw="0" slack="0"/>
<pin id="46" dir="0" index="1" bw="32" slack="0"/>
<pin id="47" dir="0" index="2" bw="32" slack="0"/>
<pin id="48" dir="1" index="3" bw="0" slack="2147483647"/>
</pin_list>
<bind>
<opcode="write(1151) " fcode="write"/>
<opset="write_ln28/3 "/>
</bind>
</comp>

<comp id="51" class="1004" name="store_ln25_access_fu_51">
<pin_list>
<pin id="52" dir="0" index="0" bw="32" slack="0"/>
<pin id="53" dir="0" index="1" bw="32" slack="2"/>
<pin id="54" dir="0" index="2" bw="0" slack="2147483647"/>
<pin id="55" dir="1" index="3" bw="32" slack="2147483647"/>
</pin_list>
<bind>
<opcode="store(28) " fcode="store"/>
<opset="store_ln25/3 "/>
</bind>
</comp>

<comp id="57" class="1004" name="grp_fir_Pipeline_VITIS_LOOP_21_1_fu_57">
<pin_list>
<pin id="58" dir="0" index="0" bw="0" slack="0"/>
<pin id="59" dir="0" index="1" bw="32" slack="0"/>
<pin id="60" dir="0" index="2" bw="32" slack="0"/>
<pin id="61" dir="0" index="3" bw="32" slack="0"/>
<pin id="62" dir="1" index="4" bw="0" slack="2147483647"/>
</pin_list>
<bind>
<opcode="call(48) " fcode="call"/>
<opset="call_ln0/1 "/>
</bind>
</comp>

<comp id="66" class="1004" name="grp_fu_66">
<pin_list>
<pin id="67" dir="0" index="0" bw="32" slack="0"/>
<pin id="68" dir="0" index="1" bw="7" slack="0"/>
<pin id="69" dir="1" index="2" bw="32" slack="1"/>
</pin_list>
<bind>
<opcode="mul(12) " fcode="mul"/>
<opset="mul_ln26/1 "/>
</bind>
</comp>

<comp id="72" class="1004" name="sum_loc_load_load_fu_72">
<pin_list>
<pin id="73" dir="0" index="0" bw="32" slack="2"/>
<pin id="74" dir="1" index="1" bw="32" slack="0"/>
</pin_list>
<bind>
<opcode="load(27) " fcode="load"/>
<opset="sum_loc_load/3 "/>
</bind>
</comp>

<comp id="75" class="1004" name="sum_fu_75">
<pin_list>
<pin id="76" dir="0" index="0" bw="32" slack="0"/>
<pin id="77" dir="0" index="1" bw="32" slack="1"/>
<pin id="78" dir="1" index="2" bw="32" slack="0"/>
</pin_list>
<bind>
<opcode="add(8) " fcode="add"/>
<opset="sum/3 "/>
</bind>
</comp>

<comp id="81" class="1005" name="x_read_reg_81">
<pin_list>
<pin id="82" dir="0" index="0" bw="32" slack="1"/>
<pin id="83" dir="1" index="1" bw="32" slack="1"/>
</pin_list>
<bind>
<opset="x_read "/>
</bind>
</comp>

<comp id="87" class="1005" name="sum_loc_reg_87">
<pin_list>
<pin id="88" dir="0" index="0" bw="32" slack="0"/>
<pin id="89" dir="1" index="1" bw="32" slack="0"/>
</pin_list>
<bind>
<opset="sum_loc "/>
</bind>
</comp>

<comp id="93" class="1005" name="mul_ln26_reg_93">
<pin_list>
<pin id="94" dir="0" index="0" bw="32" slack="1"/>
<pin id="95" dir="1" index="1" bw="32" slack="1"/>
</pin_list>
<bind>
<opset="mul_ln26 "/>
</bind>
</comp>

</comp_list>

<net_list>
<net id="37"><net_src comp="10" pin="0"/><net_sink comp="34" pin=0"/></net>

<net id="42"><net_src comp="8" pin="0"/><net_sink comp="38" pin=0"/></net>

<net id="43"><net_src comp="2" pin="0"/><net_sink comp="38" pin=1"/></net>

<net id="49"><net_src comp="32" pin="0"/><net_sink comp="44" pin=0"/></net>

<net id="50"><net_src comp="0" pin="0"/><net_sink comp="44" pin=1"/></net>

<net id="56"><net_src comp="30" pin="0"/><net_sink comp="51" pin=0"/></net>

<net id="63"><net_src comp="12" pin="0"/><net_sink comp="57" pin=0"/></net>

<net id="64"><net_src comp="4" pin="0"/><net_sink comp="57" pin=2"/></net>

<net id="65"><net_src comp="6" pin="0"/><net_sink comp="57" pin=3"/></net>

<net id="70"><net_src comp="38" pin="2"/><net_sink comp="66" pin=0"/></net>

<net id="71"><net_src comp="14" pin="0"/><net_sink comp="66" pin=1"/></net>

<net id="79"><net_src comp="72" pin="1"/><net_sink comp="75" pin=0"/></net>

<net id="80"><net_src comp="75" pin="2"/><net_sink comp="44" pin=2"/></net>

<net id="84"><net_src comp="38" pin="2"/><net_sink comp="81" pin=0"/></net>

<net id="85"><net_src comp="81" pin="1"/><net_sink comp="66" pin=0"/></net>

<net id="86"><net_src comp="81" pin="1"/><net_sink comp="51" pin=1"/></net>

<net id="90"><net_src comp="34" pin="1"/><net_sink comp="87" pin=0"/></net>

<net id="91"><net_src comp="87" pin="1"/><net_sink comp="57" pin=1"/></net>

<net id="92"><net_src comp="87" pin="1"/><net_sink comp="72" pin=0"/></net>

<net id="96"><net_src comp="66" pin="2"/><net_sink comp="93" pin=0"/></net>

<net id="97"><net_src comp="93" pin="1"/><net_sink comp="75" pin=1"/></net>

</net_list>

</model> 
---------------- Datapath Model END ------------------

* FSMD analyzer results:
  - Output states:
	Port: y | {3 }
	Port: shift_reg | {1 2 3 }
 - Input state : 
	Port: fir : x | {1 }
	Port: fir : shift_reg | {1 2 }
	Port: fir : fir_int_int_c | {1 2 }
  - Chain level:
	State 1
		call_ln0 : 1
	State 2
	State 3
		sum : 1
		write_ln28 : 2


============================================================
+ Verbose Summary: Datapath Resource usage 
============================================================

* Functional unit list:
|----------|----------------------------------------|---------|---------|---------|---------|
| Operation|             Functional Unit            |   DSP   |  Delay  |    FF   |   LUT   |
|----------|----------------------------------------|---------|---------|---------|---------|
|   call   | grp_fir_Pipeline_VITIS_LOOP_21_1_fu_57 |    2    |  3.176  |   370   |   129   |
|----------|----------------------------------------|---------|---------|---------|---------|
|    mul   |                grp_fu_66               |    1    |    0    |   165   |    50   |
|----------|----------------------------------------|---------|---------|---------|---------|
|    add   |                sum_fu_75               |    0    |    0    |    0    |    39   |
|----------|----------------------------------------|---------|---------|---------|---------|
|   read   |            x_read_read_fu_38           |    0    |    0    |    0    |    0    |
|----------|----------------------------------------|---------|---------|---------|---------|
|   write  |         write_ln28_write_fu_44         |    0    |    0    |    0    |    0    |
|----------|----------------------------------------|---------|---------|---------|---------|
|   Total  |                                        |    3    |  3.176  |   535   |   218   |
|----------|----------------------------------------|---------|---------|---------|---------|

Memories:
+-------------+--------+--------+--------+--------+
|             |  BRAM  |   FF   |   LUT  |  URAM  |
+-------------+--------+--------+--------+--------+
|fir_int_int_c|    0   |   32   |    6   |    -   |
|  shift_reg  |    0   |   64   |    6   |    0   |
+-------------+--------+--------+--------+--------+
|    Total    |    0   |   96   |   12   |    0   |
+-------------+--------+--------+--------+--------+

* Register list:
+---------------+--------+
|               |   FF   |
+---------------+--------+
|mul_ln26_reg_93|   32   |
| sum_loc_reg_87|   32   |
| x_read_reg_81 |   32   |
+---------------+--------+
|     Total     |   96   |
+---------------+--------+

* Multiplexer (MUX) list: 
|-----------|------|------|------|--------||---------||---------|
|    Comp   |  Pin | Size |  BW  | S x BW ||  Delay  ||   LUT   |
|-----------|------|------|------|--------||---------||---------|
| grp_fu_66 |  p0  |   2  |  32  |   64   ||    9    |
|-----------|------|------|------|--------||---------||---------|
|   Total   |      |      |      |   64   ||  1.588  ||    9    |
|-----------|------|------|------|--------||---------||---------|



* Summary:
+-----------+--------+--------+--------+--------+--------+--------+
|           |  BRAM  |   DSP  |  Delay |   FF   |   LUT  |  URAM  |
+-----------+--------+--------+--------+--------+--------+--------+
|  Function |    -   |    3   |    3   |   535  |   218  |    -   |
|   Memory  |    0   |    -   |    -   |   96   |   12   |    0   |
|Multiplexer|    -   |    -   |    1   |    -   |    9   |    -   |
|  Register |    -   |    -   |    -   |   96   |    -   |    -   |
+-----------+--------+--------+--------+--------+--------+--------+
|   Total   |    0   |    3   |    4   |   727  |   239  |    0   |
+-----------+--------+--------+--------+--------+--------+--------+
