INFO: [SIM 2] *************** CSIM start ***************
INFO: [SIM 4] CSIM will launch GCC as the compiler.
   Compiling ../../../../cordiccart2pol_test.cpp in debug mode
   Compiling ../../../../cordiccart2pol.cpp in debug mode
   Generating csim.exe
---Testing results----------------------------------
Test: x=0.8147, y=0.1269, golden theta=0.1545, golden r=0.8245, your theta=0.1545, your r=0.8245
Test: x=0.6323, y=-0.2785, golden theta=-0.4149, golden r=0.6909, your theta=-0.4149, your r=0.6909
Test: x=-0.5469, y=-0.9575, golden theta=4.1934, golden r=1.1027, your theta=4.1934, your r=1.1026
Test: x=-0.4854, y=0.7003, golden theta=2.1769, golden r=0.8521, your theta=2.1769, your r=0.8520
Test: x=1.0000, y=0.0000, golden theta=0.0000, golden r=1.0000, your theta=0.0000, your r=0.9999
Test: x=-1.0000, y=1.0000, golden theta=2.3562, golden r=1.4142, your theta=2.3562, your r=1.4141
Test: x=-3.0000, y=-3.0000, golden theta=3.9270, golden r=4.2426, your theta=3.9270, your r=4.2423
Test: x=0.0000, y=-1.0000, golden theta=-1.5708, golden r=1.0000, your theta=-1.5708, your r=0.9999
---RMS error----------------------------------
----------------------------------------------
   RMSE(R)           RMSE(Theta)
0.000154387103976 0.000000948325351
----------------------------------------------
INFO: [SIM 1] CSim done with 0 errors.
INFO: [SIM 3] *************** CSIM finish ***************
